{"obj": {"type": "AssignString", "path": ["sys", "name"], "value": "Untitled"}, "version": 1}
{"obj": {"type": "AssignString", "path": ["sys", "description"], "value": ""}, "version": 2}
{"obj": {"type": "AssignString", "path": ["sys", "hostname"], "value": "CosmoRemits-MacBook-Pro.local"}, "version": 3}
{"obj": {"type": "AddStrings", "path": ["sys", "tags"], "values": ["Credit Card Anomaly"]}, "version": 4}
{"obj": {"type": "AssignBool", "path": ["sys", "failed"], "value": false}, "version": 5}
{"obj": {"type": "ClearStringLog", "path": ["monitoring", "stdout"]}, "version": 6}
{"obj": {"type": "ClearStringLog", "path": ["monitoring", "stderr"]}, "version": 7}
{"obj": {"type": "AssignString", "path": ["source_code", "entrypoint"], "value": "/Users/cosmoremit/Documents/AcNice/credit-card-fraud-detection/src/train.py"}, "version": 8}
{"obj": {"type": "UploadFileSet", "path": ["source_code", "files"], "file_globs": ["/Users/cosmoremit/Documents/AcNice/credit-card-fraud-detection/model.py, featurize.py, train.py"], "reset": "False"}, "version": 9}
{"obj": {"type": "LogStrings", "path": ["monitoring", "traceback"], "values": [{"value": "An uncaught exception occurred while run was active on worker CosmoRemits-MacBook-Pro.local.", "step": null, "ts": 1668958146.125487}, {"value": "Marking run as failed", "step": null, "ts": 1668958146.125487}, {"value": "Traceback:", "step": null, "ts": 1668958146.125487}, {"value": "  File \"/Users/cosmoremit/Documents/AcNice/credit-card-fraud-detection/src/train.py\", line 40, in <module>\n    neptune_model = neptune.init_model(\n", "step": null, "ts": 1668958146.125487}, {"value": "  File \"/Users/cosmoremit/envs/ccfd/lib/python3.10/site-packages/neptune/new/internal/utils/deprecation.py\", line 61, in inner\n    return f(*args, **kwargs)\n", "step": null, "ts": 1668958146.125487}, {"value": "  File \"/Users/cosmoremit/envs/ccfd/lib/python3.10/site-packages/neptune/new/internal/init/model.py\", line 98, in init_model\n    raise NeptuneModelKeyAlreadyExistsError(\n", "step": null, "ts": 1668958146.125487}, {"value": "", "step": null, "ts": 1668958146.125487}, {"value": "\u001b[95m", "step": null, "ts": 1668958146.125487}, {"value": "----NeptuneModelKeyAlreadyExistsError---------------------------------------------------", "step": null, "ts": 1668958146.125487}, {"value": "\u001b[0m", "step": null, "ts": 1668958146.125487}]}, "version": 10}
{"obj": {"type": "LogStrings", "path": ["monitoring", "traceback"], "values": [{"value": "A model with the provided key (RFMODEL4) already exists in this project. A model key has to be unique", "step": null, "ts": 1668958146.125487}, {"value": "within the project.", "step": null, "ts": 1668958146.125487}, {"value": "", "step": null, "ts": 1668958146.125487}, {"value": "You can check all of your models in the project on the Models page:", "step": null, "ts": 1668958146.125487}, {"value": "https://app.neptune.ai/anochima/ccfd/models", "step": null, "ts": 1668958146.125487}, {"value": "", "step": null, "ts": 1668958146.125487}, {"value": "\u001b[92mNeed help?\u001b[0m-> https://docs.neptune.ai/getting_help", "step": null, "ts": 1668958146.125487}, {"value": "", "step": null, "ts": 1668958146.125487}]}, "version": 11}
{"obj": {"type": "AssignBool", "path": ["sys", "failed"], "value": true}, "version": 12}
{"obj": {"type": "LogStrings", "path": ["monitoring", "stderr"], "values": [{"value": "Traceback (most recent call last):\n", "step": null, "ts": 1668958146.125948}]}, "version": 13}
{"obj": {"type": "LogStrings", "path": ["monitoring", "stderr"], "values": [{"value": "  File \"/Users/cosmoremit/envs/ccfd/lib/python3.10/site-packages/neptune/new/internal/backends/hosted_neptune_backend.py\", line 400, in _create_experiment\n", "step": null, "ts": 1668958146.12606}]}, "version": 14}
{"obj": {"type": "LogStrings", "path": ["monitoring", "stderr"], "values": [{"value": "    ", "step": null, "ts": 1668958146.127438}]}, "version": 15}
{"obj": {"type": "LogStrings", "path": ["monitoring", "stderr"], "values": [{"value": "experiment = self.leaderboard_client.api.createExperiment(**kwargs).response().result", "step": null, "ts": 1668958146.127572}]}, "version": 16}
{"obj": {"type": "LogStrings", "path": ["monitoring", "stderr"], "values": [{"value": "\n", "step": null, "ts": 1668958146.127681}]}, "version": 17}
{"obj": {"type": "LogStrings", "path": ["monitoring", "stderr"], "values": [{"value": "  File \"/Users/cosmoremit/envs/ccfd/lib/python3.10/site-packages/neptune/new/internal/backends/swagger_client_wrapper.py\", line 89, in __call__\n", "step": null, "ts": 1668958146.127784}]}, "version": 18}
{"obj": {"type": "LogStrings", "path": ["monitoring", "stderr"], "values": [{"value": "    ", "step": null, "ts": 1668958146.128661}]}, "version": 19}
{"obj": {"type": "LogStrings", "path": ["monitoring", "stderr"], "values": [{"value": "self.handle_neptune_http_errors(e.response, exception=e)", "step": null, "ts": 1668958146.1287758}]}, "version": 20}
{"obj": {"type": "LogStrings", "path": ["monitoring", "stderr"], "values": [{"value": "\n", "step": null, "ts": 1668958146.128928}]}, "version": 21}
{"obj": {"type": "LogStrings", "path": ["monitoring", "stderr"], "values": [{"value": "  File \"/Users/cosmoremit/envs/ccfd/lib/python3.10/site-packages/neptune/new/internal/backends/swagger_client_wrapper.py\", line 82, in handle_neptune_http_errors\n", "step": null, "ts": 1668958146.129032}]}, "version": 22}
{"obj": {"type": "LogStrings", "path": ["monitoring", "stderr"], "values": [{"value": "    ", "step": null, "ts": 1668958146.129472}]}, "version": 23}
{"obj": {"type": "LogStrings", "path": ["monitoring", "stderr"], "values": [{"value": "raise exception", "step": null, "ts": 1668958146.12979}]}, "version": 24}
{"obj": {"type": "LogStrings", "path": ["monitoring", "stderr"], "values": [{"value": "\n", "step": null, "ts": 1668958146.1298912}]}, "version": 25}
{"obj": {"type": "LogStrings", "path": ["monitoring", "stderr"], "values": [{"value": "  File \"/Users/cosmoremit/envs/ccfd/lib/python3.10/site-packages/neptune/new/internal/backends/swagger_client_wrapper.py\", line 87, in __call__\n", "step": null, "ts": 1668958146.1300962}]}, "version": 26}
{"obj": {"type": "LogStrings", "path": ["monitoring", "stderr"], "values": [{"value": "    ", "step": null, "ts": 1668958146.130857}]}, "version": 27}
{"obj": {"type": "LogStrings", "path": ["monitoring", "stderr"], "values": [{"value": "return FinishedApiResponseFuture(future.response())  # wait synchronously", "step": null, "ts": 1668958146.130962}]}, "version": 28}
{"obj": {"type": "LogStrings", "path": ["monitoring", "stderr"], "values": [{"value": "\n", "step": null, "ts": 1668958146.1310542}]}, "version": 29}
{"obj": {"type": "LogStrings", "path": ["monitoring", "stderr"], "values": [{"value": "  File \"/Users/cosmoremit/envs/ccfd/lib/python3.10/site-packages/bravado/http_future.py\", line 200, in response\n", "step": null, "ts": 1668958146.131147}]}, "version": 30}
{"obj": {"type": "LogStrings", "path": ["monitoring", "stderr"], "values": [{"value": "    ", "step": null, "ts": 1668958146.131996}]}, "version": 31}
{"obj": {"type": "LogStrings", "path": ["monitoring", "stderr"], "values": [{"value": "swagger_result = self._get_swagger_result(incoming_response)", "step": null, "ts": 1668958146.13211}]}, "version": 32}
{"obj": {"type": "LogStrings", "path": ["monitoring", "stderr"], "values": [{"value": "\n", "step": null, "ts": 1668958146.13221}]}, "version": 33}
{"obj": {"type": "LogStrings", "path": ["monitoring", "stderr"], "values": [{"value": "  File \"/Users/cosmoremit/envs/ccfd/lib/python3.10/site-packages/bravado/http_future.py\", line 124, in wrapper\n", "step": null, "ts": 1668958146.132304}]}, "version": 34}
{"obj": {"type": "LogStrings", "path": ["monitoring", "stderr"], "values": [{"value": "    ", "step": null, "ts": 1668958146.1330402}]}, "version": 35}
{"obj": {"type": "LogStrings", "path": ["monitoring", "stderr"], "values": [{"value": "return func(self, *args, **kwargs)", "step": null, "ts": 1668958146.133152}]}, "version": 36}
{"obj": {"type": "LogStrings", "path": ["monitoring", "stderr"], "values": [{"value": "\n", "step": null, "ts": 1668958146.1332428}]}, "version": 37}
{"obj": {"type": "LogStrings", "path": ["monitoring", "stderr"], "values": [{"value": "  File \"/Users/cosmoremit/envs/ccfd/lib/python3.10/site-packages/bravado/http_future.py\", line 300, in _get_swagger_result\n", "step": null, "ts": 1668958146.133333}]}, "version": 38}
{"obj": {"type": "LogStrings", "path": ["monitoring", "stderr"], "values": [{"value": "    ", "step": null, "ts": 1668958146.133781}]}, "version": 39}
{"obj": {"type": "LogStrings", "path": ["monitoring", "stderr"], "values": [{"value": "unmarshal_response(", "step": null, "ts": 1668958146.133876}]}, "version": 40}
{"obj": {"type": "LogStrings", "path": ["monitoring", "stderr"], "values": [{"value": "\n", "step": null, "ts": 1668958146.13396}]}, "version": 41}
{"obj": {"type": "LogStrings", "path": ["monitoring", "stderr"], "values": [{"value": "  File \"/Users/cosmoremit/envs/ccfd/lib/python3.10/site-packages/bravado/http_future.py\", line 353, in unmarshal_response\n", "step": null, "ts": 1668958146.134042}]}, "version": 42}
{"obj": {"type": "LogStrings", "path": ["monitoring", "stderr"], "values": [{"value": "    ", "step": null, "ts": 1668958146.134316}]}, "version": 43}
{"obj": {"type": "LogStrings", "path": ["monitoring", "stderr"], "values": [{"value": "raise_on_expected(incoming_response)", "step": null, "ts": 1668958146.1344051}]}, "version": 44}
{"obj": {"type": "LogStrings", "path": ["monitoring", "stderr"], "values": [{"value": "\n", "step": null, "ts": 1668958146.134488}]}, "version": 45}
{"obj": {"type": "LogStrings", "path": ["monitoring", "stderr"], "values": [{"value": "  File \"/Users/cosmoremit/envs/ccfd/lib/python3.10/site-packages/bravado/http_future.py\", line 420, in raise_on_expected\n", "step": null, "ts": 1668958146.135051}]}, "version": 46}
{"obj": {"type": "LogStrings", "path": ["monitoring", "stderr"], "values": [{"value": "    ", "step": null, "ts": 1668958146.135833}]}, "version": 47}
{"obj": {"type": "LogStrings", "path": ["monitoring", "stderr"], "values": [{"value": "raise make_http_exception(", "step": null, "ts": 1668958146.1359448}]}, "version": 48}
{"obj": {"type": "LogStrings", "path": ["monitoring", "stderr"], "values": [{"value": "\n", "step": null, "ts": 1668958146.136035}]}, "version": 49}
{"obj": {"type": "LogStrings", "path": ["monitoring", "stderr"], "values": [{"value": "bravado.exception", "step": null, "ts": 1668958146.136161}]}, "version": 50}
{"obj": {"type": "LogStrings", "path": ["monitoring", "stderr"], "values": [{"value": ".", "step": null, "ts": 1668958146.136238}]}, "version": 51}
{"obj": {"type": "LogStrings", "path": ["monitoring", "stderr"], "values": [{"value": "HTTPConflict", "step": null, "ts": 1668958146.1365461}]}, "version": 52}
{"obj": {"type": "LogStrings", "path": ["monitoring", "stderr"], "values": [{"value": ": ", "step": null, "ts": 1668958146.136655}]}, "version": 53}
{"obj": {"type": "LogStrings", "path": ["monitoring", "stderr"], "values": [{"value": "409 ", "step": null, "ts": 1668958146.136735}]}, "version": 54}
{"obj": {"type": "LogStrings", "path": ["monitoring", "stderr"], "values": [{"value": "\n", "step": null, "ts": 1668958146.13682}]}, "version": 55}
{"obj": {"type": "LogStrings", "path": ["monitoring", "stderr"], "values": [{"value": "\nThe above exception was the direct cause of the following exception:\n\n", "step": null, "ts": 1668958146.1369019}]}, "version": 56}
{"obj": {"type": "LogStrings", "path": ["monitoring", "stderr"], "values": [{"value": "Traceback (most recent call last):\n", "step": null, "ts": 1668958146.136982}]}, "version": 57}
{"obj": {"type": "LogStrings", "path": ["monitoring", "stderr"], "values": [{"value": "  File \"/Users/cosmoremit/envs/ccfd/lib/python3.10/site-packages/neptune/new/internal/init/model.py\", line 95, in init_model\n", "step": null, "ts": 1668958146.1372778}]}, "version": 58}
{"obj": {"type": "LogStrings", "path": ["monitoring", "stderr"], "values": [{"value": "    ", "step": null, "ts": 1668958146.1381361}]}, "version": 59}
{"obj": {"type": "LogStrings", "path": ["monitoring", "stderr"], "values": [{"value": "api_model = backend.create_model(project_id=project_obj.id, key=key)", "step": null, "ts": 1668958146.138239}]}, "version": 60}
{"obj": {"type": "LogStrings", "path": ["monitoring", "stderr"], "values": [{"value": "\n", "step": null, "ts": 1668958146.138329}]}, "version": 61}
{"obj": {"type": "LogStrings", "path": ["monitoring", "stderr"], "values": [{"value": "  File \"/Users/cosmoremit/envs/ccfd/lib/python3.10/site-packages/neptune/new/internal/backends/utils.py\", line 111, in wrapper\n", "step": null, "ts": 1668958146.138416}]}, "version": 62}
{"obj": {"type": "LogStrings", "path": ["monitoring", "stderr"], "values": [{"value": "    ", "step": null, "ts": 1668958146.139209}]}, "version": 63}
{"obj": {"type": "LogStrings", "path": ["monitoring", "stderr"], "values": [{"value": "return func(*args, **kwargs)", "step": null, "ts": 1668958146.139318}]}, "version": 64}
{"obj": {"type": "LogStrings", "path": ["monitoring", "stderr"], "values": [{"value": "\n", "step": null, "ts": 1668958146.13941}]}, "version": 65}
{"obj": {"type": "LogStrings", "path": ["monitoring", "stderr"], "values": [{"value": "  File \"/Users/cosmoremit/envs/ccfd/lib/python3.10/site-packages/neptune/new/internal/backends/hosted_neptune_backend.py\", line 360, in create_model\n", "step": null, "ts": 1668958146.139499}]}, "version": 66}
{"obj": {"type": "LogStrings", "path": ["monitoring", "stderr"], "values": [{"value": "    ", "step": null, "ts": 1668958146.140217}]}, "version": 67}
{"obj": {"type": "LogStrings", "path": ["monitoring", "stderr"], "values": [{"value": "return self._create_experiment(", "step": null, "ts": 1668958146.140336}]}, "version": 68}
{"obj": {"type": "LogStrings", "path": ["monitoring", "stderr"], "values": [{"value": "\n", "step": null, "ts": 1668958146.14043}]}, "version": 69}
{"obj": {"type": "LogStrings", "path": ["monitoring", "stderr"], "values": [{"value": "  File \"/Users/cosmoremit/envs/ccfd/lib/python3.10/site-packages/neptune/new/internal/backends/hosted_neptune_backend.py\", line 405, in _create_experiment\n", "step": null, "ts": 1668958146.1405172}]}, "version": 70}
{"obj": {"type": "LogStrings", "path": ["monitoring", "stderr"], "values": [{"value": "    ", "step": null, "ts": 1668958146.1410172}]}, "version": 71}
{"obj": {"type": "LogStrings", "path": ["monitoring", "stderr"], "values": [{"value": "raise NeptuneObjectCreationConflict() from e", "step": null, "ts": 1668958146.1414342}]}, "version": 72}
{"obj": {"type": "LogStrings", "path": ["monitoring", "stderr"], "values": [{"value": "\n", "step": null, "ts": 1668958146.141537}]}, "version": 73}
{"obj": {"type": "LogStrings", "path": ["monitoring", "stderr"], "values": [{"value": "neptune.new.exceptions", "step": null, "ts": 1668958146.1421921}]}, "version": 74}
{"obj": {"type": "LogStrings", "path": ["monitoring", "stderr"], "values": [{"value": ".", "step": null, "ts": 1668958146.142366}]}, "version": 75}
{"obj": {"type": "LogStrings", "path": ["monitoring", "stderr"], "values": [{"value": "NeptuneObjectCreationConflict", "step": null, "ts": 1668958146.142497}]}, "version": 76}
{"obj": {"type": "LogStrings", "path": ["monitoring", "stderr"], "values": [{"value": "", "step": null, "ts": 1668958146.1425788}]}, "version": 77}
{"obj": {"type": "LogStrings", "path": ["monitoring", "stderr"], "values": [{"value": "\n", "step": null, "ts": 1668958146.142663}]}, "version": 78}
{"obj": {"type": "LogStrings", "path": ["monitoring", "stderr"], "values": [{"value": "\nThe above exception was the direct cause of the following exception:\n\n", "step": null, "ts": 1668958146.143418}]}, "version": 79}
{"obj": {"type": "LogStrings", "path": ["monitoring", "stderr"], "values": [{"value": "Traceback (most recent call last):\n", "step": null, "ts": 1668958146.143798}]}, "version": 80}
{"obj": {"type": "LogStrings", "path": ["monitoring", "stderr"], "values": [{"value": "  File \"/Users/cosmoremit/Documents/AcNice/credit-card-fraud-detection/src/train.py\", line 40, in <module>\n", "step": null, "ts": 1668958146.144162}]}, "version": 81}
{"obj": {"type": "LogStrings", "path": ["monitoring", "stderr"], "values": [{"value": "    ", "step": null, "ts": 1668958146.144556}]}, "version": 82}
{"obj": {"type": "LogStrings", "path": ["monitoring", "stderr"], "values": [{"value": "neptune_model = neptune.init_model(", "step": null, "ts": 1668958146.144661}]}, "version": 83}
{"obj": {"type": "LogStrings", "path": ["monitoring", "stderr"], "values": [{"value": "\n", "step": null, "ts": 1668958146.144758}]}, "version": 84}
{"obj": {"type": "LogStrings", "path": ["monitoring", "stderr"], "values": [{"value": "  File \"/Users/cosmoremit/envs/ccfd/lib/python3.10/site-packages/neptune/new/internal/utils/deprecation.py\", line 61, in inner\n", "step": null, "ts": 1668958146.145814}]}, "version": 85}
{"obj": {"type": "LogStrings", "path": ["monitoring", "stderr"], "values": [{"value": "    ", "step": null, "ts": 1668958146.146084}]}, "version": 86}
{"obj": {"type": "LogStrings", "path": ["monitoring", "stderr"], "values": [{"value": "return f(*args, **kwargs)", "step": null, "ts": 1668958146.146265}]}, "version": 87}
{"obj": {"type": "LogStrings", "path": ["monitoring", "stderr"], "values": [{"value": "\n", "step": null, "ts": 1668958146.146374}]}, "version": 88}
{"obj": {"type": "LogStrings", "path": ["monitoring", "stderr"], "values": [{"value": "  File \"/Users/cosmoremit/envs/ccfd/lib/python3.10/site-packages/neptune/new/internal/init/model.py\", line 98, in init_model\n", "step": null, "ts": 1668958146.147995}]}, "version": 89}
{"obj": {"type": "LogStrings", "path": ["monitoring", "stderr"], "values": [{"value": "    ", "step": null, "ts": 1668958146.148324}]}, "version": 90}
{"obj": {"type": "LogStrings", "path": ["monitoring", "stderr"], "values": [{"value": "raise NeptuneModelKeyAlreadyExistsError(", "step": null, "ts": 1668958146.148427}]}, "version": 91}
{"obj": {"type": "LogStrings", "path": ["monitoring", "stderr"], "values": [{"value": "\n", "step": null, "ts": 1668958146.149389}]}, "version": 92}
{"obj": {"type": "LogStrings", "path": ["monitoring", "stderr"], "values": [{"value": "neptune.new.exceptions", "step": null, "ts": 1668958146.149667}]}, "version": 93}
{"obj": {"type": "LogStrings", "path": ["monitoring", "stderr"], "values": [{"value": ".", "step": null, "ts": 1668958146.149771}]}, "version": 94}
{"obj": {"type": "LogStrings", "path": ["monitoring", "stderr"], "values": [{"value": "NeptuneModelKeyAlreadyExistsError", "step": null, "ts": 1668958146.149875}]}, "version": 95}
{"obj": {"type": "LogStrings", "path": ["monitoring", "stderr"], "values": [{"value": ": ", "step": null, "ts": 1668958146.150007}]}, "version": 96}
{"obj": {"type": "LogStrings", "path": ["monitoring", "stderr"], "values": [{"value": "\n\u001b[95m\n----NeptuneModelKeyAlreadyExistsError---------------------------------------------------\n\u001b[0m\nA model with the provided key (RFMODEL4) already exists in this project. A model key has to be unique\nwithin the project.\n\nYou can check all of your models in the project on the Models page:\nhttps://app.neptune.ai/anochima/ccfd/models\n\n\u001b[92mNeed help?\u001b[0m-> https://docs.neptune.ai/getting_help\n", "step": null, "ts": 1668958146.150164}]}, "version": 97}
{"obj": {"type": "LogStrings", "path": ["monitoring", "stderr"], "values": [{"value": "\n", "step": null, "ts": 1668958146.15032}]}, "version": 98}
{"obj": {"type": "LogStrings", "path": ["monitoring", "stdout"], "values": [{"value": "Shutting down background jobs, please wait a moment...\n", "step": null, "ts": 1668958146.151135}]}, "version": 99}
