{"obj": {"type": "AssignString", "path": ["sys", "name"], "value": "Untitled"}, "version": 1}
{"obj": {"type": "AssignString", "path": ["sys", "description"], "value": ""}, "version": 2}
{"obj": {"type": "AssignString", "path": ["sys", "hostname"], "value": "CosmoRemits-MacBook-Pro.local"}, "version": 3}
{"obj": {"type": "AddStrings", "path": ["sys", "tags"], "values": ["CCFD (Scaled)"]}, "version": 4}
{"obj": {"type": "AssignBool", "path": ["sys", "failed"], "value": false}, "version": 5}
{"obj": {"type": "ClearStringLog", "path": ["monitoring", "stdout"]}, "version": 6}
{"obj": {"type": "ClearStringLog", "path": ["monitoring", "stderr"]}, "version": 7}
{"obj": {"type": "AssignString", "path": ["source_code", "entrypoint"], "value": "/Users/cosmoremit/Documents/AcNice/credit-card-fraud-detection/src/train.py"}, "version": 8}
{"obj": {"type": "UploadFileSet", "path": ["source_code", "files"], "file_globs": ["/Users/cosmoremit/Documents/AcNice/credit-card-fraud-detection/model.py, featurize.py, train.py"], "reset": "False"}, "version": 9}
{"obj": {"type": "LogStrings", "path": ["monitoring", "traceback"], "values": [{"value": "An uncaught exception occurred while run was active on worker CosmoRemits-MacBook-Pro.local.", "step": null, "ts": 1668975616.9369001}, {"value": "Marking run as failed", "step": null, "ts": 1668975616.9369001}, {"value": "Traceback:", "step": null, "ts": 1668975616.9369001}, {"value": "  File \"/Users/cosmoremit/Documents/AcNice/credit-card-fraud-detection/src/train.py\", line 40, in <module>\n    model = neptune.init_model(\n", "step": null, "ts": 1668975616.9369001}, {"value": "  File \"/Users/cosmoremit/envs/ccfd/lib/python3.10/site-packages/neptune/new/internal/utils/deprecation.py\", line 61, in inner\n    return f(*args, **kwargs)\n", "step": null, "ts": 1668975616.9369001}, {"value": "  File \"/Users/cosmoremit/envs/ccfd/lib/python3.10/site-packages/neptune/new/internal/init/model.py\", line 76, in init_model\n    backend = get_backend(mode=mode, api_token=api_token, proxies=proxies)\n", "step": null, "ts": 1668975616.9369001}, {"value": "  File \"/Users/cosmoremit/envs/ccfd/lib/python3.10/site-packages/neptune/new/internal/backends/factory.py\", line 30, in get_backend\n    return HostedNeptuneBackend(credentials=Credentials.from_token(api_token=api_token), proxies=proxies)\n", "step": null, "ts": 1668975616.9369001}, {"value": "  File \"/Users/cosmoremit/envs/ccfd/lib/python3.10/site-packages/neptune/new/internal/credentials.py\", line 50, in from_token\n    raise NeptuneMissingApiTokenException()\n", "step": null, "ts": 1668975616.9369001}, {"value": "", "step": null, "ts": 1668975616.9369001}, {"value": "\u001b[95m", "step": null, "ts": 1668975616.9369001}]}, "version": 10}
{"obj": {"type": "LogStrings", "path": ["monitoring", "traceback"], "values": [{"value": "----NeptuneMissingApiTokenException-------------------------------------------", "step": null, "ts": 1668975616.9369001}, {"value": "\u001b[0m", "step": null, "ts": 1668975616.9369001}, {"value": "The Neptune client couldn't find your API token.", "step": null, "ts": 1668975616.9369001}, {"value": "", "step": null, "ts": 1668975616.9369001}, {"value": "You can get it here:", "step": null, "ts": 1668975616.9369001}, {"value": "    - https://app.neptune.ai/get_my_api_token", "step": null, "ts": 1668975616.9369001}, {"value": "", "step": null, "ts": 1668975616.9369001}, {"value": "There are two options to add it:", "step": null, "ts": 1668975616.9369001}, {"value": "    - specify it in your code", "step": null, "ts": 1668975616.9369001}, {"value": "    - set an environment variable in your operating system.", "step": null, "ts": 1668975616.9369001}]}, "version": 11}
{"obj": {"type": "LogStrings", "path": ["monitoring", "traceback"], "values": [{"value": "", "step": null, "ts": 1668975616.9369001}, {"value": "\u001b[94mCODE\u001b[0m", "step": null, "ts": 1668975616.9369001}, {"value": "Pass the token to the \u001b[1minit()\u001b[0m method via the \u001b[1mapi_token\u001b[0m argument:", "step": null, "ts": 1668975616.9369001}, {"value": "    \u001b[96mneptune.init_run(project='WORKSPACE_NAME/PROJECT_NAME', api_token='YOUR_API_TOKEN')\u001b[0m", "step": null, "ts": 1668975616.9369001}, {"value": "", "step": null, "ts": 1668975616.9369001}, {"value": "\u001b[94mENVIRONMENT VARIABLE\u001b[0m \u001b[92m(Recommended option)\u001b[0m", "step": null, "ts": 1668975616.9369001}, {"value": "or export or set an environment variable depending on your operating system:", "step": null, "ts": 1668975616.9369001}, {"value": "", "step": null, "ts": 1668975616.9369001}, {"value": "    \u001b[92mLinux/Unix\u001b[0m", "step": null, "ts": 1668975616.9369001}, {"value": "    In your terminal run:", "step": null, "ts": 1668975616.9369001}]}, "version": 12}
{"obj": {"type": "LogStrings", "path": ["monitoring", "traceback"], "values": [{"value": "        \u001b[95mexport NEPTUNE_API_TOKEN=\"YOUR_API_TOKEN\"\u001b[0m", "step": null, "ts": 1668975616.9369001}, {"value": "", "step": null, "ts": 1668975616.9369001}, {"value": "    \u001b[92mWindows\u001b[0m", "step": null, "ts": 1668975616.9369001}, {"value": "    In your CMD run:", "step": null, "ts": 1668975616.9369001}, {"value": "        \u001b[95mset NEPTUNE_API_TOKEN=\"YOUR_API_TOKEN\"\u001b[0m", "step": null, "ts": 1668975616.9369001}, {"value": "", "step": null, "ts": 1668975616.9369001}, {"value": "and skip the \u001b[1mapi_token\u001b[0m argument of the \u001b[1minit()\u001b[0m method:", "step": null, "ts": 1668975616.9369001}, {"value": "    \u001b[96mneptune.init_run(project='WORKSPACE_NAME/PROJECT_NAME')\u001b[0m", "step": null, "ts": 1668975616.9369001}, {"value": "", "step": null, "ts": 1668975616.9369001}, {"value": "You may also want to check the following docs pages:", "step": null, "ts": 1668975616.9369001}]}, "version": 13}
{"obj": {"type": "LogStrings", "path": ["monitoring", "traceback"], "values": [{"value": "    - https://docs.neptune.ai/setup/setting_api_token/", "step": null, "ts": 1668975616.9369001}, {"value": "", "step": null, "ts": 1668975616.9369001}, {"value": "\u001b[92mNeed help?\u001b[0m-> https://docs.neptune.ai/getting_help", "step": null, "ts": 1668975616.9369001}, {"value": "", "step": null, "ts": 1668975616.9369001}]}, "version": 14}
{"obj": {"type": "AssignBool", "path": ["sys", "failed"], "value": true}, "version": 15}
{"obj": {"type": "LogStrings", "path": ["monitoring", "stderr"], "values": [{"value": "Traceback (most recent call last):\n", "step": null, "ts": 1668975616.9387789}]}, "version": 16}
{"obj": {"type": "LogStrings", "path": ["monitoring", "stderr"], "values": [{"value": "  File \"/Users/cosmoremit/Documents/AcNice/credit-card-fraud-detection/src/train.py\", line 40, in <module>\n", "step": null, "ts": 1668975616.938878}]}, "version": 17}
{"obj": {"type": "LogStrings", "path": ["monitoring", "stderr"], "values": [{"value": "    ", "step": null, "ts": 1668975616.939096}]}, "version": 18}
{"obj": {"type": "LogStrings", "path": ["monitoring", "stderr"], "values": [{"value": "model = neptune.init_model(", "step": null, "ts": 1668975616.939182}]}, "version": 19}
{"obj": {"type": "LogStrings", "path": ["monitoring", "stderr"], "values": [{"value": "\n", "step": null, "ts": 1668975616.939436}]}, "version": 20}
{"obj": {"type": "LogStrings", "path": ["monitoring", "stderr"], "values": [{"value": "  File \"/Users/cosmoremit/envs/ccfd/lib/python3.10/site-packages/neptune/new/internal/utils/deprecation.py\", line 61, in inner\n", "step": null, "ts": 1668975616.9395761}]}, "version": 21}
{"obj": {"type": "LogStrings", "path": ["monitoring", "stderr"], "values": [{"value": "    ", "step": null, "ts": 1668975616.9398541}]}, "version": 22}
{"obj": {"type": "LogStrings", "path": ["monitoring", "stderr"], "values": [{"value": "return f(*args, **kwargs)", "step": null, "ts": 1668975616.939945}]}, "version": 23}
{"obj": {"type": "LogStrings", "path": ["monitoring", "stderr"], "values": [{"value": "\n", "step": null, "ts": 1668975616.940073}]}, "version": 24}
{"obj": {"type": "LogStrings", "path": ["monitoring", "stderr"], "values": [{"value": "  File \"/Users/cosmoremit/envs/ccfd/lib/python3.10/site-packages/neptune/new/internal/init/model.py\", line 76, in init_model\n", "step": null, "ts": 1668975616.94017}]}, "version": 25}
{"obj": {"type": "LogStrings", "path": ["monitoring", "stderr"], "values": [{"value": "    ", "step": null, "ts": 1668975616.940368}]}, "version": 26}
{"obj": {"type": "LogStrings", "path": ["monitoring", "stderr"], "values": [{"value": "backend = get_backend(mode=mode, api_token=api_token, proxies=proxies)", "step": null, "ts": 1668975616.940453}]}, "version": 27}
{"obj": {"type": "LogStrings", "path": ["monitoring", "stderr"], "values": [{"value": "\n", "step": null, "ts": 1668975616.940534}]}, "version": 28}
{"obj": {"type": "LogStrings", "path": ["monitoring", "stderr"], "values": [{"value": "  File \"/Users/cosmoremit/envs/ccfd/lib/python3.10/site-packages/neptune/new/internal/backends/factory.py\", line 30, in get_backend\n", "step": null, "ts": 1668975616.940614}]}, "version": 29}
{"obj": {"type": "LogStrings", "path": ["monitoring", "stderr"], "values": [{"value": "    ", "step": null, "ts": 1668975616.9407942}]}, "version": 30}
{"obj": {"type": "LogStrings", "path": ["monitoring", "stderr"], "values": [{"value": "return HostedNeptuneBackend(credentials=Credentials.from_token(api_token=api_token), proxies=proxies)", "step": null, "ts": 1668975616.94091}]}, "version": 31}
{"obj": {"type": "LogStrings", "path": ["monitoring", "stderr"], "values": [{"value": "\n", "step": null, "ts": 1668975616.940993}]}, "version": 32}
{"obj": {"type": "LogStrings", "path": ["monitoring", "stderr"], "values": [{"value": "  File \"/Users/cosmoremit/envs/ccfd/lib/python3.10/site-packages/neptune/new/internal/credentials.py\", line 50, in from_token\n", "step": null, "ts": 1668975616.9410748}]}, "version": 33}
{"obj": {"type": "LogStrings", "path": ["monitoring", "stderr"], "values": [{"value": "    ", "step": null, "ts": 1668975616.941338}]}, "version": 34}
{"obj": {"type": "LogStrings", "path": ["monitoring", "stderr"], "values": [{"value": "raise NeptuneMissingApiTokenException()", "step": null, "ts": 1668975616.941438}]}, "version": 35}
{"obj": {"type": "LogStrings", "path": ["monitoring", "stderr"], "values": [{"value": "\n", "step": null, "ts": 1668975616.941546}]}, "version": 36}
{"obj": {"type": "LogStrings", "path": ["monitoring", "stderr"], "values": [{"value": "neptune.new.exceptions", "step": null, "ts": 1668975616.941629}]}, "version": 37}
{"obj": {"type": "LogStrings", "path": ["monitoring", "stderr"], "values": [{"value": ".", "step": null, "ts": 1668975616.9417012}]}, "version": 38}
{"obj": {"type": "LogStrings", "path": ["monitoring", "stderr"], "values": [{"value": "NeptuneMissingApiTokenException", "step": null, "ts": 1668975616.941859}]}, "version": 39}
{"obj": {"type": "LogStrings", "path": ["monitoring", "stderr"], "values": [{"value": ": ", "step": null, "ts": 1668975616.9419541}]}, "version": 40}
{"obj": {"type": "LogStrings", "path": ["monitoring", "stdout"], "values": [{"value": "Warning: string series 'monitoring/stderr' value was longer than 1000 characters and was truncated. This warning is printed only once per series.\n", "step": null, "ts": 1668975616.942843}]}, "version": 41}
{"obj": {"type": "LogStrings", "path": ["monitoring", "stderr"], "values": [{"value": "\n\u001b[95m\n----NeptuneMissingApiTokenException-------------------------------------------\n\u001b[0m\nThe Neptune client couldn't find your API token.\n\nYou can get it here:\n    - https://app.neptune.ai/get_my_api_token\n\nThere are two options to add it:\n    - specify it in your code\n    - set an environment variable in your operating system.\n\n\u001b[94mCODE\u001b[0m\nPass the token to the \u001b[1minit()\u001b[0m method via the \u001b[1mapi_token\u001b[0m argument:\n    \u001b[96mneptune.init_run(project='WORKSPACE_NAME/PROJECT_NAME', api_token='YOUR_API_TOKEN')\u001b[0m\n\n\u001b[94mENVIRONMENT VARIABLE\u001b[0m \u001b[92m(Recommended option)\u001b[0m\nor export or set an environment variable depending on your operating system:\n\n    \u001b[92mLinux/Unix\u001b[0m\n    In your terminal run:\n        \u001b[95mexport NEPTUNE_API_TOKEN=\"YOUR_API_TOKEN\"\u001b[0m\n\n    \u001b[92mWindows\u001b[0m\n    In your CMD run:\n        \u001b[95mset NEPTUNE_API_TOKEN=\"YOUR_API_TOKEN\"\u001b[0m\n\nand skip the \u001b[1mapi_token\u001b[0m argument of the \u001b[1minit()\u001b[0m method:\n    \u001b[96mneptune.init_run(project='WORKSPACE_NAME/PROJECT_", "step": null, "ts": 1668975616.942663}]}, "version": 42}
{"obj": {"type": "LogStrings", "path": ["monitoring", "stderr"], "values": [{"value": "\n", "step": null, "ts": 1668975616.943059}]}, "version": 43}
{"obj": {"type": "LogStrings", "path": ["monitoring", "stdout"], "values": [{"value": "Shutting down background jobs, please wait a moment...\n", "step": null, "ts": 1668975616.9433548}]}, "version": 44}
