{"obj": {"type": "AssignString", "path": ["sys", "name"], "value": "Untitled"}, "version": 1}
{"obj": {"type": "AssignString", "path": ["sys", "description"], "value": ""}, "version": 2}
{"obj": {"type": "AssignString", "path": ["sys", "hostname"], "value": "CosmoRemits-MacBook-Pro.local"}, "version": 3}
{"obj": {"type": "AddStrings", "path": ["sys", "tags"], "values": ["KNN"]}, "version": 4}
{"obj": {"type": "AssignBool", "path": ["sys", "failed"], "value": false}, "version": 5}
{"obj": {"type": "ClearStringLog", "path": ["monitoring", "stdout"]}, "version": 6}
{"obj": {"type": "ClearStringLog", "path": ["monitoring", "stderr"]}, "version": 7}
{"obj": {"type": "AssignString", "path": ["source_code", "entrypoint"], "value": "/Users/cosmoremit/Documents/AcNice/credit-card-fraud-detection/src/estimator_training/knn.py"}, "version": 8}
{"obj": {"type": "UploadFileSet", "path": ["source_code", "files"], "file_globs": ["/Users/cosmoremit/Documents/AcNice/credit-card-fraud-detection/model.py, featurize.py, train.py, env.toml"], "reset": "False"}, "version": 9}
{"obj": {"type": "LogFloats", "path": ["train", "roc_auc_score"], "values": [{"value": 0.9935988620199145, "step": null, "ts": 1669342510.621541}]}, "version": 10}
{"obj": {"type": "LogFloats", "path": ["train", "recall_score"], "values": [{"value": 0.918918918918919, "step": null, "ts": 1669342510.627403}]}, "version": 11}
{"obj": {"type": "LogFloats", "path": ["train", "f1_score"], "values": [{"value": 0.9577464788732395, "step": null, "ts": 1669342510.628086}]}, "version": 12}
{"obj": {"type": "LogFloats", "path": ["train", "accuracy"], "values": [{"value": 0.96, "step": null, "ts": 1669342510.6282399}]}, "version": 13}
{"obj": {"type": "LogStrings", "path": ["monitoring", "stdout"], "values": [{"value": "Fold 1|                 Recall: 0.92 |-|                 F1: 0.96                 ACC: 0.96 ", "step": null, "ts": 1669342510.628438}]}, "version": 14}
{"obj": {"type": "LogStrings", "path": ["monitoring", "stdout"], "values": [{"value": " ", "step": null, "ts": 1669342510.6285691}]}, "version": 15}
{"obj": {"type": "LogStrings", "path": ["monitoring", "stdout"], "values": [{"value": "ROC: 0.99", "step": null, "ts": 1669342510.628751}]}, "version": 16}
{"obj": {"type": "LogStrings", "path": ["monitoring", "stdout"], "values": [{"value": "\n", "step": null, "ts": 1669342510.628934}]}, "version": 17}
{"obj": {"type": "LogFloats", "path": ["train", "roc_auc_score"], "values": [{"value": 0.9829302987197723, "step": null, "ts": 1669342510.641275}]}, "version": 18}
{"obj": {"type": "LogFloats", "path": ["train", "recall_score"], "values": [{"value": 0.8378378378378378, "step": null, "ts": 1669342510.644331}]}, "version": 19}
{"obj": {"type": "LogFloats", "path": ["train", "f1_score"], "values": [{"value": 0.911764705882353, "step": null, "ts": 1669342510.644468}]}, "version": 20}
{"obj": {"type": "LogFloats", "path": ["train", "accuracy"], "values": [{"value": 0.92, "step": null, "ts": 1669342510.6445801}]}, "version": 21}
{"obj": {"type": "LogStrings", "path": ["monitoring", "stdout"], "values": [{"value": "Fold 2|                 Recall: 0.84 |-|                 F1: 0.91                 ACC: 0.92 ", "step": null, "ts": 1669342510.644727}]}, "version": 22}
{"obj": {"type": "LogStrings", "path": ["monitoring", "stdout"], "values": [{"value": " ", "step": null, "ts": 1669342510.6448672}]}, "version": 23}
{"obj": {"type": "LogStrings", "path": ["monitoring", "stdout"], "values": [{"value": "ROC: 0.98", "step": null, "ts": 1669342510.6449652}]}, "version": 24}
{"obj": {"type": "LogStrings", "path": ["monitoring", "stdout"], "values": [{"value": "\n", "step": null, "ts": 1669342510.645089}]}, "version": 25}
{"obj": {"type": "LogFloats", "path": ["train", "roc_auc_score"], "values": [{"value": 0.9423897581792319, "step": null, "ts": 1669342510.66193}]}, "version": 26}
{"obj": {"type": "LogFloats", "path": ["train", "recall_score"], "values": [{"value": 0.8108108108108109, "step": null, "ts": 1669342510.664515}]}, "version": 27}
{"obj": {"type": "LogFloats", "path": ["train", "f1_score"], "values": [{"value": 0.8955223880597014, "step": null, "ts": 1669342510.664733}]}, "version": 28}
{"obj": {"type": "LogFloats", "path": ["train", "accuracy"], "values": [{"value": 0.9066666666666666, "step": null, "ts": 1669342510.664865}]}, "version": 29}
{"obj": {"type": "LogStrings", "path": ["monitoring", "stdout"], "values": [{"value": "Fold 3|                 Recall: 0.81 |-|                 F1: 0.9                 ACC: 0.91 ", "step": null, "ts": 1669342510.6650612}]}, "version": 30}
{"obj": {"type": "LogStrings", "path": ["monitoring", "stdout"], "values": [{"value": " ", "step": null, "ts": 1669342510.665339}]}, "version": 31}
{"obj": {"type": "LogStrings", "path": ["monitoring", "stdout"], "values": [{"value": "ROC: 0.94", "step": null, "ts": 1669342510.6655622}]}, "version": 32}
{"obj": {"type": "LogStrings", "path": ["monitoring", "stdout"], "values": [{"value": "\n", "step": null, "ts": 1669342510.665805}]}, "version": 33}
{"obj": {"type": "LogFloats", "path": ["train", "roc_auc_score"], "values": [{"value": 0.9566145092460883, "step": null, "ts": 1669342510.681924}]}, "version": 34}
{"obj": {"type": "LogFloats", "path": ["train", "recall_score"], "values": [{"value": 0.918918918918919, "step": null, "ts": 1669342510.68561}]}, "version": 35}
{"obj": {"type": "LogFloats", "path": ["train", "f1_score"], "values": [{"value": 0.9315068493150684, "step": null, "ts": 1669342510.685826}]}, "version": 36}
{"obj": {"type": "LogFloats", "path": ["train", "accuracy"], "values": [{"value": 0.9333333333333333, "step": null, "ts": 1669342510.685997}]}, "version": 37}
{"obj": {"type": "LogStrings", "path": ["monitoring", "stdout"], "values": [{"value": "Fold 4|                 Recall: 0.92 |-|                 F1: 0.93                 ACC: 0.93 ", "step": null, "ts": 1669342510.6862211}]}, "version": 38}
{"obj": {"type": "LogStrings", "path": ["monitoring", "stdout"], "values": [{"value": " ", "step": null, "ts": 1669342510.686374}]}, "version": 39}
{"obj": {"type": "LogStrings", "path": ["monitoring", "stdout"], "values": [{"value": "ROC: 0.96", "step": null, "ts": 1669342510.6864982}]}, "version": 40}
{"obj": {"type": "LogStrings", "path": ["monitoring", "stdout"], "values": [{"value": "\n", "step": null, "ts": 1669342510.6867101}]}, "version": 41}
{"obj": {"type": "LogFloats", "path": ["train", "roc_auc_score"], "values": [{"value": 0.9174964438122333, "step": null, "ts": 1669342510.699442}]}, "version": 42}
{"obj": {"type": "LogFloats", "path": ["train", "recall_score"], "values": [{"value": 0.8108108108108109, "step": null, "ts": 1669342510.701524}]}, "version": 43}
{"obj": {"type": "LogFloats", "path": ["train", "f1_score"], "values": [{"value": 0.8955223880597014, "step": null, "ts": 1669342510.701644}]}, "version": 44}
{"obj": {"type": "LogFloats", "path": ["train", "accuracy"], "values": [{"value": 0.9066666666666666, "step": null, "ts": 1669342510.701725}]}, "version": 45}
{"obj": {"type": "LogStrings", "path": ["monitoring", "stdout"], "values": [{"value": "Fold 5|                 Recall: 0.81 |-|                 F1: 0.9                 ACC: 0.91 ", "step": null, "ts": 1669342510.701859}]}, "version": 46}
{"obj": {"type": "LogStrings", "path": ["monitoring", "stdout"], "values": [{"value": " ", "step": null, "ts": 1669342510.701958}]}, "version": 47}
{"obj": {"type": "LogStrings", "path": ["monitoring", "stdout"], "values": [{"value": "ROC: 0.92", "step": null, "ts": 1669342510.702039}]}, "version": 48}
{"obj": {"type": "LogStrings", "path": ["monitoring", "stdout"], "values": [{"value": "\n", "step": null, "ts": 1669342510.702125}]}, "version": 49}
{"obj": {"type": "LogFloats", "path": ["train", "roc_auc_score"], "values": [{"value": 0.9786628733997156, "step": null, "ts": 1669342510.7151942}]}, "version": 50}
{"obj": {"type": "LogFloats", "path": ["train", "recall_score"], "values": [{"value": 0.9459459459459459, "step": null, "ts": 1669342510.7185159}]}, "version": 51}
{"obj": {"type": "LogFloats", "path": ["train", "f1_score"], "values": [{"value": 0.9722222222222222, "step": null, "ts": 1669342510.718652}]}, "version": 52}
{"obj": {"type": "LogFloats", "path": ["train", "accuracy"], "values": [{"value": 0.9733333333333334, "step": null, "ts": 1669342510.71875}]}, "version": 53}
{"obj": {"type": "LogStrings", "path": ["monitoring", "stdout"], "values": [{"value": "Fold 6|                 Recall: 0.95 |-|                 F1: 0.97                 ACC: 0.97 ", "step": null, "ts": 1669342510.7189}]}, "version": 54}
{"obj": {"type": "LogStrings", "path": ["monitoring", "stdout"], "values": [{"value": " ", "step": null, "ts": 1669342510.719004}]}, "version": 55}
{"obj": {"type": "LogStrings", "path": ["monitoring", "stdout"], "values": [{"value": "ROC: 0.98", "step": null, "ts": 1669342510.7223942}]}, "version": 56}
{"obj": {"type": "LogStrings", "path": ["monitoring", "stdout"], "values": [{"value": "\n", "step": null, "ts": 1669342510.722531}]}, "version": 57}
{"obj": {"type": "LogFloats", "path": ["train", "roc_auc_score"], "values": [{"value": 0.9647937411095306, "step": null, "ts": 1669342510.731958}]}, "version": 58}
{"obj": {"type": "LogFloats", "path": ["train", "recall_score"], "values": [{"value": 0.918918918918919, "step": null, "ts": 1669342510.799385}]}, "version": 59}
{"obj": {"type": "LogFloats", "path": ["train", "f1_score"], "values": [{"value": 0.9444444444444445, "step": null, "ts": 1669342510.8081942}]}, "version": 60}
{"obj": {"type": "LogFloats", "path": ["train", "accuracy"], "values": [{"value": 0.9466666666666667, "step": null, "ts": 1669342510.808416}]}, "version": 61}
{"obj": {"type": "LogStrings", "path": ["monitoring", "stdout"], "values": [{"value": "Fold 7|                 Recall: 0.92 |-|                 F1: 0.94                 ACC: 0.95 ", "step": null, "ts": 1669342510.8089118}]}, "version": 62}
{"obj": {"type": "LogStrings", "path": ["monitoring", "stdout"], "values": [{"value": " ", "step": null, "ts": 1669342510.809193}]}, "version": 63}
{"obj": {"type": "LogStrings", "path": ["monitoring", "stdout"], "values": [{"value": "ROC: 0.96", "step": null, "ts": 1669342510.810497}]}, "version": 64}
{"obj": {"type": "LogStrings", "path": ["monitoring", "stdout"], "values": [{"value": "\n", "step": null, "ts": 1669342510.817037}]}, "version": 65}
{"obj": {"type": "LogFloats", "path": ["train", "roc_auc_score"], "values": [{"value": 0.9736842105263158, "step": null, "ts": 1669342510.8603299}]}, "version": 66}
{"obj": {"type": "LogFloats", "path": ["train", "recall_score"], "values": [{"value": 0.918918918918919, "step": null, "ts": 1669342510.864057}]}, "version": 67}
{"obj": {"type": "LogFloats", "path": ["train", "f1_score"], "values": [{"value": 0.9577464788732395, "step": null, "ts": 1669342510.864351}]}, "version": 68}
{"obj": {"type": "LogFloats", "path": ["train", "accuracy"], "values": [{"value": 0.96, "step": null, "ts": 1669342510.8645608}]}, "version": 69}
{"obj": {"type": "LogStrings", "path": ["monitoring", "stdout"], "values": [{"value": "Fold 8|                 Recall: 0.92 |-|                 F1: 0.96                 ACC: 0.96 ", "step": null, "ts": 1669342510.8668458}]}, "version": 70}
{"obj": {"type": "LogStrings", "path": ["monitoring", "stdout"], "values": [{"value": " ", "step": null, "ts": 1669342510.867059}]}, "version": 71}
{"obj": {"type": "LogStrings", "path": ["monitoring", "stdout"], "values": [{"value": "ROC: 0.97", "step": null, "ts": 1669342510.867245}]}, "version": 72}
{"obj": {"type": "LogStrings", "path": ["monitoring", "stdout"], "values": [{"value": "\n", "step": null, "ts": 1669342510.867608}]}, "version": 73}
{"obj": {"type": "LogFloats", "path": ["train", "roc_auc_score"], "values": [{"value": 0.9576813655761025, "step": null, "ts": 1669342510.8854232}]}, "version": 74}
{"obj": {"type": "LogFloats", "path": ["train", "recall_score"], "values": [{"value": 0.8108108108108109, "step": null, "ts": 1669342510.887983}]}, "version": 75}
{"obj": {"type": "LogFloats", "path": ["train", "f1_score"], "values": [{"value": 0.8955223880597014, "step": null, "ts": 1669342510.888185}]}, "version": 76}
{"obj": {"type": "LogFloats", "path": ["train", "accuracy"], "values": [{"value": 0.9066666666666666, "step": null, "ts": 1669342510.888302}]}, "version": 77}
{"obj": {"type": "LogStrings", "path": ["monitoring", "stdout"], "values": [{"value": "Fold 9|                 Recall: 0.81 |-|                 F1: 0.9                 ACC: 0.91 ", "step": null, "ts": 1669342510.888575}]}, "version": 78}
{"obj": {"type": "LogStrings", "path": ["monitoring", "stdout"], "values": [{"value": " ", "step": null, "ts": 1669342510.888768}]}, "version": 79}
{"obj": {"type": "LogStrings", "path": ["monitoring", "stdout"], "values": [{"value": "ROC: 0.96", "step": null, "ts": 1669342510.888899}]}, "version": 80}
{"obj": {"type": "LogStrings", "path": ["monitoring", "stdout"], "values": [{"value": "\n", "step": null, "ts": 1669342510.889034}]}, "version": 81}
{"obj": {"type": "LogFloats", "path": ["train", "roc_auc_score"], "values": [{"value": 0.969017094017094, "step": null, "ts": 1669342510.903882}]}, "version": 82}
{"obj": {"type": "LogFloats", "path": ["train", "recall_score"], "values": [{"value": 0.8055555555555556, "step": null, "ts": 1669342510.906778}]}, "version": 83}
{"obj": {"type": "LogFloats", "path": ["train", "f1_score"], "values": [{"value": 0.8923076923076924, "step": null, "ts": 1669342510.906943}]}, "version": 84}
{"obj": {"type": "LogFloats", "path": ["train", "accuracy"], "values": [{"value": 0.9066666666666666, "step": null, "ts": 1669342510.907061}]}, "version": 85}
{"obj": {"type": "LogStrings", "path": ["monitoring", "stdout"], "values": [{"value": "Fold 10|                 Recall: 0.81 |-|                 F1: 0.89                 ACC: 0.91 ", "step": null, "ts": 1669342510.9072058}]}, "version": 86}
{"obj": {"type": "LogStrings", "path": ["monitoring", "stdout"], "values": [{"value": " ", "step": null, "ts": 1669342510.9073029}]}, "version": 87}
{"obj": {"type": "LogStrings", "path": ["monitoring", "stdout"], "values": [{"value": "ROC: 0.97", "step": null, "ts": 1669342510.907389}]}, "version": 88}
{"obj": {"type": "LogStrings", "path": ["monitoring", "stdout"], "values": [{"value": "\n", "step": null, "ts": 1669342510.9074812}]}, "version": 89}
{"obj": {"type": "LogFloats", "path": ["train", "roc_auc_score"], "values": [{"value": 0.9463015647226174, "step": null, "ts": 1669342510.925527}]}, "version": 90}
{"obj": {"type": "LogFloats", "path": ["train", "recall_score"], "values": [{"value": 0.8108108108108109, "step": null, "ts": 1669342510.929311}]}, "version": 91}
{"obj": {"type": "LogFloats", "path": ["train", "f1_score"], "values": [{"value": 0.8955223880597014, "step": null, "ts": 1669342510.929468}]}, "version": 92}
{"obj": {"type": "LogFloats", "path": ["train", "accuracy"], "values": [{"value": 0.9066666666666666, "step": null, "ts": 1669342510.9295769}]}, "version": 93}
{"obj": {"type": "LogStrings", "path": ["monitoring", "stdout"], "values": [{"value": "Fold 11|                 Recall: 0.81 |-|                 F1: 0.9                 ACC: 0.91 ", "step": null, "ts": 1669342510.929738}]}, "version": 94}
{"obj": {"type": "LogStrings", "path": ["monitoring", "stdout"], "values": [{"value": " ", "step": null, "ts": 1669342510.929865}]}, "version": 95}
{"obj": {"type": "LogStrings", "path": ["monitoring", "stdout"], "values": [{"value": "ROC: 0.95", "step": null, "ts": 1669342510.9299562}]}, "version": 96}
{"obj": {"type": "LogStrings", "path": ["monitoring", "stdout"], "values": [{"value": "\n", "step": null, "ts": 1669342510.9300601}]}, "version": 97}
{"obj": {"type": "LogFloats", "path": ["train", "roc_auc_score"], "values": [{"value": 0.9871977240398293, "step": null, "ts": 1669342510.9461918}]}, "version": 98}
{"obj": {"type": "LogFloats", "path": ["train", "recall_score"], "values": [{"value": 0.918918918918919, "step": null, "ts": 1669342510.952471}]}, "version": 99}
{"obj": {"type": "LogFloats", "path": ["train", "f1_score"], "values": [{"value": 0.9444444444444445, "step": null, "ts": 1669342510.952707}]}, "version": 100}
{"obj": {"type": "LogFloats", "path": ["train", "accuracy"], "values": [{"value": 0.9466666666666667, "step": null, "ts": 1669342510.952867}]}, "version": 101}
{"obj": {"type": "LogStrings", "path": ["monitoring", "stdout"], "values": [{"value": "Fold 12|                 Recall: 0.92 |-|                 F1: 0.94                 ACC: 0.95 ", "step": null, "ts": 1669342510.953179}]}, "version": 102}
{"obj": {"type": "LogStrings", "path": ["monitoring", "stdout"], "values": [{"value": " ", "step": null, "ts": 1669342510.953304}]}, "version": 103}
{"obj": {"type": "LogStrings", "path": ["monitoring", "stdout"], "values": [{"value": "ROC: 0.99", "step": null, "ts": 1669342510.953398}]}, "version": 104}
{"obj": {"type": "LogStrings", "path": ["monitoring", "stdout"], "values": [{"value": "\n", "step": null, "ts": 1669342510.953501}]}, "version": 105}
{"obj": {"type": "LogFloats", "path": ["train", "roc_auc_score"], "values": [{"value": 0.9559032716927454, "step": null, "ts": 1669342510.9736269}]}, "version": 106}
{"obj": {"type": "LogFloats", "path": ["train", "recall_score"], "values": [{"value": 0.8648648648648649, "step": null, "ts": 1669342510.976513}]}, "version": 107}
{"obj": {"type": "LogFloats", "path": ["train", "f1_score"], "values": [{"value": 0.927536231884058, "step": null, "ts": 1669342510.976734}]}, "version": 108}
{"obj": {"type": "LogFloats", "path": ["train", "accuracy"], "values": [{"value": 0.9333333333333333, "step": null, "ts": 1669342510.9776819}]}, "version": 109}
{"obj": {"type": "LogStrings", "path": ["monitoring", "stdout"], "values": [{"value": "Fold 13|                 Recall: 0.86 |-|                 F1: 0.93                 ACC: 0.93 ", "step": null, "ts": 1669342510.977998}]}, "version": 110}
{"obj": {"type": "LogStrings", "path": ["monitoring", "stdout"], "values": [{"value": " ", "step": null, "ts": 1669342510.978351}]}, "version": 111}
{"obj": {"type": "LogStrings", "path": ["monitoring", "stdout"], "values": [{"value": "ROC: 0.96", "step": null, "ts": 1669342510.978563}]}, "version": 112}
{"obj": {"type": "LogStrings", "path": ["monitoring", "stdout"], "values": [{"value": "\n", "step": null, "ts": 1669342510.978722}]}, "version": 113}
{"obj": {"type": "LogFloats", "path": ["train", "roc_auc_score"], "values": [{"value": 0.9644381223328593, "step": null, "ts": 1669342510.9884741}]}, "version": 114}
{"obj": {"type": "LogFloats", "path": ["train", "recall_score"], "values": [{"value": 0.9459459459459459, "step": null, "ts": 1669342510.99946}]}, "version": 115}
{"obj": {"type": "LogFloats", "path": ["train", "f1_score"], "values": [{"value": 0.9722222222222222, "step": null, "ts": 1669342511.000343}]}, "version": 116}
{"obj": {"type": "LogFloats", "path": ["train", "accuracy"], "values": [{"value": 0.9733333333333334, "step": null, "ts": 1669342511.000669}]}, "version": 117}
{"obj": {"type": "LogStrings", "path": ["monitoring", "stdout"], "values": [{"value": "Fold 14|                 Recall: 0.95 |-|                 F1: 0.97                 ACC: 0.97 ", "step": null, "ts": 1669342511.00089}]}, "version": 118}
{"obj": {"type": "LogStrings", "path": ["monitoring", "stdout"], "values": [{"value": " ", "step": null, "ts": 1669342511.0010471}]}, "version": 119}
{"obj": {"type": "LogStrings", "path": ["monitoring", "stdout"], "values": [{"value": "ROC: 0.96", "step": null, "ts": 1669342511.001326}]}, "version": 120}
{"obj": {"type": "LogStrings", "path": ["monitoring", "stdout"], "values": [{"value": "\n", "step": null, "ts": 1669342511.003158}]}, "version": 121}
{"obj": {"type": "LogFloats", "path": ["train", "roc_auc_score"], "values": [{"value": 0.9786628733997155, "step": null, "ts": 1669342511.018225}]}, "version": 122}
{"obj": {"type": "LogFloats", "path": ["train", "recall_score"], "values": [{"value": 0.918918918918919, "step": null, "ts": 1669342511.020545}]}, "version": 123}
{"obj": {"type": "LogFloats", "path": ["train", "f1_score"], "values": [{"value": 0.9577464788732395, "step": null, "ts": 1669342511.020684}]}, "version": 124}
{"obj": {"type": "LogFloats", "path": ["train", "accuracy"], "values": [{"value": 0.96, "step": null, "ts": 1669342511.0207841}]}, "version": 125}
{"obj": {"type": "LogStrings", "path": ["monitoring", "stdout"], "values": [{"value": "Fold 15|                 Recall: 0.92 |-|                 F1: 0.96                 ACC: 0.96 ", "step": null, "ts": 1669342511.021098}]}, "version": 126}
{"obj": {"type": "LogStrings", "path": ["monitoring", "stdout"], "values": [{"value": " ", "step": null, "ts": 1669342511.021224}]}, "version": 127}
{"obj": {"type": "LogStrings", "path": ["monitoring", "stdout"], "values": [{"value": "ROC: 0.98", "step": null, "ts": 1669342511.021371}]}, "version": 128}
{"obj": {"type": "LogStrings", "path": ["monitoring", "stdout"], "values": [{"value": "\n", "step": null, "ts": 1669342511.022319}]}, "version": 129}
{"obj": {"type": "LogFloats", "path": ["train", "roc_auc_score"], "values": [{"value": 0.9871977240398293, "step": null, "ts": 1669342511.051092}]}, "version": 130}
{"obj": {"type": "LogFloats", "path": ["train", "recall_score"], "values": [{"value": 0.8378378378378378, "step": null, "ts": 1669342511.059069}]}, "version": 131}
{"obj": {"type": "LogFloats", "path": ["train", "f1_score"], "values": [{"value": 0.8985507246376812, "step": null, "ts": 1669342511.060796}]}, "version": 132}
{"obj": {"type": "LogFloats", "path": ["train", "accuracy"], "values": [{"value": 0.9066666666666666, "step": null, "ts": 1669342511.066931}]}, "version": 133}
{"obj": {"type": "LogStrings", "path": ["monitoring", "stdout"], "values": [{"value": "Fold 16|                 Recall: 0.84 |-|                 F1: 0.9                 ACC: 0.91 ", "step": null, "ts": 1669342511.067801}]}, "version": 134}
{"obj": {"type": "LogStrings", "path": ["monitoring", "stdout"], "values": [{"value": " ", "step": null, "ts": 1669342511.071281}]}, "version": 135}
{"obj": {"type": "LogStrings", "path": ["monitoring", "stdout"], "values": [{"value": "ROC: 0.99", "step": null, "ts": 1669342511.071497}]}, "version": 136}
{"obj": {"type": "LogStrings", "path": ["monitoring", "stdout"], "values": [{"value": "\n", "step": null, "ts": 1669342511.071743}]}, "version": 137}
{"obj": {"type": "LogFloats", "path": ["train", "roc_auc_score"], "values": [{"value": 0.9740398293029872, "step": null, "ts": 1669342511.105342}]}, "version": 138}
{"obj": {"type": "LogFloats", "path": ["train", "recall_score"], "values": [{"value": 0.8378378378378378, "step": null, "ts": 1669342511.110923}]}, "version": 139}
{"obj": {"type": "LogFloats", "path": ["train", "f1_score"], "values": [{"value": 0.911764705882353, "step": null, "ts": 1669342511.111231}]}, "version": 140}
{"obj": {"type": "LogFloats", "path": ["train", "accuracy"], "values": [{"value": 0.92, "step": null, "ts": 1669342511.1113951}]}, "version": 141}
{"obj": {"type": "LogStrings", "path": ["monitoring", "stdout"], "values": [{"value": "Fold 17|                 Recall: 0.84 |-|                 F1: 0.91                 ACC: 0.92 ", "step": null, "ts": 1669342511.1116748}]}, "version": 142}
{"obj": {"type": "LogStrings", "path": ["monitoring", "stdout"], "values": [{"value": " ", "step": null, "ts": 1669342511.1118689}]}, "version": 143}
{"obj": {"type": "LogStrings", "path": ["monitoring", "stdout"], "values": [{"value": "ROC: 0.97", "step": null, "ts": 1669342511.112023}]}, "version": 144}
{"obj": {"type": "LogStrings", "path": ["monitoring", "stdout"], "values": [{"value": "\n", "step": null, "ts": 1669342511.112182}]}, "version": 145}
{"obj": {"type": "LogFloats", "path": ["train", "roc_auc_score"], "values": [{"value": 0.9683499288762447, "step": null, "ts": 1669342511.131697}]}, "version": 146}
{"obj": {"type": "LogFloats", "path": ["train", "recall_score"], "values": [{"value": 0.8918918918918919, "step": null, "ts": 1669342511.133944}]}, "version": 147}
{"obj": {"type": "LogFloats", "path": ["train", "f1_score"], "values": [{"value": 0.9295774647887325, "step": null, "ts": 1669342511.134089}]}, "version": 148}
{"obj": {"type": "LogFloats", "path": ["train", "accuracy"], "values": [{"value": 0.9333333333333333, "step": null, "ts": 1669342511.134339}]}, "version": 149}
{"obj": {"type": "LogStrings", "path": ["monitoring", "stdout"], "values": [{"value": "Fold 18|                 Recall: 0.89 |-|                 F1: 0.93                 ACC: 0.93 ", "step": null, "ts": 1669342511.134517}]}, "version": 150}
{"obj": {"type": "LogStrings", "path": ["monitoring", "stdout"], "values": [{"value": " ", "step": null, "ts": 1669342511.134621}]}, "version": 151}
{"obj": {"type": "LogStrings", "path": ["monitoring", "stdout"], "values": [{"value": "ROC: 0.97", "step": null, "ts": 1669342511.134712}]}, "version": 152}
{"obj": {"type": "LogStrings", "path": ["monitoring", "stdout"], "values": [{"value": "\n", "step": null, "ts": 1669342511.134814}]}, "version": 153}
{"obj": {"type": "LogFloats", "path": ["train", "roc_auc_score"], "values": [{"value": 0.9747510668563302, "step": null, "ts": 1669342511.147964}]}, "version": 154}
{"obj": {"type": "LogFloats", "path": ["train", "recall_score"], "values": [{"value": 0.8918918918918919, "step": null, "ts": 1669342511.152194}]}, "version": 155}
{"obj": {"type": "LogFloats", "path": ["train", "f1_score"], "values": [{"value": 0.9428571428571428, "step": null, "ts": 1669342511.152341}]}, "version": 156}
{"obj": {"type": "LogFloats", "path": ["train", "accuracy"], "values": [{"value": 0.9466666666666667, "step": null, "ts": 1669342511.1524858}]}, "version": 157}
{"obj": {"type": "LogStrings", "path": ["monitoring", "stdout"], "values": [{"value": "Fold 19|                 Recall: 0.89 |-|                 F1: 0.94                 ACC: 0.95 ", "step": null, "ts": 1669342511.1526458}]}, "version": 158}
{"obj": {"type": "LogStrings", "path": ["monitoring", "stdout"], "values": [{"value": " ", "step": null, "ts": 1669342511.1527722}]}, "version": 159}
{"obj": {"type": "LogStrings", "path": ["monitoring", "stdout"], "values": [{"value": "ROC: 0.97", "step": null, "ts": 1669342511.152978}]}, "version": 160}
{"obj": {"type": "LogStrings", "path": ["monitoring", "stdout"], "values": [{"value": "\n", "step": null, "ts": 1669342511.153147}]}, "version": 161}
{"obj": {"type": "LogFloats", "path": ["train", "roc_auc_score"], "values": [{"value": 0.922008547008547, "step": null, "ts": 1669342511.1641731}]}, "version": 162}
{"obj": {"type": "LogFloats", "path": ["train", "recall_score"], "values": [{"value": 0.7777777777777778, "step": null, "ts": 1669342511.1678011}]}, "version": 163}
{"obj": {"type": "LogFloats", "path": ["train", "f1_score"], "values": [{"value": 0.8750000000000001, "step": null, "ts": 1669342511.168084}]}, "version": 164}
{"obj": {"type": "LogFloats", "path": ["train", "accuracy"], "values": [{"value": 0.8933333333333333, "step": null, "ts": 1669342511.168281}]}, "version": 165}
{"obj": {"type": "LogStrings", "path": ["monitoring", "stdout"], "values": [{"value": "Fold 20|                 Recall: 0.78 |-|                 F1: 0.88                 ACC: 0.89 ", "step": null, "ts": 1669342511.168546}]}, "version": 166}
{"obj": {"type": "LogStrings", "path": ["monitoring", "stdout"], "values": [{"value": " ", "step": null, "ts": 1669342511.168724}]}, "version": 167}
{"obj": {"type": "LogStrings", "path": ["monitoring", "stdout"], "values": [{"value": "ROC: 0.92", "step": null, "ts": 1669342511.168857}]}, "version": 168}
{"obj": {"type": "LogStrings", "path": ["monitoring", "stdout"], "values": [{"value": "\n", "step": null, "ts": 1669342511.169008}]}, "version": 169}
{"obj": {"type": "UploadFile", "path": ["train", "conf_matrix"], "ext": "png", "file_path": "/Users/cosmoremit/Documents/AcNice/credit-card-fraud-detection/resources/plots/train_conf_matrix.png", "clean_after_upload": false}, "version": 170}
{"obj": {"type": "LogFloats", "path": ["train", "roc_auc"], "values": [{"value": 0.9810724878902333, "step": null, "ts": 1669342511.488569}]}, "version": 171}
{"obj": {"type": "LogFloats", "path": ["train", "recall_score"], "values": [{"value": 0.8780487804878049, "step": null, "ts": 1669342511.4915001}]}, "version": 172}
{"obj": {"type": "LogFloats", "path": ["train", "f1_score"], "values": [{"value": 0.9310344827586207, "step": null, "ts": 1669342511.491626}]}, "version": 173}
{"obj": {"type": "LogFloats", "path": ["train", "accuracy"], "values": [{"value": 0.936, "step": null, "ts": 1669342511.491709}]}, "version": 174}
{"obj": {"type": "UploadFile", "path": ["train", "conf_matrix"], "ext": "png", "file_path": "/Users/cosmoremit/Documents/AcNice/credit-card-fraud-detection/resources/plots/conf_mat/knn_train_conf_matrix.png", "clean_after_upload": false}, "version": 175}
{"obj": {"type": "UploadFile", "path": ["train", "roc_curv"], "ext": "png", "file_path": "/Users/cosmoremit/Documents/AcNice/credit-card-fraud-detection/resources/plots/roc/knn_train_conf_matrix.png", "clean_after_upload": false}, "version": 176}
{"obj": {"type": "LogFloats", "path": ["eval", "roc_auc"], "values": [{"value": 0.9701363549068561, "step": null, "ts": 1669342511.807008}]}, "version": 177}
{"obj": {"type": "LogFloats", "path": ["eval", "recall_score"], "values": [{"value": 0.8943089430894309, "step": null, "ts": 1669342511.809366}]}, "version": 178}
{"obj": {"type": "LogFloats", "path": ["eval", "f1_score"], "values": [{"value": 0.9361702127659575, "step": null, "ts": 1669342511.80949}]}, "version": 179}
{"obj": {"type": "LogFloats", "path": ["eval", "accuracy"], "values": [{"value": 0.94, "step": null, "ts": 1669342511.809582}]}, "version": 180}
{"obj": {"type": "UploadFile", "path": ["eval", "conf_matrix"], "ext": "png", "file_path": "/Users/cosmoremit/Documents/AcNice/credit-card-fraud-detection/resources/plots/conf_mat/knn_eval_conf_matrix.png", "clean_after_upload": false}, "version": 181}
{"obj": {"type": "UploadFile", "path": ["eval", "roc_curv"], "ext": "png", "file_path": "/Users/cosmoremit/Documents/AcNice/credit-card-fraud-detection/resources/plots/roc/knn_eval_conf_matrix.png", "clean_after_upload": false}, "version": 182}
{"obj": {"type": "AssignString", "path": ["model_params", "algorithm"], "value": "auto"}, "version": 183}
{"obj": {"type": "AssignInt", "path": ["model_params", "leaf_size"], "value": 30}, "version": 184}
{"obj": {"type": "AssignString", "path": ["model_params", "metric"], "value": "minkowski"}, "version": 185}
{"obj": {"type": "AssignString", "path": ["model_params", "metric_params"], "value": "None"}, "version": 186}
{"obj": {"type": "AssignString", "path": ["model_params", "n_jobs"], "value": "None"}, "version": 187}
{"obj": {"type": "AssignInt", "path": ["model_params", "n_neighbors"], "value": 10}, "version": 188}
{"obj": {"type": "AssignInt", "path": ["model_params", "p"], "value": 2}, "version": 189}
{"obj": {"type": "AssignString", "path": ["model_params", "weights"], "value": "uniform"}, "version": 190}
{"obj": {"type": "UploadFile", "path": ["models"], "ext": "pkl", "file_path": "/Users/cosmoremit/Documents/AcNice/credit-card-fraud-detection/models/knn.pkl", "clean_after_upload": false}, "version": 191}
{"obj": {"type": "AssignBool", "path": ["scaled"], "value": false}, "version": 192}
{"obj": {"type": "TrackFilesToArtifact", "path": ["train_dataset", "X_train"], "entries": [["data/features/X_train.csv", null]], "project_id": "810b60a5-0827-4211-a78d-b06e83b834ad"}, "version": 193}
{"obj": {"type": "TrackFilesToArtifact", "path": ["train_dataset", "y_train"], "entries": [["data/features/y_train.csv", null]], "project_id": "810b60a5-0827-4211-a78d-b06e83b834ad"}, "version": 194}
{"obj": {"type": "TrackFilesToArtifact", "path": ["train_dataset", "y_train"], "entries": [["notebooks/analysis.ipynb", null]], "project_id": "810b60a5-0827-4211-a78d-b06e83b834ad"}, "version": 195}
{"obj": {"type": "LogStrings", "path": ["monitoring", "stdout"], "values": [{"value": "Shutting down background jobs, please wait a moment...\n", "step": null, "ts": 1669342512.343489}]}, "version": 196}
