{"obj": {"type": "AssignString", "path": ["sys", "name"], "value": "Untitled"}, "version": 1}
{"obj": {"type": "AssignString", "path": ["sys", "description"], "value": ""}, "version": 2}
{"obj": {"type": "AssignString", "path": ["sys", "hostname"], "value": "CosmoRemits-MacBook-Pro.local"}, "version": 3}
{"obj": {"type": "AddStrings", "path": ["sys", "tags"], "values": ["KNN"]}, "version": 4}
{"obj": {"type": "AssignBool", "path": ["sys", "failed"], "value": false}, "version": 5}
{"obj": {"type": "ClearStringLog", "path": ["monitoring", "stdout"]}, "version": 6}
{"obj": {"type": "ClearStringLog", "path": ["monitoring", "stderr"]}, "version": 7}
{"obj": {"type": "AssignString", "path": ["source_code", "entrypoint"], "value": "/Users/cosmoremit/Documents/AcNice/credit-card-fraud-detection/src/estimator_training/knn.py"}, "version": 8}
{"obj": {"type": "UploadFileSet", "path": ["source_code", "files"], "file_globs": ["/Users/cosmoremit/Documents/AcNice/credit-card-fraud-detection/model.py, featurize.py, train.py, env.toml"], "reset": "False"}, "version": 9}
{"obj": {"type": "LogFloats", "path": ["train", "roc_auc_score"], "values": [{"value": 0.9836415362731152, "step": null, "ts": 1669343173.839911}]}, "version": 10}
{"obj": {"type": "LogFloats", "path": ["train", "recall_score"], "values": [{"value": 0.918918918918919, "step": null, "ts": 1669343173.844099}]}, "version": 11}
{"obj": {"type": "LogFloats", "path": ["train", "f1_score"], "values": [{"value": 0.9444444444444445, "step": null, "ts": 1669343173.844239}]}, "version": 12}
{"obj": {"type": "LogFloats", "path": ["train", "accuracy"], "values": [{"value": 0.9466666666666667, "step": null, "ts": 1669343173.84433}]}, "version": 13}
{"obj": {"type": "LogStrings", "path": ["monitoring", "stdout"], "values": [{"value": "Fold 1|                 Recall: 0.92 |-|                 F1: 0.94                 ACC: 0.95 ", "step": null, "ts": 1669343173.844494}]}, "version": 14}
{"obj": {"type": "LogStrings", "path": ["monitoring", "stdout"], "values": [{"value": " ", "step": null, "ts": 1669343173.8446028}]}, "version": 15}
{"obj": {"type": "LogStrings", "path": ["monitoring", "stdout"], "values": [{"value": "ROC: 0.98", "step": null, "ts": 1669343173.844682}]}, "version": 16}
{"obj": {"type": "LogStrings", "path": ["monitoring", "stdout"], "values": [{"value": "\n", "step": null, "ts": 1669343173.84479}]}, "version": 17}
{"obj": {"type": "LogFloats", "path": ["train", "roc_auc_score"], "values": [{"value": 0.9875533428165008, "step": null, "ts": 1669343173.85333}]}, "version": 18}
{"obj": {"type": "LogFloats", "path": ["train", "recall_score"], "values": [{"value": 0.8108108108108109, "step": null, "ts": 1669343173.856033}]}, "version": 19}
{"obj": {"type": "LogFloats", "path": ["train", "f1_score"], "values": [{"value": 0.8955223880597014, "step": null, "ts": 1669343173.856162}]}, "version": 20}
{"obj": {"type": "LogFloats", "path": ["train", "accuracy"], "values": [{"value": 0.9066666666666666, "step": null, "ts": 1669343173.856245}]}, "version": 21}
{"obj": {"type": "LogStrings", "path": ["monitoring", "stdout"], "values": [{"value": "Fold 2|                 Recall: 0.81 |-|                 F1: 0.9                 ACC: 0.91 ", "step": null, "ts": 1669343173.856375}]}, "version": 22}
{"obj": {"type": "LogStrings", "path": ["monitoring", "stdout"], "values": [{"value": " ", "step": null, "ts": 1669343173.8564649}]}, "version": 23}
{"obj": {"type": "LogStrings", "path": ["monitoring", "stdout"], "values": [{"value": "ROC: 0.99", "step": null, "ts": 1669343173.856553}]}, "version": 24}
{"obj": {"type": "LogStrings", "path": ["monitoring", "stdout"], "values": [{"value": "\n", "step": null, "ts": 1669343173.856641}]}, "version": 25}
{"obj": {"type": "LogFloats", "path": ["train", "roc_auc_score"], "values": [{"value": 0.9569701280227597, "step": null, "ts": 1669343173.8660889}]}, "version": 26}
{"obj": {"type": "LogFloats", "path": ["train", "recall_score"], "values": [{"value": 0.8378378378378378, "step": null, "ts": 1669343173.86906}]}, "version": 27}
{"obj": {"type": "LogFloats", "path": ["train", "f1_score"], "values": [{"value": 0.911764705882353, "step": null, "ts": 1669343173.869195}]}, "version": 28}
{"obj": {"type": "LogFloats", "path": ["train", "accuracy"], "values": [{"value": 0.92, "step": null, "ts": 1669343173.869287}]}, "version": 29}
{"obj": {"type": "LogStrings", "path": ["monitoring", "stdout"], "values": [{"value": "Fold 3|                 Recall: 0.84 |-|                 F1: 0.91                 ACC: 0.92 ", "step": null, "ts": 1669343173.8694232}]}, "version": 30}
{"obj": {"type": "LogStrings", "path": ["monitoring", "stdout"], "values": [{"value": " ", "step": null, "ts": 1669343173.869517}]}, "version": 31}
{"obj": {"type": "LogStrings", "path": ["monitoring", "stdout"], "values": [{"value": "ROC: 0.96", "step": null, "ts": 1669343173.869663}]}, "version": 32}
{"obj": {"type": "LogStrings", "path": ["monitoring", "stdout"], "values": [{"value": "\n", "step": null, "ts": 1669343173.86994}]}, "version": 33}
{"obj": {"type": "LogFloats", "path": ["train", "roc_auc_score"], "values": [{"value": 0.9701280227596016, "step": null, "ts": 1669343173.8826208}]}, "version": 34}
{"obj": {"type": "LogFloats", "path": ["train", "recall_score"], "values": [{"value": 0.918918918918919, "step": null, "ts": 1669343173.8864052}]}, "version": 35}
{"obj": {"type": "LogFloats", "path": ["train", "f1_score"], "values": [{"value": 0.9577464788732395, "step": null, "ts": 1669343173.886608}]}, "version": 36}
{"obj": {"type": "LogFloats", "path": ["train", "accuracy"], "values": [{"value": 0.96, "step": null, "ts": 1669343173.886726}]}, "version": 37}
{"obj": {"type": "LogStrings", "path": ["monitoring", "stdout"], "values": [{"value": "Fold 4|                 Recall: 0.92 |-|                 F1: 0.96                 ACC: 0.96 ", "step": null, "ts": 1669343173.8868952}]}, "version": 38}
{"obj": {"type": "LogStrings", "path": ["monitoring", "stdout"], "values": [{"value": " ", "step": null, "ts": 1669343173.887021}]}, "version": 39}
{"obj": {"type": "LogStrings", "path": ["monitoring", "stdout"], "values": [{"value": "ROC: 0.97", "step": null, "ts": 1669343173.887116}]}, "version": 40}
{"obj": {"type": "LogStrings", "path": ["monitoring", "stdout"], "values": [{"value": "\n", "step": null, "ts": 1669343173.887237}]}, "version": 41}
{"obj": {"type": "LogFloats", "path": ["train", "roc_auc_score"], "values": [{"value": 0.9182076813655762, "step": null, "ts": 1669343173.89819}]}, "version": 42}
{"obj": {"type": "LogFloats", "path": ["train", "recall_score"], "values": [{"value": 0.7837837837837838, "step": null, "ts": 1669343173.9008489}]}, "version": 43}
{"obj": {"type": "LogFloats", "path": ["train", "f1_score"], "values": [{"value": 0.8787878787878788, "step": null, "ts": 1669343173.9010282}]}, "version": 44}
{"obj": {"type": "LogFloats", "path": ["train", "accuracy"], "values": [{"value": 0.8933333333333333, "step": null, "ts": 1669343173.9011269}]}, "version": 45}
{"obj": {"type": "LogStrings", "path": ["monitoring", "stdout"], "values": [{"value": "Fold 5|                 Recall: 0.78 |-|                 F1: 0.88                 ACC: 0.89 ", "step": null, "ts": 1669343173.901294}]}, "version": 46}
{"obj": {"type": "LogStrings", "path": ["monitoring", "stdout"], "values": [{"value": " ", "step": null, "ts": 1669343173.9014149}]}, "version": 47}
{"obj": {"type": "LogStrings", "path": ["monitoring", "stdout"], "values": [{"value": "ROC: 0.92", "step": null, "ts": 1669343173.901527}]}, "version": 48}
{"obj": {"type": "LogStrings", "path": ["monitoring", "stdout"], "values": [{"value": "\n", "step": null, "ts": 1669343173.9023302}]}, "version": 49}
{"obj": {"type": "LogFloats", "path": ["train", "roc_auc_score"], "values": [{"value": 0.982574679943101, "step": null, "ts": 1669343173.911834}]}, "version": 50}
{"obj": {"type": "LogFloats", "path": ["train", "recall_score"], "values": [{"value": 0.918918918918919, "step": null, "ts": 1669343173.9184709}]}, "version": 51}
{"obj": {"type": "LogFloats", "path": ["train", "f1_score"], "values": [{"value": 0.9577464788732395, "step": null, "ts": 1669343173.9187279}]}, "version": 52}
{"obj": {"type": "LogFloats", "path": ["train", "accuracy"], "values": [{"value": 0.96, "step": null, "ts": 1669343173.918847}]}, "version": 53}
{"obj": {"type": "LogStrings", "path": ["monitoring", "stdout"], "values": [{"value": "Fold 6|                 Recall: 0.92 |-|                 F1: 0.96                 ACC: 0.96 ", "step": null, "ts": 1669343173.919057}]}, "version": 54}
{"obj": {"type": "LogStrings", "path": ["monitoring", "stdout"], "values": [{"value": " ", "step": null, "ts": 1669343173.919204}]}, "version": 55}
{"obj": {"type": "LogStrings", "path": ["monitoring", "stdout"], "values": [{"value": "ROC: 0.98", "step": null, "ts": 1669343173.919307}]}, "version": 56}
{"obj": {"type": "LogStrings", "path": ["monitoring", "stdout"], "values": [{"value": "\n", "step": null, "ts": 1669343173.9194188}]}, "version": 57}
{"obj": {"type": "LogFloats", "path": ["train", "roc_auc_score"], "values": [{"value": 0.9829302987197724, "step": null, "ts": 1669343173.930729}]}, "version": 58}
{"obj": {"type": "LogFloats", "path": ["train", "recall_score"], "values": [{"value": 0.918918918918919, "step": null, "ts": 1669343173.933492}]}, "version": 59}
{"obj": {"type": "LogFloats", "path": ["train", "f1_score"], "values": [{"value": 0.9577464788732395, "step": null, "ts": 1669343173.933666}]}, "version": 60}
{"obj": {"type": "LogFloats", "path": ["train", "accuracy"], "values": [{"value": 0.96, "step": null, "ts": 1669343173.9337962}]}, "version": 61}
{"obj": {"type": "LogStrings", "path": ["monitoring", "stdout"], "values": [{"value": "Fold 7|                 Recall: 0.92 |-|                 F1: 0.96                 ACC: 0.96 ", "step": null, "ts": 1669343173.933964}]}, "version": 62}
{"obj": {"type": "LogStrings", "path": ["monitoring", "stdout"], "values": [{"value": " ", "step": null, "ts": 1669343173.934124}]}, "version": 63}
{"obj": {"type": "LogStrings", "path": ["monitoring", "stdout"], "values": [{"value": "ROC: 0.98", "step": null, "ts": 1669343173.934222}]}, "version": 64}
{"obj": {"type": "LogStrings", "path": ["monitoring", "stdout"], "values": [{"value": "\n", "step": null, "ts": 1669343173.93438}]}, "version": 65}
{"obj": {"type": "LogFloats", "path": ["train", "roc_auc_score"], "values": [{"value": 0.9704836415362732, "step": null, "ts": 1669343173.94449}]}, "version": 66}
{"obj": {"type": "LogFloats", "path": ["train", "recall_score"], "values": [{"value": 0.918918918918919, "step": null, "ts": 1669343173.947073}]}, "version": 67}
{"obj": {"type": "LogFloats", "path": ["train", "f1_score"], "values": [{"value": 0.9577464788732395, "step": null, "ts": 1669343173.9472132}]}, "version": 68}
{"obj": {"type": "LogFloats", "path": ["train", "accuracy"], "values": [{"value": 0.96, "step": null, "ts": 1669343173.947304}]}, "version": 69}
{"obj": {"type": "LogStrings", "path": ["monitoring", "stdout"], "values": [{"value": "Fold 8|                 Recall: 0.92 |-|                 F1: 0.96                 ACC: 0.96 ", "step": null, "ts": 1669343173.947435}]}, "version": 70}
{"obj": {"type": "LogStrings", "path": ["monitoring", "stdout"], "values": [{"value": " ", "step": null, "ts": 1669343173.947538}]}, "version": 71}
{"obj": {"type": "LogStrings", "path": ["monitoring", "stdout"], "values": [{"value": "ROC: 0.97", "step": null, "ts": 1669343173.947619}]}, "version": 72}
{"obj": {"type": "LogStrings", "path": ["monitoring", "stdout"], "values": [{"value": "\n", "step": null, "ts": 1669343173.9477088}]}, "version": 73}
{"obj": {"type": "LogFloats", "path": ["train", "roc_auc_score"], "values": [{"value": 0.9690611664295874, "step": null, "ts": 1669343173.9587982}]}, "version": 74}
{"obj": {"type": "LogFloats", "path": ["train", "recall_score"], "values": [{"value": 0.7837837837837838, "step": null, "ts": 1669343173.962773}]}, "version": 75}
{"obj": {"type": "LogFloats", "path": ["train", "f1_score"], "values": [{"value": 0.8787878787878788, "step": null, "ts": 1669343173.962989}]}, "version": 76}
{"obj": {"type": "LogFloats", "path": ["train", "accuracy"], "values": [{"value": 0.8933333333333333, "step": null, "ts": 1669343173.963132}]}, "version": 77}
{"obj": {"type": "LogStrings", "path": ["monitoring", "stdout"], "values": [{"value": "Fold 9|                 Recall: 0.78 |-|                 F1: 0.88                 ACC: 0.89 ", "step": null, "ts": 1669343173.9632971}]}, "version": 78}
{"obj": {"type": "LogStrings", "path": ["monitoring", "stdout"], "values": [{"value": " ", "step": null, "ts": 1669343173.963406}]}, "version": 79}
{"obj": {"type": "LogStrings", "path": ["monitoring", "stdout"], "values": [{"value": "ROC: 0.97", "step": null, "ts": 1669343173.9634938}]}, "version": 80}
{"obj": {"type": "LogStrings", "path": ["monitoring", "stdout"], "values": [{"value": "\n", "step": null, "ts": 1669343173.963587}]}, "version": 81}
{"obj": {"type": "LogFloats", "path": ["train", "roc_auc_score"], "values": [{"value": 0.9832621082621082, "step": null, "ts": 1669343174.0083709}]}, "version": 82}
{"obj": {"type": "LogFloats", "path": ["train", "recall_score"], "values": [{"value": 0.7777777777777778, "step": null, "ts": 1669343174.012438}]}, "version": 83}
{"obj": {"type": "LogFloats", "path": ["train", "f1_score"], "values": [{"value": 0.8750000000000001, "step": null, "ts": 1669343174.014592}]}, "version": 84}
{"obj": {"type": "LogFloats", "path": ["train", "accuracy"], "values": [{"value": 0.8933333333333333, "step": null, "ts": 1669343174.0200598}]}, "version": 85}
{"obj": {"type": "LogStrings", "path": ["monitoring", "stdout"], "values": [{"value": "Fold 10|                 Recall: 0.78 |-|                 F1: 0.88                 ACC: 0.89 ", "step": null, "ts": 1669343174.020376}]}, "version": 86}
{"obj": {"type": "LogStrings", "path": ["monitoring", "stdout"], "values": [{"value": " ", "step": null, "ts": 1669343174.0205}]}, "version": 87}
{"obj": {"type": "LogStrings", "path": ["monitoring", "stdout"], "values": [{"value": "ROC: 0.98", "step": null, "ts": 1669343174.0205839}]}, "version": 88}
{"obj": {"type": "LogStrings", "path": ["monitoring", "stdout"], "values": [{"value": "\n", "step": null, "ts": 1669343174.020677}]}, "version": 89}
{"obj": {"type": "LogFloats", "path": ["train", "roc_auc_score"], "values": [{"value": 0.9228307254623045, "step": null, "ts": 1669343174.084237}]}, "version": 90}
{"obj": {"type": "LogFloats", "path": ["train", "recall_score"], "values": [{"value": 0.8378378378378378, "step": null, "ts": 1669343174.0926778}]}, "version": 91}
{"obj": {"type": "LogFloats", "path": ["train", "f1_score"], "values": [{"value": 0.911764705882353, "step": null, "ts": 1669343174.092926}]}, "version": 92}
{"obj": {"type": "LogFloats", "path": ["train", "accuracy"], "values": [{"value": 0.92, "step": null, "ts": 1669343174.093025}]}, "version": 93}
{"obj": {"type": "LogStrings", "path": ["monitoring", "stdout"], "values": [{"value": "Fold 11|                 Recall: 0.84 |-|                 F1: 0.91                 ACC: 0.92 ", "step": null, "ts": 1669343174.0931652}]}, "version": 94}
{"obj": {"type": "LogStrings", "path": ["monitoring", "stdout"], "values": [{"value": " ", "step": null, "ts": 1669343174.0932548}]}, "version": 95}
{"obj": {"type": "LogStrings", "path": ["monitoring", "stdout"], "values": [{"value": "ROC: 0.92", "step": null, "ts": 1669343174.093329}]}, "version": 96}
{"obj": {"type": "LogStrings", "path": ["monitoring", "stdout"], "values": [{"value": "\n", "step": null, "ts": 1669343174.093415}]}, "version": 97}
{"obj": {"type": "LogFloats", "path": ["train", "roc_auc_score"], "values": [{"value": 0.9950213371266003, "step": null, "ts": 1669343174.1059}]}, "version": 98}
{"obj": {"type": "LogFloats", "path": ["train", "recall_score"], "values": [{"value": 0.918918918918919, "step": null, "ts": 1669343174.111956}]}, "version": 99}
{"obj": {"type": "LogFloats", "path": ["train", "f1_score"], "values": [{"value": 0.9577464788732395, "step": null, "ts": 1669343174.112201}]}, "version": 100}
{"obj": {"type": "LogFloats", "path": ["train", "accuracy"], "values": [{"value": 0.96, "step": null, "ts": 1669343174.112318}]}, "version": 101}
{"obj": {"type": "LogStrings", "path": ["monitoring", "stdout"], "values": [{"value": "Fold 12|                 Recall: 0.92 |-|                 F1: 0.96                 ACC: 0.96 ", "step": null, "ts": 1669343174.11247}]}, "version": 102}
{"obj": {"type": "LogStrings", "path": ["monitoring", "stdout"], "values": [{"value": " ", "step": null, "ts": 1669343174.112577}]}, "version": 103}
{"obj": {"type": "LogStrings", "path": ["monitoring", "stdout"], "values": [{"value": "ROC: 1.0", "step": null, "ts": 1669343174.1126678}]}, "version": 104}
{"obj": {"type": "LogStrings", "path": ["monitoring", "stdout"], "values": [{"value": "\n", "step": null, "ts": 1669343174.113868}]}, "version": 105}
{"obj": {"type": "LogFloats", "path": ["train", "roc_auc_score"], "values": [{"value": 0.9690611664295876, "step": null, "ts": 1669343174.123272}]}, "version": 106}
{"obj": {"type": "LogFloats", "path": ["train", "recall_score"], "values": [{"value": 0.8648648648648649, "step": null, "ts": 1669343174.125505}]}, "version": 107}
{"obj": {"type": "LogFloats", "path": ["train", "f1_score"], "values": [{"value": 0.9142857142857143, "step": null, "ts": 1669343174.126266}]}, "version": 108}
{"obj": {"type": "LogFloats", "path": ["train", "accuracy"], "values": [{"value": 0.92, "step": null, "ts": 1669343174.126688}]}, "version": 109}
{"obj": {"type": "LogStrings", "path": ["monitoring", "stdout"], "values": [{"value": "Fold 13|                 Recall: 0.86 |-|                 F1: 0.91                 ACC: 0.92 ", "step": null, "ts": 1669343174.126899}]}, "version": 110}
{"obj": {"type": "LogStrings", "path": ["monitoring", "stdout"], "values": [{"value": " ", "step": null, "ts": 1669343174.127029}]}, "version": 111}
{"obj": {"type": "LogStrings", "path": ["monitoring", "stdout"], "values": [{"value": "ROC: 0.97", "step": null, "ts": 1669343174.129793}]}, "version": 112}
{"obj": {"type": "LogStrings", "path": ["monitoring", "stdout"], "values": [{"value": "\n", "step": null, "ts": 1669343174.1307678}]}, "version": 113}
{"obj": {"type": "LogFloats", "path": ["train", "roc_auc_score"], "values": [{"value": 0.9761735419630156, "step": null, "ts": 1669343174.158506}]}, "version": 114}
{"obj": {"type": "LogFloats", "path": ["train", "recall_score"], "values": [{"value": 0.9459459459459459, "step": null, "ts": 1669343174.160736}]}, "version": 115}
{"obj": {"type": "LogFloats", "path": ["train", "f1_score"], "values": [{"value": 0.9722222222222222, "step": null, "ts": 1669343174.1608698}]}, "version": 116}
{"obj": {"type": "LogFloats", "path": ["train", "accuracy"], "values": [{"value": 0.9733333333333334, "step": null, "ts": 1669343174.160961}]}, "version": 117}
{"obj": {"type": "LogStrings", "path": ["monitoring", "stdout"], "values": [{"value": "Fold 14|                 Recall: 0.95 |-|                 F1: 0.97                 ACC: 0.97 ", "step": null, "ts": 1669343174.161099}]}, "version": 118}
{"obj": {"type": "LogStrings", "path": ["monitoring", "stdout"], "values": [{"value": " ", "step": null, "ts": 1669343174.161194}]}, "version": 119}
{"obj": {"type": "LogStrings", "path": ["monitoring", "stdout"], "values": [{"value": "ROC: 0.98", "step": null, "ts": 1669343174.161275}]}, "version": 120}
{"obj": {"type": "LogStrings", "path": ["monitoring", "stdout"], "values": [{"value": "\n", "step": null, "ts": 1669343174.161363}]}, "version": 121}
{"obj": {"type": "LogFloats", "path": ["train", "roc_auc_score"], "values": [{"value": 0.9726173541963017, "step": null, "ts": 1669343174.18449}]}, "version": 122}
{"obj": {"type": "LogFloats", "path": ["train", "recall_score"], "values": [{"value": 0.8918918918918919, "step": null, "ts": 1669343174.1908438}]}, "version": 123}
{"obj": {"type": "LogFloats", "path": ["train", "f1_score"], "values": [{"value": 0.9428571428571428, "step": null, "ts": 1669343174.191066}]}, "version": 124}
{"obj": {"type": "LogFloats", "path": ["train", "accuracy"], "values": [{"value": 0.9466666666666667, "step": null, "ts": 1669343174.191224}]}, "version": 125}
{"obj": {"type": "LogStrings", "path": ["monitoring", "stdout"], "values": [{"value": "Fold 15|                 Recall: 0.89 |-|                 F1: 0.94                 ACC: 0.95 ", "step": null, "ts": 1669343174.1914508}]}, "version": 126}
{"obj": {"type": "LogStrings", "path": ["monitoring", "stdout"], "values": [{"value": " ", "step": null, "ts": 1669343174.1917372}]}, "version": 127}
{"obj": {"type": "LogStrings", "path": ["monitoring", "stdout"], "values": [{"value": "ROC: 0.97", "step": null, "ts": 1669343174.191872}]}, "version": 128}
{"obj": {"type": "LogStrings", "path": ["monitoring", "stdout"], "values": [{"value": "\n", "step": null, "ts": 1669343174.192344}]}, "version": 129}
{"obj": {"type": "LogFloats", "path": ["train", "roc_auc_score"], "values": [{"value": 0.9857752489331437, "step": null, "ts": 1669343174.2118359}]}, "version": 130}
{"obj": {"type": "LogFloats", "path": ["train", "recall_score"], "values": [{"value": 0.8378378378378378, "step": null, "ts": 1669343174.217099}]}, "version": 131}
{"obj": {"type": "LogFloats", "path": ["train", "f1_score"], "values": [{"value": 0.911764705882353, "step": null, "ts": 1669343174.2172549}]}, "version": 132}
{"obj": {"type": "LogFloats", "path": ["train", "accuracy"], "values": [{"value": 0.92, "step": null, "ts": 1669343174.2174}]}, "version": 133}
{"obj": {"type": "LogStrings", "path": ["monitoring", "stdout"], "values": [{"value": "Fold 16|                 Recall: 0.84 |-|                 F1: 0.91                 ACC: 0.92 ", "step": null, "ts": 1669343174.217984}]}, "version": 134}
{"obj": {"type": "LogStrings", "path": ["monitoring", "stdout"], "values": [{"value": " ", "step": null, "ts": 1669343174.218266}]}, "version": 135}
{"obj": {"type": "LogStrings", "path": ["monitoring", "stdout"], "values": [{"value": "ROC: 0.99", "step": null, "ts": 1669343174.218675}]}, "version": 136}
{"obj": {"type": "LogStrings", "path": ["monitoring", "stdout"], "values": [{"value": "\n", "step": null, "ts": 1669343174.221236}]}, "version": 137}
{"obj": {"type": "LogFloats", "path": ["train", "roc_auc_score"], "values": [{"value": 0.9818634423897582, "step": null, "ts": 1669343174.236803}]}, "version": 138}
{"obj": {"type": "LogFloats", "path": ["train", "recall_score"], "values": [{"value": 0.8108108108108109, "step": null, "ts": 1669343174.241311}]}, "version": 139}
{"obj": {"type": "LogFloats", "path": ["train", "f1_score"], "values": [{"value": 0.8955223880597014, "step": null, "ts": 1669343174.241545}]}, "version": 140}
{"obj": {"type": "LogFloats", "path": ["train", "accuracy"], "values": [{"value": 0.9066666666666666, "step": null, "ts": 1669343174.241693}]}, "version": 141}
{"obj": {"type": "LogStrings", "path": ["monitoring", "stdout"], "values": [{"value": "Fold 17|                 Recall: 0.81 |-|                 F1: 0.9                 ACC: 0.91 ", "step": null, "ts": 1669343174.241913}]}, "version": 142}
{"obj": {"type": "LogStrings", "path": ["monitoring", "stdout"], "values": [{"value": " ", "step": null, "ts": 1669343174.242226}]}, "version": 143}
{"obj": {"type": "LogStrings", "path": ["monitoring", "stdout"], "values": [{"value": "ROC: 0.98", "step": null, "ts": 1669343174.2424052}]}, "version": 144}
{"obj": {"type": "LogStrings", "path": ["monitoring", "stdout"], "values": [{"value": "\n", "step": null, "ts": 1669343174.2425642}]}, "version": 145}
{"obj": {"type": "LogFloats", "path": ["train", "roc_auc_score"], "values": [{"value": 0.980085348506401, "step": null, "ts": 1669343174.257754}]}, "version": 146}
{"obj": {"type": "LogFloats", "path": ["train", "recall_score"], "values": [{"value": 0.8648648648648649, "step": null, "ts": 1669343174.267476}]}, "version": 147}
{"obj": {"type": "LogFloats", "path": ["train", "f1_score"], "values": [{"value": 0.927536231884058, "step": null, "ts": 1669343174.267654}]}, "version": 148}
{"obj": {"type": "LogFloats", "path": ["train", "accuracy"], "values": [{"value": 0.9333333333333333, "step": null, "ts": 1669343174.267744}]}, "version": 149}
{"obj": {"type": "LogStrings", "path": ["monitoring", "stdout"], "values": [{"value": "Fold 18|                 Recall: 0.86 |-|                 F1: 0.93                 ACC: 0.93 ", "step": null, "ts": 1669343174.267915}]}, "version": 150}
{"obj": {"type": "LogStrings", "path": ["monitoring", "stdout"], "values": [{"value": " ", "step": null, "ts": 1669343174.268358}]}, "version": 151}
{"obj": {"type": "LogStrings", "path": ["monitoring", "stdout"], "values": [{"value": "ROC: 0.98", "step": null, "ts": 1669343174.269846}]}, "version": 152}
{"obj": {"type": "LogStrings", "path": ["monitoring", "stdout"], "values": [{"value": "\n", "step": null, "ts": 1669343174.270072}]}, "version": 153}
{"obj": {"type": "LogFloats", "path": ["train", "roc_auc_score"], "values": [{"value": 0.980796586059744, "step": null, "ts": 1669343174.286947}]}, "version": 154}
{"obj": {"type": "LogFloats", "path": ["train", "recall_score"], "values": [{"value": 0.8918918918918919, "step": null, "ts": 1669343174.291792}]}, "version": 155}
{"obj": {"type": "LogFloats", "path": ["train", "f1_score"], "values": [{"value": 0.9428571428571428, "step": null, "ts": 1669343174.292255}]}, "version": 156}
{"obj": {"type": "LogFloats", "path": ["train", "accuracy"], "values": [{"value": 0.9466666666666667, "step": null, "ts": 1669343174.292504}]}, "version": 157}
{"obj": {"type": "LogStrings", "path": ["monitoring", "stdout"], "values": [{"value": "Fold 19|                 Recall: 0.89 |-|                 F1: 0.94                 ACC: 0.95 ", "step": null, "ts": 1669343174.2927518}]}, "version": 158}
{"obj": {"type": "LogStrings", "path": ["monitoring", "stdout"], "values": [{"value": " ", "step": null, "ts": 1669343174.292921}]}, "version": 159}
{"obj": {"type": "LogStrings", "path": ["monitoring", "stdout"], "values": [{"value": "ROC: 0.98", "step": null, "ts": 1669343174.2930381}]}, "version": 160}
{"obj": {"type": "LogStrings", "path": ["monitoring", "stdout"], "values": [{"value": "\n", "step": null, "ts": 1669343174.293192}]}, "version": 161}
{"obj": {"type": "LogFloats", "path": ["train", "roc_auc_score"], "values": [{"value": 0.9323361823361822, "step": null, "ts": 1669343174.311763}]}, "version": 162}
{"obj": {"type": "LogFloats", "path": ["train", "recall_score"], "values": [{"value": 0.7777777777777778, "step": null, "ts": 1669343174.318309}]}, "version": 163}
{"obj": {"type": "LogFloats", "path": ["train", "f1_score"], "values": [{"value": 0.8750000000000001, "step": null, "ts": 1669343174.3186119}]}, "version": 164}
{"obj": {"type": "LogFloats", "path": ["train", "accuracy"], "values": [{"value": 0.8933333333333333, "step": null, "ts": 1669343174.318799}]}, "version": 165}
{"obj": {"type": "LogStrings", "path": ["monitoring", "stdout"], "values": [{"value": "Fold 20|                 Recall: 0.78 |-|                 F1: 0.88                 ACC: 0.89 ", "step": null, "ts": 1669343174.318964}]}, "version": 166}
{"obj": {"type": "LogStrings", "path": ["monitoring", "stdout"], "values": [{"value": " ", "step": null, "ts": 1669343174.319058}]}, "version": 167}
{"obj": {"type": "LogStrings", "path": ["monitoring", "stdout"], "values": [{"value": "ROC: 0.93", "step": null, "ts": 1669343174.319133}]}, "version": 168}
{"obj": {"type": "LogStrings", "path": ["monitoring", "stdout"], "values": [{"value": "\n", "step": null, "ts": 1669343174.319218}]}, "version": 169}
{"obj": {"type": "UploadFile", "path": ["train", "conf_matrix"], "ext": "png", "file_path": "/Users/cosmoremit/Documents/AcNice/credit-card-fraud-detection/resources/plots/train_conf_matrix.png", "clean_after_upload": false}, "version": 170}
{"obj": {"type": "LogFloats", "path": ["train", "roc_auc"], "values": [{"value": 0.9829503019439643, "step": null, "ts": 1669343174.641475}]}, "version": 171}
{"obj": {"type": "UploadFile", "path": ["train", "roc_curv"], "ext": "png", "file_path": "/Users/cosmoremit/Documents/AcNice/credit-card-fraud-detection/resources/plots/roc/knn_train_conf_matrix.png", "clean_after_upload": false}, "version": 172}
{"obj": {"type": "LogFloats", "path": ["train", "recall_score"], "values": [{"value": 0.8644986449864499, "step": null, "ts": 1669343174.8276072}]}, "version": 173}
{"obj": {"type": "LogFloats", "path": ["train", "f1_score"], "values": [{"value": 0.9259796806966617, "step": null, "ts": 1669343174.827747}]}, "version": 174}
{"obj": {"type": "LogFloats", "path": ["train", "accuracy"], "values": [{"value": 0.932, "step": null, "ts": 1669343174.82783}]}, "version": 175}
{"obj": {"type": "UploadFile", "path": ["train", "conf_matrix"], "ext": "png", "file_path": "/Users/cosmoremit/Documents/AcNice/credit-card-fraud-detection/resources/plots/conf_mat/knn_train_conf_matrix.png", "clean_after_upload": false}, "version": 176}
{"obj": {"type": "LogFloats", "path": ["eval", "roc_auc"], "values": [{"value": 0.9697522565776839, "step": null, "ts": 1669343174.984716}]}, "version": 177}
{"obj": {"type": "UploadFile", "path": ["eval", "roc_curv"], "ext": "png", "file_path": "/Users/cosmoremit/Documents/AcNice/credit-card-fraud-detection/resources/plots/roc/knn_eval_conf_matrix.png", "clean_after_upload": false}, "version": 178}
{"obj": {"type": "LogFloats", "path": ["eval", "recall_score"], "values": [{"value": 0.8861788617886179, "step": null, "ts": 1669343175.12195}]}, "version": 179}
{"obj": {"type": "LogFloats", "path": ["eval", "f1_score"], "values": [{"value": 0.9396551724137931, "step": null, "ts": 1669343175.1221251}]}, "version": 180}
{"obj": {"type": "LogFloats", "path": ["eval", "accuracy"], "values": [{"value": 0.944, "step": null, "ts": 1669343175.122241}]}, "version": 181}
{"obj": {"type": "UploadFile", "path": ["eval", "conf_matrix"], "ext": "png", "file_path": "/Users/cosmoremit/Documents/AcNice/credit-card-fraud-detection/resources/plots/conf_mat/knn_eval_conf_matrix.png", "clean_after_upload": false}, "version": 182}
{"obj": {"type": "AssignString", "path": ["model_params", "algorithm"], "value": "auto"}, "version": 183}
{"obj": {"type": "AssignInt", "path": ["model_params", "leaf_size"], "value": 30}, "version": 184}
{"obj": {"type": "AssignString", "path": ["model_params", "metric"], "value": "minkowski"}, "version": 185}
{"obj": {"type": "AssignString", "path": ["model_params", "metric_params"], "value": "None"}, "version": 186}
{"obj": {"type": "AssignString", "path": ["model_params", "n_jobs"], "value": "None"}, "version": 187}
{"obj": {"type": "AssignInt", "path": ["model_params", "n_neighbors"], "value": 10}, "version": 188}
{"obj": {"type": "AssignInt", "path": ["model_params", "p"], "value": 2}, "version": 189}
{"obj": {"type": "AssignString", "path": ["model_params", "weights"], "value": "uniform"}, "version": 190}
{"obj": {"type": "UploadFile", "path": ["models"], "ext": "pkl", "file_path": "/Users/cosmoremit/Documents/AcNice/credit-card-fraud-detection/models/knn.pkl", "clean_after_upload": false}, "version": 191}
{"obj": {"type": "AssignBool", "path": ["scaled"], "value": false}, "version": 192}
{"obj": {"type": "TrackFilesToArtifact", "path": ["train_dataset", "X_train"], "entries": [["data/features/X_train.csv", null]], "project_id": "810b60a5-0827-4211-a78d-b06e83b834ad"}, "version": 193}
{"obj": {"type": "TrackFilesToArtifact", "path": ["train_dataset", "y_train"], "entries": [["data/features/y_train.csv", null]], "project_id": "810b60a5-0827-4211-a78d-b06e83b834ad"}, "version": 194}
{"obj": {"type": "TrackFilesToArtifact", "path": ["train_dataset", "y_train"], "entries": [["notebooks/analysis.ipynb", null]], "project_id": "810b60a5-0827-4211-a78d-b06e83b834ad"}, "version": 195}
{"obj": {"type": "LogStrings", "path": ["monitoring", "stdout"], "values": [{"value": "Shutting down background jobs, please wait a moment...\n", "step": null, "ts": 1669343175.379812}]}, "version": 196}
