{"obj": {"type": "AssignString", "path": ["sys", "name"], "value": "Untitled"}, "version": 1}
{"obj": {"type": "AssignString", "path": ["sys", "description"], "value": ""}, "version": 2}
{"obj": {"type": "AssignString", "path": ["sys", "hostname"], "value": "CosmoRemits-MacBook-Pro.local"}, "version": 3}
{"obj": {"type": "AddStrings", "path": ["sys", "tags"], "values": ["CCFD (Logistic Regression) - SCALED"]}, "version": 4}
{"obj": {"type": "AssignBool", "path": ["sys", "failed"], "value": false}, "version": 5}
{"obj": {"type": "ClearStringLog", "path": ["monitoring", "stdout"]}, "version": 6}
{"obj": {"type": "ClearStringLog", "path": ["monitoring", "stderr"]}, "version": 7}
{"obj": {"type": "AssignString", "path": ["source_code", "entrypoint"], "value": "/Users/cosmoremit/Documents/AcNice/credit-card-fraud-detection/src/train.py"}, "version": 8}
{"obj": {"type": "UploadFileSet", "path": ["source_code", "files"], "file_globs": ["/Users/cosmoremit/Documents/AcNice/credit-card-fraud-detection/model.py, featurize.py, train.py, env.toml"], "reset": "False"}, "version": 9}
{"obj": {"type": "AssignInt", "path": ["model", "rf_parameters", "n_estimators"], "value": 100}, "version": 10}
{"obj": {"type": "AssignInt", "path": ["model", "rf_parameters", "max_features"], "value": 3}, "version": 11}
{"obj": {"type": "AssignFloat", "path": ["model", "rf_parameters", "max_samples"], "value": 0.8}, "version": 12}
{"obj": {"type": "AssignBool", "path": ["model_params", "bootstrap"], "value": true}, "version": 13}
{"obj": {"type": "AssignFloat", "path": ["model_params", "ccp_alpha"], "value": 0.0}, "version": 14}
{"obj": {"type": "AssignString", "path": ["model_params", "class_weight"], "value": "None"}, "version": 15}
{"obj": {"type": "AssignString", "path": ["model_params", "criterion"], "value": "gini"}, "version": 16}
{"obj": {"type": "AssignString", "path": ["model_params", "max_depth"], "value": "None"}, "version": 17}
{"obj": {"type": "AssignInt", "path": ["model_params", "max_features"], "value": 3}, "version": 18}
{"obj": {"type": "AssignString", "path": ["model_params", "max_leaf_nodes"], "value": "None"}, "version": 19}
{"obj": {"type": "AssignFloat", "path": ["model_params", "max_samples"], "value": 0.8}, "version": 20}
{"obj": {"type": "AssignFloat", "path": ["model_params", "min_impurity_decrease"], "value": 0.0}, "version": 21}
{"obj": {"type": "AssignInt", "path": ["model_params", "min_samples_leaf"], "value": 1}, "version": 22}
{"obj": {"type": "AssignInt", "path": ["model_params", "min_samples_split"], "value": 2}, "version": 23}
{"obj": {"type": "AssignFloat", "path": ["model_params", "min_weight_fraction_leaf"], "value": 0.0}, "version": 24}
{"obj": {"type": "AssignInt", "path": ["model_params", "n_estimators"], "value": 100}, "version": 25}
{"obj": {"type": "AssignString", "path": ["model_params", "n_jobs"], "value": "None"}, "version": 26}
{"obj": {"type": "AssignBool", "path": ["model_params", "oob_score"], "value": false}, "version": 27}
{"obj": {"type": "AssignString", "path": ["model_params", "random_state"], "value": "None"}, "version": 28}
{"obj": {"type": "AssignInt", "path": ["model_params", "verbose"], "value": 0}, "version": 29}
{"obj": {"type": "AssignBool", "path": ["model_params", "warm_start"], "value": false}, "version": 30}
{"obj": {"type": "LogFloats", "path": ["train", "recall_score"], "values": [{"value": 0.875, "step": null, "ts": 1668992894.610185}]}, "version": 31}
{"obj": {"type": "LogFloats", "path": ["train", "f1_score"], "values": [{"value": 0.9333333333333333, "step": null, "ts": 1668992894.610384}]}, "version": 32}
{"obj": {"type": "LogFloats", "path": ["train", "accuracy"], "values": [{"value": 0.9375, "step": null, "ts": 1668992894.610493}]}, "version": 33}
{"obj": {"type": "LogStrings", "path": ["monitoring", "stdout"], "values": [{"value": "Fold 1| Recall: 0.875 |-| F1: 0.9333333333333333 ACC: 0.9375", "step": null, "ts": 1668992894.6106062}]}, "version": 34}
{"obj": {"type": "LogStrings", "path": ["monitoring", "stdout"], "values": [{"value": "\n", "step": null, "ts": 1668992894.610729}]}, "version": 35}
{"obj": {"type": "LogFloats", "path": ["train", "recall_score"], "values": [{"value": 0.875, "step": null, "ts": 1668992895.024012}]}, "version": 36}
{"obj": {"type": "LogFloats", "path": ["train", "f1_score"], "values": [{"value": 0.9333333333333333, "step": null, "ts": 1668992895.0241761}]}, "version": 37}
{"obj": {"type": "LogFloats", "path": ["train", "accuracy"], "values": [{"value": 0.9375, "step": null, "ts": 1668992895.0242612}]}, "version": 38}
{"obj": {"type": "LogStrings", "path": ["monitoring", "stdout"], "values": [{"value": "Fold 2| Recall: 0.875 |-| F1: 0.9333333333333333 ACC: 0.9375", "step": null, "ts": 1668992895.024468}]}, "version": 39}
{"obj": {"type": "LogStrings", "path": ["monitoring", "stdout"], "values": [{"value": "\n", "step": null, "ts": 1668992895.025623}]}, "version": 40}
{"obj": {"type": "LogFloats", "path": ["train", "recall_score"], "values": [{"value": 0.75, "step": null, "ts": 1668992895.607785}]}, "version": 41}
{"obj": {"type": "LogFloats", "path": ["train", "f1_score"], "values": [{"value": 0.8571428571428571, "step": null, "ts": 1668992895.6079402}]}, "version": 42}
{"obj": {"type": "LogFloats", "path": ["train", "accuracy"], "values": [{"value": 0.875, "step": null, "ts": 1668992895.60802}]}, "version": 43}
{"obj": {"type": "LogStrings", "path": ["monitoring", "stdout"], "values": [{"value": "Fold 3| Recall: 0.75 |-| F1: 0.8571428571428571 ACC: 0.875", "step": null, "ts": 1668992895.608109}]}, "version": 44}
{"obj": {"type": "LogStrings", "path": ["monitoring", "stdout"], "values": [{"value": "\n", "step": null, "ts": 1668992895.608202}]}, "version": 45}
{"obj": {"type": "LogFloats", "path": ["train", "recall_score"], "values": [{"value": 0.875, "step": null, "ts": 1668992896.009574}]}, "version": 46}
{"obj": {"type": "LogFloats", "path": ["train", "f1_score"], "values": [{"value": 0.875, "step": null, "ts": 1668992896.0097501}]}, "version": 47}
{"obj": {"type": "LogFloats", "path": ["train", "accuracy"], "values": [{"value": 0.875, "step": null, "ts": 1668992896.009907}]}, "version": 48}
{"obj": {"type": "LogStrings", "path": ["monitoring", "stdout"], "values": [{"value": "Fold 4| Recall: 0.875 |-| F1: 0.875 ACC: 0.875", "step": null, "ts": 1668992896.010011}]}, "version": 49}
{"obj": {"type": "LogStrings", "path": ["monitoring", "stdout"], "values": [{"value": "\n", "step": null, "ts": 1668992896.01011}]}, "version": 50}
{"obj": {"type": "LogFloats", "path": ["train", "recall_score"], "values": [{"value": 0.875, "step": null, "ts": 1668992896.633266}]}, "version": 51}
{"obj": {"type": "LogFloats", "path": ["train", "f1_score"], "values": [{"value": 0.9333333333333333, "step": null, "ts": 1668992896.633586}]}, "version": 52}
{"obj": {"type": "LogFloats", "path": ["train", "accuracy"], "values": [{"value": 0.9375, "step": null, "ts": 1668992896.6337512}]}, "version": 53}
{"obj": {"type": "LogStrings", "path": ["monitoring", "stdout"], "values": [{"value": "Fold 5| Recall: 0.875 |-| F1: 0.9333333333333333 ACC: 0.9375", "step": null, "ts": 1668992896.6338692}]}, "version": 54}
{"obj": {"type": "LogStrings", "path": ["monitoring", "stdout"], "values": [{"value": "\n", "step": null, "ts": 1668992896.6339772}]}, "version": 55}
{"obj": {"type": "LogFloats", "path": ["train", "recall_score"], "values": [{"value": 0.875, "step": null, "ts": 1668992897.020406}]}, "version": 56}
{"obj": {"type": "LogFloats", "path": ["train", "f1_score"], "values": [{"value": 0.9333333333333333, "step": null, "ts": 1668992897.020586}]}, "version": 57}
{"obj": {"type": "LogFloats", "path": ["train", "accuracy"], "values": [{"value": 0.9375, "step": null, "ts": 1668992897.0206878}]}, "version": 58}
{"obj": {"type": "LogStrings", "path": ["monitoring", "stdout"], "values": [{"value": "Fold 6| Recall: 0.875 |-| F1: 0.9333333333333333 ACC: 0.9375", "step": null, "ts": 1668992897.0207932}]}, "version": 59}
{"obj": {"type": "LogStrings", "path": ["monitoring", "stdout"], "values": [{"value": "\n", "step": null, "ts": 1668992897.020899}]}, "version": 60}
{"obj": {"type": "LogFloats", "path": ["train", "recall_score"], "values": [{"value": 1.0, "step": null, "ts": 1668992897.4313269}]}, "version": 61}
{"obj": {"type": "LogFloats", "path": ["train", "f1_score"], "values": [{"value": 1.0, "step": null, "ts": 1668992897.4315462}]}, "version": 62}
{"obj": {"type": "LogFloats", "path": ["train", "accuracy"], "values": [{"value": 1.0, "step": null, "ts": 1668992897.431633}]}, "version": 63}
{"obj": {"type": "LogStrings", "path": ["monitoring", "stdout"], "values": [{"value": "Fold 7| Recall: 1.0 |-| F1: 1.0 ACC: 1.0", "step": null, "ts": 1668992897.4317288}]}, "version": 64}
{"obj": {"type": "LogStrings", "path": ["monitoring", "stdout"], "values": [{"value": "\n", "step": null, "ts": 1668992897.432841}]}, "version": 65}
{"obj": {"type": "LogFloats", "path": ["train", "recall_score"], "values": [{"value": 0.875, "step": null, "ts": 1668992897.807617}]}, "version": 66}
{"obj": {"type": "LogFloats", "path": ["train", "f1_score"], "values": [{"value": 0.9333333333333333, "step": null, "ts": 1668992897.8077838}]}, "version": 67}
{"obj": {"type": "LogFloats", "path": ["train", "accuracy"], "values": [{"value": 0.9375, "step": null, "ts": 1668992897.807869}]}, "version": 68}
{"obj": {"type": "LogStrings", "path": ["monitoring", "stdout"], "values": [{"value": "Fold 8| Recall: 0.875 |-| F1: 0.9333333333333333 ACC: 0.9375", "step": null, "ts": 1668992897.808015}]}, "version": 69}
{"obj": {"type": "LogStrings", "path": ["monitoring", "stdout"], "values": [{"value": "\n", "step": null, "ts": 1668992897.808116}]}, "version": 70}
{"obj": {"type": "LogFloats", "path": ["train", "recall_score"], "values": [{"value": 0.75, "step": null, "ts": 1668992898.142714}]}, "version": 71}
{"obj": {"type": "LogFloats", "path": ["train", "f1_score"], "values": [{"value": 0.8571428571428571, "step": null, "ts": 1668992898.1428921}]}, "version": 72}
{"obj": {"type": "LogFloats", "path": ["train", "accuracy"], "values": [{"value": 0.875, "step": null, "ts": 1668992898.1430001}]}, "version": 73}
{"obj": {"type": "LogStrings", "path": ["monitoring", "stdout"], "values": [{"value": "Fold 9| Recall: 0.75 |-| F1: 0.8571428571428571 ACC: 0.875", "step": null, "ts": 1668992898.143111}]}, "version": 74}
{"obj": {"type": "LogStrings", "path": ["monitoring", "stdout"], "values": [{"value": "\n", "step": null, "ts": 1668992898.1432252}]}, "version": 75}
{"obj": {"type": "LogFloats", "path": ["train", "recall_score"], "values": [{"value": 1.0, "step": null, "ts": 1668992898.45904}]}, "version": 76}
{"obj": {"type": "LogFloats", "path": ["train", "f1_score"], "values": [{"value": 1.0, "step": null, "ts": 1668992898.459214}]}, "version": 77}
{"obj": {"type": "LogFloats", "path": ["train", "accuracy"], "values": [{"value": 1.0, "step": null, "ts": 1668992898.459311}]}, "version": 78}
{"obj": {"type": "LogStrings", "path": ["monitoring", "stdout"], "values": [{"value": "Fold 10| Recall: 1.0 |-| F1: 1.0 ACC: 1.0", "step": null, "ts": 1668992898.459411}]}, "version": 79}
{"obj": {"type": "LogStrings", "path": ["monitoring", "stdout"], "values": [{"value": "\n", "step": null, "ts": 1668992898.4595141}]}, "version": 80}
{"obj": {"type": "LogFloats", "path": ["train", "recall_score"], "values": [{"value": 1.0, "step": null, "ts": 1668992898.7437382}]}, "version": 81}
{"obj": {"type": "LogFloats", "path": ["train", "f1_score"], "values": [{"value": 1.0, "step": null, "ts": 1668992898.7438972}]}, "version": 82}
{"obj": {"type": "LogFloats", "path": ["train", "accuracy"], "values": [{"value": 1.0, "step": null, "ts": 1668992898.743975}]}, "version": 83}
{"obj": {"type": "LogStrings", "path": ["monitoring", "stdout"], "values": [{"value": "Fold 11| Recall: 1.0 |-| F1: 1.0 ACC: 1.0", "step": null, "ts": 1668992898.7440891}]}, "version": 84}
{"obj": {"type": "LogStrings", "path": ["monitoring", "stdout"], "values": [{"value": "\n", "step": null, "ts": 1668992898.7454212}]}, "version": 85}
{"obj": {"type": "LogFloats", "path": ["train", "recall_score"], "values": [{"value": 0.875, "step": null, "ts": 1668992899.048447}]}, "version": 86}
{"obj": {"type": "LogFloats", "path": ["train", "f1_score"], "values": [{"value": 0.9333333333333333, "step": null, "ts": 1668992899.0486321}]}, "version": 87}
{"obj": {"type": "LogFloats", "path": ["train", "accuracy"], "values": [{"value": 0.9375, "step": null, "ts": 1668992899.0487401}]}, "version": 88}
{"obj": {"type": "LogStrings", "path": ["monitoring", "stdout"], "values": [{"value": "Fold 12| Recall: 0.875 |-| F1: 0.9333333333333333 ACC: 0.9375", "step": null, "ts": 1668992899.0488582}]}, "version": 89}
{"obj": {"type": "LogStrings", "path": ["monitoring", "stdout"], "values": [{"value": "\n", "step": null, "ts": 1668992899.049491}]}, "version": 90}
{"obj": {"type": "LogFloats", "path": ["train", "recall_score"], "values": [{"value": 1.0, "step": null, "ts": 1668992899.307659}]}, "version": 91}
{"obj": {"type": "LogFloats", "path": ["train", "f1_score"], "values": [{"value": 0.9411764705882353, "step": null, "ts": 1668992899.307838}]}, "version": 92}
{"obj": {"type": "LogFloats", "path": ["train", "accuracy"], "values": [{"value": 0.9375, "step": null, "ts": 1668992899.30794}]}, "version": 93}
{"obj": {"type": "LogStrings", "path": ["monitoring", "stdout"], "values": [{"value": "Fold 13| Recall: 1.0 |-| F1: 0.9411764705882353 ACC: 0.9375", "step": null, "ts": 1668992899.308047}]}, "version": 94}
{"obj": {"type": "LogStrings", "path": ["monitoring", "stdout"], "values": [{"value": "\n", "step": null, "ts": 1668992899.308157}]}, "version": 95}
{"obj": {"type": "LogFloats", "path": ["train", "recall_score"], "values": [{"value": 0.875, "step": null, "ts": 1668992899.5686169}]}, "version": 96}
{"obj": {"type": "LogFloats", "path": ["train", "f1_score"], "values": [{"value": 0.9333333333333333, "step": null, "ts": 1668992899.568782}]}, "version": 97}
{"obj": {"type": "LogFloats", "path": ["train", "accuracy"], "values": [{"value": 0.9375, "step": null, "ts": 1668992899.5688682}]}, "version": 98}
{"obj": {"type": "LogStrings", "path": ["monitoring", "stdout"], "values": [{"value": "Fold 14| Recall: 0.875 |-| F1: 0.9333333333333333 ACC: 0.9375", "step": null, "ts": 1668992899.568963}]}, "version": 99}
{"obj": {"type": "LogStrings", "path": ["monitoring", "stdout"], "values": [{"value": "\n", "step": null, "ts": 1668992899.569061}]}, "version": 100}
{"obj": {"type": "LogFloats", "path": ["train", "recall_score"], "values": [{"value": 0.875, "step": null, "ts": 1668992899.847936}]}, "version": 101}
{"obj": {"type": "LogFloats", "path": ["train", "f1_score"], "values": [{"value": 0.9333333333333333, "step": null, "ts": 1668992899.848165}]}, "version": 102}
{"obj": {"type": "LogFloats", "path": ["train", "accuracy"], "values": [{"value": 0.9375, "step": null, "ts": 1668992899.848274}]}, "version": 103}
{"obj": {"type": "LogStrings", "path": ["monitoring", "stdout"], "values": [{"value": "Fold 15| Recall: 0.875 |-| F1: 0.9333333333333333 ACC: 0.9375", "step": null, "ts": 1668992899.848393}]}, "version": 104}
{"obj": {"type": "LogStrings", "path": ["monitoring", "stdout"], "values": [{"value": "\n", "step": null, "ts": 1668992899.857331}]}, "version": 105}
{"obj": {"type": "LogFloats", "path": ["train", "recall_score"], "values": [{"value": 1.0, "step": null, "ts": 1668992900.1344}]}, "version": 106}
{"obj": {"type": "LogFloats", "path": ["train", "f1_score"], "values": [{"value": 1.0, "step": null, "ts": 1668992900.1345742}]}, "version": 107}
{"obj": {"type": "LogFloats", "path": ["train", "accuracy"], "values": [{"value": 1.0, "step": null, "ts": 1668992900.1346838}]}, "version": 108}
{"obj": {"type": "LogStrings", "path": ["monitoring", "stdout"], "values": [{"value": "Fold 16| Recall: 1.0 |-| F1: 1.0 ACC: 1.0", "step": null, "ts": 1668992900.134784}]}, "version": 109}
{"obj": {"type": "LogStrings", "path": ["monitoring", "stdout"], "values": [{"value": "\n", "step": null, "ts": 1668992900.135214}]}, "version": 110}
{"obj": {"type": "LogFloats", "path": ["train", "recall_score"], "values": [{"value": 0.875, "step": null, "ts": 1668992900.3545449}]}, "version": 111}
{"obj": {"type": "LogFloats", "path": ["train", "f1_score"], "values": [{"value": 0.9333333333333333, "step": null, "ts": 1668992900.354722}]}, "version": 112}
{"obj": {"type": "LogFloats", "path": ["train", "accuracy"], "values": [{"value": 0.9375, "step": null, "ts": 1668992900.354806}]}, "version": 113}
{"obj": {"type": "LogStrings", "path": ["monitoring", "stdout"], "values": [{"value": "Fold 17| Recall: 0.875 |-| F1: 0.9333333333333333 ACC: 0.9375", "step": null, "ts": 1668992900.354903}]}, "version": 114}
{"obj": {"type": "LogStrings", "path": ["monitoring", "stdout"], "values": [{"value": "\n", "step": null, "ts": 1668992900.355}]}, "version": 115}
{"obj": {"type": "LogFloats", "path": ["train", "recall_score"], "values": [{"value": 0.875, "step": null, "ts": 1668992900.602019}]}, "version": 116}
{"obj": {"type": "LogFloats", "path": ["train", "f1_score"], "values": [{"value": 0.9333333333333333, "step": null, "ts": 1668992900.602192}]}, "version": 117}
{"obj": {"type": "LogFloats", "path": ["train", "accuracy"], "values": [{"value": 0.9375, "step": null, "ts": 1668992900.602287}]}, "version": 118}
{"obj": {"type": "LogStrings", "path": ["monitoring", "stdout"], "values": [{"value": "Fold 18| Recall: 0.875 |-| F1: 0.9333333333333333 ACC: 0.9375", "step": null, "ts": 1668992900.602602}]}, "version": 119}
{"obj": {"type": "LogStrings", "path": ["monitoring", "stdout"], "values": [{"value": "\n", "step": null, "ts": 1668992900.602766}]}, "version": 120}
{"obj": {"type": "LogFloats", "path": ["train", "recall_score"], "values": [{"value": 1.0, "step": null, "ts": 1668992900.837652}]}, "version": 121}
{"obj": {"type": "LogFloats", "path": ["train", "f1_score"], "values": [{"value": 1.0, "step": null, "ts": 1668992900.837832}]}, "version": 122}
{"obj": {"type": "LogFloats", "path": ["train", "accuracy"], "values": [{"value": 1.0, "step": null, "ts": 1668992900.837932}]}, "version": 123}
{"obj": {"type": "LogStrings", "path": ["monitoring", "stdout"], "values": [{"value": "Fold 19| Recall: 1.0 |-| F1: 1.0 ACC: 1.0", "step": null, "ts": 1668992900.8380349}]}, "version": 124}
{"obj": {"type": "LogStrings", "path": ["monitoring", "stdout"], "values": [{"value": "\n", "step": null, "ts": 1668992900.8381429}]}, "version": 125}
{"obj": {"type": "LogFloats", "path": ["train", "recall_score"], "values": [{"value": 1.0, "step": null, "ts": 1668992901.064916}]}, "version": 126}
{"obj": {"type": "LogFloats", "path": ["train", "f1_score"], "values": [{"value": 1.0, "step": null, "ts": 1668992901.065249}]}, "version": 127}
{"obj": {"type": "LogFloats", "path": ["train", "accuracy"], "values": [{"value": 1.0, "step": null, "ts": 1668992901.06539}]}, "version": 128}
{"obj": {"type": "LogStrings", "path": ["monitoring", "stdout"], "values": [{"value": "Fold 20| Recall: 1.0 |-| F1: 1.0 ACC: 1.0", "step": null, "ts": 1668992901.0656362}]}, "version": 129}
{"obj": {"type": "LogStrings", "path": ["monitoring", "stdout"], "values": [{"value": "\n", "step": null, "ts": 1668992901.068286}]}, "version": 130}
{"obj": {"type": "LogFloats", "path": ["train", "recall_score"], "values": [{"value": 0.75, "step": null, "ts": 1668992901.5688052}]}, "version": 131}
{"obj": {"type": "LogFloats", "path": ["train", "f1_score"], "values": [{"value": 0.8571428571428571, "step": null, "ts": 1668992901.5689652}]}, "version": 132}
{"obj": {"type": "LogFloats", "path": ["train", "accuracy"], "values": [{"value": 0.875, "step": null, "ts": 1668992901.569062}]}, "version": 133}
{"obj": {"type": "LogStrings", "path": ["monitoring", "stdout"], "values": [{"value": "Fold 21| Recall: 0.75 |-| F1: 0.8571428571428571 ACC: 0.875", "step": null, "ts": 1668992901.569191}]}, "version": 134}
{"obj": {"type": "LogStrings", "path": ["monitoring", "stdout"], "values": [{"value": "\n", "step": null, "ts": 1668992901.569314}]}, "version": 135}
{"obj": {"type": "LogFloats", "path": ["train", "recall_score"], "values": [{"value": 1.0, "step": null, "ts": 1668992901.810691}]}, "version": 136}
{"obj": {"type": "LogFloats", "path": ["train", "f1_score"], "values": [{"value": 1.0, "step": null, "ts": 1668992901.8108659}]}, "version": 137}
{"obj": {"type": "LogFloats", "path": ["train", "accuracy"], "values": [{"value": 1.0, "step": null, "ts": 1668992901.8109498}]}, "version": 138}
{"obj": {"type": "LogStrings", "path": ["monitoring", "stdout"], "values": [{"value": "Fold 22| Recall: 1.0 |-| F1: 1.0 ACC: 1.0", "step": null, "ts": 1668992901.811044}]}, "version": 139}
{"obj": {"type": "LogStrings", "path": ["monitoring", "stdout"], "values": [{"value": "\n", "step": null, "ts": 1668992901.811143}]}, "version": 140}
{"obj": {"type": "LogFloats", "path": ["train", "recall_score"], "values": [{"value": 0.875, "step": null, "ts": 1668992902.008173}]}, "version": 141}
{"obj": {"type": "LogFloats", "path": ["train", "f1_score"], "values": [{"value": 0.9333333333333333, "step": null, "ts": 1668992902.0083551}]}, "version": 142}
{"obj": {"type": "LogFloats", "path": ["train", "accuracy"], "values": [{"value": 0.9375, "step": null, "ts": 1668992902.008439}]}, "version": 143}
{"obj": {"type": "LogStrings", "path": ["monitoring", "stdout"], "values": [{"value": "Fold 23| Recall: 0.875 |-| F1: 0.9333333333333333 ACC: 0.9375", "step": null, "ts": 1668992902.008547}]}, "version": 144}
{"obj": {"type": "LogStrings", "path": ["monitoring", "stdout"], "values": [{"value": "\n", "step": null, "ts": 1668992902.008647}]}, "version": 145}
{"obj": {"type": "LogFloats", "path": ["train", "recall_score"], "values": [{"value": 1.0, "step": null, "ts": 1668992902.213857}]}, "version": 146}
{"obj": {"type": "LogFloats", "path": ["train", "f1_score"], "values": [{"value": 1.0, "step": null, "ts": 1668992902.2140448}]}, "version": 147}
{"obj": {"type": "LogFloats", "path": ["train", "accuracy"], "values": [{"value": 1.0, "step": null, "ts": 1668992902.21415}]}, "version": 148}
{"obj": {"type": "LogStrings", "path": ["monitoring", "stdout"], "values": [{"value": "Fold 24| Recall: 1.0 |-| F1: 1.0 ACC: 1.0", "step": null, "ts": 1668992902.2142541}]}, "version": 149}
{"obj": {"type": "LogStrings", "path": ["monitoring", "stdout"], "values": [{"value": "\n", "step": null, "ts": 1668992902.214376}]}, "version": 150}
{"obj": {"type": "LogFloats", "path": ["train", "recall_score"], "values": [{"value": 0.875, "step": null, "ts": 1668992902.40864}]}, "version": 151}
{"obj": {"type": "LogFloats", "path": ["train", "f1_score"], "values": [{"value": 0.875, "step": null, "ts": 1668992902.4088168}]}, "version": 152}
{"obj": {"type": "LogFloats", "path": ["train", "accuracy"], "values": [{"value": 0.875, "step": null, "ts": 1668992902.408957}]}, "version": 153}
{"obj": {"type": "LogStrings", "path": ["monitoring", "stdout"], "values": [{"value": "Fold 25| Recall: 0.875 |-| F1: 0.875 ACC: 0.875", "step": null, "ts": 1668992902.4090571}]}, "version": 154}
{"obj": {"type": "LogStrings", "path": ["monitoring", "stdout"], "values": [{"value": "\n", "step": null, "ts": 1668992902.409157}]}, "version": 155}
{"obj": {"type": "LogFloats", "path": ["train", "recall_score"], "values": [{"value": 0.75, "step": null, "ts": 1668992902.607759}]}, "version": 156}
{"obj": {"type": "LogFloats", "path": ["train", "f1_score"], "values": [{"value": 0.7999999999999999, "step": null, "ts": 1668992902.607937}]}, "version": 157}
{"obj": {"type": "LogFloats", "path": ["train", "accuracy"], "values": [{"value": 0.8125, "step": null, "ts": 1668992902.608021}]}, "version": 158}
{"obj": {"type": "LogStrings", "path": ["monitoring", "stdout"], "values": [{"value": "Fold 26| Recall: 0.75 |-| F1: 0.7999999999999999 ACC: 0.8125", "step": null, "ts": 1668992902.608119}]}, "version": 159}
{"obj": {"type": "LogStrings", "path": ["monitoring", "stdout"], "values": [{"value": "\n", "step": null, "ts": 1668992902.6082182}]}, "version": 160}
{"obj": {"type": "LogFloats", "path": ["train", "recall_score"], "values": [{"value": 1.0, "step": null, "ts": 1668992902.8065972}]}, "version": 161}
{"obj": {"type": "LogFloats", "path": ["train", "f1_score"], "values": [{"value": 1.0, "step": null, "ts": 1668992902.806803}]}, "version": 162}
{"obj": {"type": "LogFloats", "path": ["train", "accuracy"], "values": [{"value": 1.0, "step": null, "ts": 1668992902.806926}]}, "version": 163}
{"obj": {"type": "LogStrings", "path": ["monitoring", "stdout"], "values": [{"value": "Fold 27| Recall: 1.0 |-| F1: 1.0 ACC: 1.0", "step": null, "ts": 1668992902.807043}]}, "version": 164}
{"obj": {"type": "LogStrings", "path": ["monitoring", "stdout"], "values": [{"value": "\n", "step": null, "ts": 1668992902.807161}]}, "version": 165}
{"obj": {"type": "LogFloats", "path": ["train", "recall_score"], "values": [{"value": 0.75, "step": null, "ts": 1668992903.0094001}]}, "version": 166}
{"obj": {"type": "LogFloats", "path": ["train", "f1_score"], "values": [{"value": 0.8571428571428571, "step": null, "ts": 1668992903.0095732}]}, "version": 167}
{"obj": {"type": "LogFloats", "path": ["train", "accuracy"], "values": [{"value": 0.875, "step": null, "ts": 1668992903.009658}]}, "version": 168}
{"obj": {"type": "LogStrings", "path": ["monitoring", "stdout"], "values": [{"value": "Fold 28| Recall: 0.75 |-| F1: 0.8571428571428571 ACC: 0.875", "step": null, "ts": 1668992903.0097558}]}, "version": 169}
{"obj": {"type": "LogStrings", "path": ["monitoring", "stdout"], "values": [{"value": "\n", "step": null, "ts": 1668992903.0098538}]}, "version": 170}
{"obj": {"type": "LogFloats", "path": ["train", "recall_score"], "values": [{"value": 1.0, "step": null, "ts": 1668992903.2106721}]}, "version": 171}
{"obj": {"type": "LogFloats", "path": ["train", "f1_score"], "values": [{"value": 1.0, "step": null, "ts": 1668992903.210848}]}, "version": 172}
{"obj": {"type": "LogFloats", "path": ["train", "accuracy"], "values": [{"value": 1.0, "step": null, "ts": 1668992903.210931}]}, "version": 173}
{"obj": {"type": "LogStrings", "path": ["monitoring", "stdout"], "values": [{"value": "Fold 29| Recall: 1.0 |-| F1: 1.0 ACC: 1.0", "step": null, "ts": 1668992903.211025}]}, "version": 174}
{"obj": {"type": "LogStrings", "path": ["monitoring", "stdout"], "values": [{"value": "\n", "step": null, "ts": 1668992903.211124}]}, "version": 175}
{"obj": {"type": "LogFloats", "path": ["train", "recall_score"], "values": [{"value": 0.625, "step": null, "ts": 1668992903.409855}]}, "version": 176}
{"obj": {"type": "LogFloats", "path": ["train", "f1_score"], "values": [{"value": 0.7142857142857143, "step": null, "ts": 1668992903.410025}]}, "version": 177}
{"obj": {"type": "LogFloats", "path": ["train", "accuracy"], "values": [{"value": 0.75, "step": null, "ts": 1668992903.4101079}]}, "version": 178}
{"obj": {"type": "LogStrings", "path": ["monitoring", "stdout"], "values": [{"value": "Fold 30| Recall: 0.625 |-| F1: 0.7142857142857143 ACC: 0.75", "step": null, "ts": 1668992903.410204}]}, "version": 179}
{"obj": {"type": "LogStrings", "path": ["monitoring", "stdout"], "values": [{"value": "\n", "step": null, "ts": 1668992903.410302}]}, "version": 180}
{"obj": {"type": "LogFloats", "path": ["train", "recall_score"], "values": [{"value": 1.0, "step": null, "ts": 1668992903.6110358}]}, "version": 181}
{"obj": {"type": "LogFloats", "path": ["train", "f1_score"], "values": [{"value": 1.0, "step": null, "ts": 1668992903.6112409}]}, "version": 182}
{"obj": {"type": "LogFloats", "path": ["train", "accuracy"], "values": [{"value": 1.0, "step": null, "ts": 1668992903.611362}]}, "version": 183}
{"obj": {"type": "LogStrings", "path": ["monitoring", "stdout"], "values": [{"value": "Fold 31| Recall: 1.0 |-| F1: 1.0 ACC: 1.0", "step": null, "ts": 1668992903.611476}]}, "version": 184}
{"obj": {"type": "LogStrings", "path": ["monitoring", "stdout"], "values": [{"value": "\n", "step": null, "ts": 1668992903.61159}]}, "version": 185}
{"obj": {"type": "LogFloats", "path": ["train", "recall_score"], "values": [{"value": 1.0, "step": null, "ts": 1668992903.81273}]}, "version": 186}
{"obj": {"type": "LogFloats", "path": ["train", "f1_score"], "values": [{"value": 0.9411764705882353, "step": null, "ts": 1668992903.812907}]}, "version": 187}
{"obj": {"type": "LogFloats", "path": ["train", "accuracy"], "values": [{"value": 0.9375, "step": null, "ts": 1668992903.812997}]}, "version": 188}
{"obj": {"type": "LogStrings", "path": ["monitoring", "stdout"], "values": [{"value": "Fold 32| Recall: 1.0 |-| F1: 0.9411764705882353 ACC: 0.9375", "step": null, "ts": 1668992903.813099}]}, "version": 189}
{"obj": {"type": "LogStrings", "path": ["monitoring", "stdout"], "values": [{"value": "\n", "step": null, "ts": 1668992903.8132029}]}, "version": 190}
{"obj": {"type": "LogFloats", "path": ["train", "recall_score"], "values": [{"value": 0.875, "step": null, "ts": 1668992904.002524}]}, "version": 191}
{"obj": {"type": "LogFloats", "path": ["train", "f1_score"], "values": [{"value": 0.9333333333333333, "step": null, "ts": 1668992904.002697}]}, "version": 192}
{"obj": {"type": "LogFloats", "path": ["train", "accuracy"], "values": [{"value": 0.9375, "step": null, "ts": 1668992904.002781}]}, "version": 193}
{"obj": {"type": "LogStrings", "path": ["monitoring", "stdout"], "values": [{"value": "Fold 33| Recall: 0.875 |-| F1: 0.9333333333333333 ACC: 0.9375", "step": null, "ts": 1668992904.002878}]}, "version": 194}
{"obj": {"type": "LogStrings", "path": ["monitoring", "stdout"], "values": [{"value": "\n", "step": null, "ts": 1668992904.002979}]}, "version": 195}
{"obj": {"type": "LogFloats", "path": ["train", "recall_score"], "values": [{"value": 1.0, "step": null, "ts": 1668992904.196636}]}, "version": 196}
{"obj": {"type": "LogFloats", "path": ["train", "f1_score"], "values": [{"value": 1.0, "step": null, "ts": 1668992904.196811}]}, "version": 197}
{"obj": {"type": "LogFloats", "path": ["train", "accuracy"], "values": [{"value": 1.0, "step": null, "ts": 1668992904.196895}]}, "version": 198}
{"obj": {"type": "LogStrings", "path": ["monitoring", "stdout"], "values": [{"value": "Fold 34| Recall: 1.0 |-| F1: 1.0 ACC: 1.0", "step": null, "ts": 1668992904.19699}]}, "version": 199}
{"obj": {"type": "LogStrings", "path": ["monitoring", "stdout"], "values": [{"value": "\n", "step": null, "ts": 1668992904.197095}]}, "version": 200}
{"obj": {"type": "LogFloats", "path": ["train", "recall_score"], "values": [{"value": 1.0, "step": null, "ts": 1668992904.3939059}]}, "version": 201}
{"obj": {"type": "LogFloats", "path": ["train", "f1_score"], "values": [{"value": 1.0, "step": null, "ts": 1668992904.394091}]}, "version": 202}
{"obj": {"type": "LogFloats", "path": ["train", "accuracy"], "values": [{"value": 1.0, "step": null, "ts": 1668992904.394173}]}, "version": 203}
{"obj": {"type": "LogStrings", "path": ["monitoring", "stdout"], "values": [{"value": "Fold 35| Recall: 1.0 |-| F1: 1.0 ACC: 1.0", "step": null, "ts": 1668992904.394315}]}, "version": 204}
{"obj": {"type": "LogStrings", "path": ["monitoring", "stdout"], "values": [{"value": "\n", "step": null, "ts": 1668992904.3944142}]}, "version": 205}
{"obj": {"type": "LogFloats", "path": ["train", "recall_score"], "values": [{"value": 0.5, "step": null, "ts": 1668992904.5905302}]}, "version": 206}
{"obj": {"type": "LogFloats", "path": ["train", "f1_score"], "values": [{"value": 0.6666666666666666, "step": null, "ts": 1668992904.5906901}]}, "version": 207}
{"obj": {"type": "LogFloats", "path": ["train", "accuracy"], "values": [{"value": 0.75, "step": null, "ts": 1668992904.590775}]}, "version": 208}
{"obj": {"type": "LogStrings", "path": ["monitoring", "stdout"], "values": [{"value": "Fold 36| Recall: 0.5 |-| F1: 0.6666666666666666 ACC: 0.75", "step": null, "ts": 1668992904.590872}]}, "version": 209}
{"obj": {"type": "LogStrings", "path": ["monitoring", "stdout"], "values": [{"value": "\n", "step": null, "ts": 1668992904.59097}]}, "version": 210}
{"obj": {"type": "LogFloats", "path": ["train", "recall_score"], "values": [{"value": 0.75, "step": null, "ts": 1668992904.7871182}]}, "version": 211}
{"obj": {"type": "LogFloats", "path": ["train", "f1_score"], "values": [{"value": 0.8571428571428571, "step": null, "ts": 1668992904.787293}]}, "version": 212}
{"obj": {"type": "LogFloats", "path": ["train", "accuracy"], "values": [{"value": 0.875, "step": null, "ts": 1668992904.7873778}]}, "version": 213}
{"obj": {"type": "LogStrings", "path": ["monitoring", "stdout"], "values": [{"value": "Fold 37| Recall: 0.75 |-| F1: 0.8571428571428571 ACC: 0.875", "step": null, "ts": 1668992904.7874749}]}, "version": 214}
{"obj": {"type": "LogStrings", "path": ["monitoring", "stdout"], "values": [{"value": "\n", "step": null, "ts": 1668992904.787572}]}, "version": 215}
{"obj": {"type": "LogFloats", "path": ["train", "recall_score"], "values": [{"value": 0.5, "step": null, "ts": 1668992904.978412}]}, "version": 216}
{"obj": {"type": "LogFloats", "path": ["train", "f1_score"], "values": [{"value": 0.6666666666666666, "step": null, "ts": 1668992904.978582}]}, "version": 217}
{"obj": {"type": "LogFloats", "path": ["train", "accuracy"], "values": [{"value": 0.75, "step": null, "ts": 1668992904.9786649}]}, "version": 218}
{"obj": {"type": "LogStrings", "path": ["monitoring", "stdout"], "values": [{"value": "Fold 38| Recall: 0.5 |-| F1: 0.6666666666666666 ACC: 0.75", "step": null, "ts": 1668992904.978761}]}, "version": 219}
{"obj": {"type": "LogStrings", "path": ["monitoring", "stdout"], "values": [{"value": "\n", "step": null, "ts": 1668992904.978859}]}, "version": 220}
{"obj": {"type": "LogFloats", "path": ["train", "recall_score"], "values": [{"value": 1.0, "step": null, "ts": 1668992905.191458}]}, "version": 221}
{"obj": {"type": "LogFloats", "path": ["train", "f1_score"], "values": [{"value": 1.0, "step": null, "ts": 1668992905.1916301}]}, "version": 222}
{"obj": {"type": "LogFloats", "path": ["train", "accuracy"], "values": [{"value": 1.0, "step": null, "ts": 1668992905.1917162}]}, "version": 223}
{"obj": {"type": "LogStrings", "path": ["monitoring", "stdout"], "values": [{"value": "Fold 39| Recall: 1.0 |-| F1: 1.0 ACC: 1.0", "step": null, "ts": 1668992905.191812}]}, "version": 224}
{"obj": {"type": "LogStrings", "path": ["monitoring", "stdout"], "values": [{"value": "\n", "step": null, "ts": 1668992905.191911}]}, "version": 225}
{"obj": {"type": "LogFloats", "path": ["train", "recall_score"], "values": [{"value": 0.875, "step": null, "ts": 1668992905.409688}]}, "version": 226}
{"obj": {"type": "LogFloats", "path": ["train", "f1_score"], "values": [{"value": 0.9333333333333333, "step": null, "ts": 1668992905.4098592}]}, "version": 227}
{"obj": {"type": "LogFloats", "path": ["train", "accuracy"], "values": [{"value": 0.9375, "step": null, "ts": 1668992905.409945}]}, "version": 228}
{"obj": {"type": "LogStrings", "path": ["monitoring", "stdout"], "values": [{"value": "Fold 40| Recall: 0.875 |-| F1: 0.9333333333333333 ACC: 0.9375", "step": null, "ts": 1668992905.4100428}]}, "version": 229}
{"obj": {"type": "LogStrings", "path": ["monitoring", "stdout"], "values": [{"value": "\n", "step": null, "ts": 1668992905.410144}]}, "version": 230}
{"obj": {"type": "LogFloats", "path": ["train", "recall_score"], "values": [{"value": 0.75, "step": null, "ts": 1668992905.6179829}]}, "version": 231}
{"obj": {"type": "LogFloats", "path": ["train", "f1_score"], "values": [{"value": 0.8571428571428571, "step": null, "ts": 1668992905.6183512}]}, "version": 232}
{"obj": {"type": "LogFloats", "path": ["train", "accuracy"], "values": [{"value": 0.875, "step": null, "ts": 1668992905.618489}]}, "version": 233}
{"obj": {"type": "LogStrings", "path": ["monitoring", "stdout"], "values": [{"value": "Fold 41| Recall: 0.75 |-| F1: 0.8571428571428571 ACC: 0.875", "step": null, "ts": 1668992905.6186318}]}, "version": 234}
{"obj": {"type": "LogStrings", "path": ["monitoring", "stdout"], "values": [{"value": "\n", "step": null, "ts": 1668992905.618817}]}, "version": 235}
{"obj": {"type": "LogFloats", "path": ["train", "recall_score"], "values": [{"value": 0.875, "step": null, "ts": 1668992905.902904}]}, "version": 236}
{"obj": {"type": "LogFloats", "path": ["train", "f1_score"], "values": [{"value": 0.875, "step": null, "ts": 1668992905.9030652}]}, "version": 237}
{"obj": {"type": "LogFloats", "path": ["train", "accuracy"], "values": [{"value": 0.875, "step": null, "ts": 1668992905.90315}]}, "version": 238}
{"obj": {"type": "LogStrings", "path": ["monitoring", "stdout"], "values": [{"value": "Fold 42| Recall: 0.875 |-| F1: 0.875 ACC: 0.875", "step": null, "ts": 1668992905.90329}]}, "version": 239}
{"obj": {"type": "LogStrings", "path": ["monitoring", "stdout"], "values": [{"value": "\n", "step": null, "ts": 1668992905.903414}]}, "version": 240}
{"obj": {"type": "LogFloats", "path": ["train", "recall_score"], "values": [{"value": 0.875, "step": null, "ts": 1668992906.1621919}]}, "version": 241}
{"obj": {"type": "LogFloats", "path": ["train", "f1_score"], "values": [{"value": 0.9333333333333333, "step": null, "ts": 1668992906.162379}]}, "version": 242}
{"obj": {"type": "LogFloats", "path": ["train", "accuracy"], "values": [{"value": 0.9375, "step": null, "ts": 1668992906.1624808}]}, "version": 243}
{"obj": {"type": "LogStrings", "path": ["monitoring", "stdout"], "values": [{"value": "Fold 43| Recall: 0.875 |-| F1: 0.9333333333333333 ACC: 0.9375", "step": null, "ts": 1668992906.162582}]}, "version": 244}
{"obj": {"type": "LogStrings", "path": ["monitoring", "stdout"], "values": [{"value": "\n", "step": null, "ts": 1668992906.162687}]}, "version": 245}
{"obj": {"type": "LogFloats", "path": ["train", "recall_score"], "values": [{"value": 1.0, "step": null, "ts": 1668992906.489391}]}, "version": 246}
{"obj": {"type": "LogFloats", "path": ["train", "f1_score"], "values": [{"value": 1.0, "step": null, "ts": 1668992906.489548}]}, "version": 247}
{"obj": {"type": "LogFloats", "path": ["train", "accuracy"], "values": [{"value": 1.0, "step": null, "ts": 1668992906.489627}]}, "version": 248}
{"obj": {"type": "LogStrings", "path": ["monitoring", "stdout"], "values": [{"value": "Fold 44| Recall: 1.0 |-| F1: 1.0 ACC: 1.0", "step": null, "ts": 1668992906.489717}]}, "version": 249}
{"obj": {"type": "LogStrings", "path": ["monitoring", "stdout"], "values": [{"value": "\n", "step": null, "ts": 1668992906.48981}]}, "version": 250}
{"obj": {"type": "LogFloats", "path": ["train", "recall_score"], "values": [{"value": 1.0, "step": null, "ts": 1668992906.718111}]}, "version": 251}
{"obj": {"type": "LogFloats", "path": ["train", "f1_score"], "values": [{"value": 1.0, "step": null, "ts": 1668992906.718278}]}, "version": 252}
{"obj": {"type": "LogFloats", "path": ["train", "accuracy"], "values": [{"value": 1.0, "step": null, "ts": 1668992906.7183611}]}, "version": 253}
{"obj": {"type": "LogStrings", "path": ["monitoring", "stdout"], "values": [{"value": "Fold 45| Recall: 1.0 |-| F1: 1.0 ACC: 1.0", "step": null, "ts": 1668992906.718455}]}, "version": 254}
{"obj": {"type": "LogStrings", "path": ["monitoring", "stdout"], "values": [{"value": "\n", "step": null, "ts": 1668992906.71856}]}, "version": 255}
{"obj": {"type": "LogFloats", "path": ["train", "recall_score"], "values": [{"value": 1.0, "step": null, "ts": 1668992906.9159749}]}, "version": 256}
{"obj": {"type": "LogFloats", "path": ["train", "f1_score"], "values": [{"value": 1.0, "step": null, "ts": 1668992906.916161}]}, "version": 257}
{"obj": {"type": "LogFloats", "path": ["train", "accuracy"], "values": [{"value": 1.0, "step": null, "ts": 1668992906.916246}]}, "version": 258}
{"obj": {"type": "LogStrings", "path": ["monitoring", "stdout"], "values": [{"value": "Fold 46| Recall: 1.0 |-| F1: 1.0 ACC: 1.0", "step": null, "ts": 1668992906.916341}]}, "version": 259}
{"obj": {"type": "LogStrings", "path": ["monitoring", "stdout"], "values": [{"value": "\n", "step": null, "ts": 1668992906.9164422}]}, "version": 260}
{"obj": {"type": "LogFloats", "path": ["train", "recall_score"], "values": [{"value": 1.0, "step": null, "ts": 1668992907.129601}]}, "version": 261}
{"obj": {"type": "LogFloats", "path": ["train", "f1_score"], "values": [{"value": 1.0, "step": null, "ts": 1668992907.129774}]}, "version": 262}
{"obj": {"type": "LogFloats", "path": ["train", "accuracy"], "values": [{"value": 1.0, "step": null, "ts": 1668992907.1299179}]}, "version": 263}
{"obj": {"type": "LogStrings", "path": ["monitoring", "stdout"], "values": [{"value": "Fold 47| Recall: 1.0 |-| F1: 1.0 ACC: 1.0", "step": null, "ts": 1668992907.130031}]}, "version": 264}
{"obj": {"type": "LogStrings", "path": ["monitoring", "stdout"], "values": [{"value": "\n", "step": null, "ts": 1668992907.130136}]}, "version": 265}
{"obj": {"type": "LogFloats", "path": ["train", "recall_score"], "values": [{"value": 1.0, "step": null, "ts": 1668992907.334}]}, "version": 266}
{"obj": {"type": "LogFloats", "path": ["train", "f1_score"], "values": [{"value": 1.0, "step": null, "ts": 1668992907.33426}]}, "version": 267}
{"obj": {"type": "LogFloats", "path": ["train", "accuracy"], "values": [{"value": 1.0, "step": null, "ts": 1668992907.334347}]}, "version": 268}
{"obj": {"type": "LogStrings", "path": ["monitoring", "stdout"], "values": [{"value": "Fold 48| Recall: 1.0 |-| F1: 1.0 ACC: 1.0", "step": null, "ts": 1668992907.334441}]}, "version": 269}
{"obj": {"type": "LogStrings", "path": ["monitoring", "stdout"], "values": [{"value": "\n", "step": null, "ts": 1668992907.334622}]}, "version": 270}
{"obj": {"type": "LogFloats", "path": ["train", "recall_score"], "values": [{"value": 1.0, "step": null, "ts": 1668992907.5257092}]}, "version": 271}
{"obj": {"type": "LogFloats", "path": ["train", "f1_score"], "values": [{"value": 0.9333333333333333, "step": null, "ts": 1668992907.52588}]}, "version": 272}
{"obj": {"type": "LogFloats", "path": ["train", "accuracy"], "values": [{"value": 0.9375, "step": null, "ts": 1668992907.526011}]}, "version": 273}
{"obj": {"type": "LogStrings", "path": ["monitoring", "stdout"], "values": [{"value": "Fold 49| Recall: 1.0 |-| F1: 0.9333333333333333 ACC: 0.9375", "step": null, "ts": 1668992907.52611}]}, "version": 274}
{"obj": {"type": "LogStrings", "path": ["monitoring", "stdout"], "values": [{"value": "\n", "step": null, "ts": 1668992907.526209}]}, "version": 275}
{"obj": {"type": "LogFloats", "path": ["train", "recall_score"], "values": [{"value": 1.0, "step": null, "ts": 1668992907.7111628}]}, "version": 276}
{"obj": {"type": "LogFloats", "path": ["train", "f1_score"], "values": [{"value": 1.0, "step": null, "ts": 1668992907.711329}]}, "version": 277}
{"obj": {"type": "LogFloats", "path": ["train", "accuracy"], "values": [{"value": 1.0, "step": null, "ts": 1668992907.711414}]}, "version": 278}
{"obj": {"type": "LogStrings", "path": ["monitoring", "stdout"], "values": [{"value": "Fold 50| Recall: 1.0 |-| F1: 1.0 ACC: 1.0", "step": null, "ts": 1668992907.711508}]}, "version": 279}
{"obj": {"type": "LogStrings", "path": ["monitoring", "stdout"], "values": [{"value": "\n", "step": null, "ts": 1668992907.711606}]}, "version": 280}
{"obj": {"type": "UploadFile", "path": ["train", "conf_matrix"], "ext": "png", "file_path": "/Users/cosmoremit/Documents/AcNice/credit-card-fraud-detection/resources/plots/train_conf_matrix.png", "clean_after_upload": false}, "version": 281}
{"obj": {"type": "LogFloats", "path": ["eval", "recall_score"], "values": [{"value": 0.9081632653061225, "step": null, "ts": 1668992907.976198}]}, "version": 282}
{"obj": {"type": "LogFloats", "path": ["eval", "f1_score"], "values": [{"value": 0.9270833333333334, "step": null, "ts": 1668992907.97635}]}, "version": 283}
{"obj": {"type": "LogFloats", "path": ["eval", "accuracy"], "values": [{"value": 0.93, "step": null, "ts": 1668992907.9764411}]}, "version": 284}
{"obj": {"type": "UploadFile", "path": ["eval", "conf_matrix"], "ext": "png", "file_path": "/Users/cosmoremit/Documents/AcNice/credit-card-fraud-detection/resources/plots/eval_conf_matrix.png", "clean_after_upload": false}, "version": 285}
{"obj": {"type": "LogFloats", "path": ["train", "recall_score"], "values": [{"value": 1.0, "step": null, "ts": 1668992908.137224}]}, "version": 286}
{"obj": {"type": "LogFloats", "path": ["train", "f1_score"], "values": [{"value": 1.0, "step": null, "ts": 1668992908.137366}]}, "version": 287}
{"obj": {"type": "LogFloats", "path": ["train", "accuracy"], "values": [{"value": 1.0, "step": null, "ts": 1668992908.1374521}]}, "version": 288}
{"obj": {"type": "UploadFile", "path": ["train", "conf_matrix"], "ext": "png", "file_path": "/Users/cosmoremit/Documents/AcNice/credit-card-fraud-detection/resources/plots/train_conf_matrix.png", "clean_after_upload": false}, "version": 289}
{"obj": {"type": "UploadFile", "path": ["models"], "ext": "pkl", "file_path": "/Users/cosmoremit/Documents/AcNice/credit-card-fraud-detection/models/model.pkl", "clean_after_upload": false}, "version": 290}
{"obj": {"type": "AssignBool", "path": ["scaled"], "value": true}, "version": 291}
{"obj": {"type": "TrackFilesToArtifact", "path": ["train_dataset", "X_train"], "entries": [["data/features/X_train.csv", null]], "project_id": "810b60a5-0827-4211-a78d-b06e83b834ad"}, "version": 292}
{"obj": {"type": "TrackFilesToArtifact", "path": ["train_dataset", "y_train"], "entries": [["data/features/y_train.csv", null]], "project_id": "810b60a5-0827-4211-a78d-b06e83b834ad"}, "version": 293}
{"obj": {"type": "TrackFilesToArtifact", "path": ["train_dataset", "y_train"], "entries": [["notebooks/analysis.ipynb", null]], "project_id": "810b60a5-0827-4211-a78d-b06e83b834ad"}, "version": 294}
{"obj": {"type": "LogStrings", "path": ["monitoring", "stdout"], "values": [{"value": "Shutting down background jobs, please wait a moment...\n", "step": null, "ts": 1668992908.28418}]}, "version": 295}
