{"obj": {"type": "AssignString", "path": ["sys", "name"], "value": "Untitled"}, "version": 1}
{"obj": {"type": "AssignString", "path": ["sys", "description"], "value": ""}, "version": 2}
{"obj": {"type": "AssignString", "path": ["sys", "hostname"], "value": "CosmoRemits-MacBook-Pro.local"}, "version": 3}
{"obj": {"type": "AddStrings", "path": ["sys", "tags"], "values": ["Logistic Regresion"]}, "version": 4}
{"obj": {"type": "AssignBool", "path": ["sys", "failed"], "value": false}, "version": 5}
{"obj": {"type": "ClearStringLog", "path": ["monitoring", "stdout"]}, "version": 6}
{"obj": {"type": "ClearStringLog", "path": ["monitoring", "stderr"]}, "version": 7}
{"obj": {"type": "AssignString", "path": ["source_code", "entrypoint"], "value": "/Users/cosmoremit/Documents/AcNice/credit-card-fraud-detection/src/estimator_training/logistic_regression.py"}, "version": 8}
{"obj": {"type": "UploadFileSet", "path": ["source_code", "files"], "file_globs": ["/Users/cosmoremit/Documents/AcNice/credit-card-fraud-detection/model.py, featurize.py, train.py, env.toml"], "reset": "False"}, "version": 9}
{"obj": {"type": "LogFloats", "path": ["train", "roc_auc_score"], "values": [{"value": 0.9943100995732574, "step": null, "ts": 1669342521.28209}]}, "version": 10}
{"obj": {"type": "LogFloats", "path": ["train", "recall_score"], "values": [{"value": 0.918918918918919, "step": null, "ts": 1669342521.284534}]}, "version": 11}
{"obj": {"type": "LogFloats", "path": ["train", "f1_score"], "values": [{"value": 0.9444444444444445, "step": null, "ts": 1669342521.284678}]}, "version": 12}
{"obj": {"type": "LogFloats", "path": ["train", "accuracy"], "values": [{"value": 0.9466666666666667, "step": null, "ts": 1669342521.28479}]}, "version": 13}
{"obj": {"type": "LogStrings", "path": ["monitoring", "stdout"], "values": [{"value": "Fold 1|                 Recall: 0.92 |-|                 F1: 0.94                 ACC: 0.95 ", "step": null, "ts": 1669342521.284957}]}, "version": 14}
{"obj": {"type": "LogStrings", "path": ["monitoring", "stdout"], "values": [{"value": " ", "step": null, "ts": 1669342521.285078}]}, "version": 15}
{"obj": {"type": "LogStrings", "path": ["monitoring", "stdout"], "values": [{"value": "ROC: 0.99", "step": null, "ts": 1669342521.285165}]}, "version": 16}
{"obj": {"type": "LogStrings", "path": ["monitoring", "stdout"], "values": [{"value": "\n", "step": null, "ts": 1669342521.285271}]}, "version": 17}
{"obj": {"type": "LogFloats", "path": ["train", "roc_auc_score"], "values": [{"value": 0.9743954480796586, "step": null, "ts": 1669342521.297638}]}, "version": 18}
{"obj": {"type": "LogFloats", "path": ["train", "recall_score"], "values": [{"value": 0.8648648648648649, "step": null, "ts": 1669342521.299766}]}, "version": 19}
{"obj": {"type": "LogFloats", "path": ["train", "f1_score"], "values": [{"value": 0.9142857142857143, "step": null, "ts": 1669342521.299862}]}, "version": 20}
{"obj": {"type": "LogFloats", "path": ["train", "accuracy"], "values": [{"value": 0.92, "step": null, "ts": 1669342521.29994}]}, "version": 21}
{"obj": {"type": "LogStrings", "path": ["monitoring", "stdout"], "values": [{"value": "Fold 2|                 Recall: 0.86 |-|                 F1: 0.91                 ACC: 0.92 ", "step": null, "ts": 1669342521.3000672}]}, "version": 22}
{"obj": {"type": "LogStrings", "path": ["monitoring", "stdout"], "values": [{"value": " ", "step": null, "ts": 1669342521.3001542}]}, "version": 23}
{"obj": {"type": "LogStrings", "path": ["monitoring", "stdout"], "values": [{"value": "ROC: 0.97", "step": null, "ts": 1669342521.300237}]}, "version": 24}
{"obj": {"type": "LogStrings", "path": ["monitoring", "stdout"], "values": [{"value": "\n", "step": null, "ts": 1669342521.300323}]}, "version": 25}
{"obj": {"type": "LogFloats", "path": ["train", "roc_auc_score"], "values": [{"value": 0.9281650071123756, "step": null, "ts": 1669342521.3196008}]}, "version": 26}
{"obj": {"type": "LogFloats", "path": ["train", "recall_score"], "values": [{"value": 0.8378378378378378, "step": null, "ts": 1669342521.323491}]}, "version": 27}
{"obj": {"type": "LogFloats", "path": ["train", "f1_score"], "values": [{"value": 0.911764705882353, "step": null, "ts": 1669342521.32363}]}, "version": 28}
{"obj": {"type": "LogFloats", "path": ["train", "accuracy"], "values": [{"value": 0.92, "step": null, "ts": 1669342521.323732}]}, "version": 29}
{"obj": {"type": "LogStrings", "path": ["monitoring", "stdout"], "values": [{"value": "Fold 3|                 Recall: 0.84 |-|                 F1: 0.91                 ACC: 0.92 ", "step": null, "ts": 1669342521.323908}]}, "version": 30}
{"obj": {"type": "LogStrings", "path": ["monitoring", "stdout"], "values": [{"value": " ", "step": null, "ts": 1669342521.324012}]}, "version": 31}
{"obj": {"type": "LogStrings", "path": ["monitoring", "stdout"], "values": [{"value": "ROC: 0.93", "step": null, "ts": 1669342521.324106}]}, "version": 32}
{"obj": {"type": "LogStrings", "path": ["monitoring", "stdout"], "values": [{"value": "\n", "step": null, "ts": 1669342521.324366}]}, "version": 33}
{"obj": {"type": "LogFloats", "path": ["train", "roc_auc_score"], "values": [{"value": 0.9701280227596017, "step": null, "ts": 1669342521.34207}]}, "version": 34}
{"obj": {"type": "LogFloats", "path": ["train", "recall_score"], "values": [{"value": 0.918918918918919, "step": null, "ts": 1669342521.345143}]}, "version": 35}
{"obj": {"type": "LogFloats", "path": ["train", "f1_score"], "values": [{"value": 0.9315068493150684, "step": null, "ts": 1669342521.3452952}]}, "version": 36}
{"obj": {"type": "LogFloats", "path": ["train", "accuracy"], "values": [{"value": 0.9333333333333333, "step": null, "ts": 1669342521.3453991}]}, "version": 37}
{"obj": {"type": "LogStrings", "path": ["monitoring", "stdout"], "values": [{"value": "Fold 4|                 Recall: 0.92 |-|                 F1: 0.93                 ACC: 0.93 ", "step": null, "ts": 1669342521.345611}]}, "version": 38}
{"obj": {"type": "LogStrings", "path": ["monitoring", "stdout"], "values": [{"value": " ", "step": null, "ts": 1669342521.3457658}]}, "version": 39}
{"obj": {"type": "LogStrings", "path": ["monitoring", "stdout"], "values": [{"value": "ROC: 0.97", "step": null, "ts": 1669342521.345966}]}, "version": 40}
{"obj": {"type": "LogStrings", "path": ["monitoring", "stdout"], "values": [{"value": "\n", "step": null, "ts": 1669342521.346139}]}, "version": 41}
{"obj": {"type": "LogFloats", "path": ["train", "roc_auc_score"], "values": [{"value": 0.9438122332859176, "step": null, "ts": 1669342521.413559}]}, "version": 42}
{"obj": {"type": "LogFloats", "path": ["train", "recall_score"], "values": [{"value": 0.8378378378378378, "step": null, "ts": 1669342521.416061}]}, "version": 43}
{"obj": {"type": "LogFloats", "path": ["train", "f1_score"], "values": [{"value": 0.8985507246376812, "step": null, "ts": 1669342521.416192}]}, "version": 44}
{"obj": {"type": "LogFloats", "path": ["train", "accuracy"], "values": [{"value": 0.9066666666666666, "step": null, "ts": 1669342521.416287}]}, "version": 45}
{"obj": {"type": "LogStrings", "path": ["monitoring", "stdout"], "values": [{"value": "Fold 5|                 Recall: 0.84 |-|                 F1: 0.9                 ACC: 0.91 ", "step": null, "ts": 1669342521.416436}]}, "version": 46}
{"obj": {"type": "LogStrings", "path": ["monitoring", "stdout"], "values": [{"value": " ", "step": null, "ts": 1669342521.4165351}]}, "version": 47}
{"obj": {"type": "LogStrings", "path": ["monitoring", "stdout"], "values": [{"value": "ROC: 0.94", "step": null, "ts": 1669342521.4166179}]}, "version": 48}
{"obj": {"type": "LogStrings", "path": ["monitoring", "stdout"], "values": [{"value": "\n", "step": null, "ts": 1669342521.416712}]}, "version": 49}
{"obj": {"type": "LogFloats", "path": ["train", "roc_auc_score"], "values": [{"value": 0.9829302987197724, "step": null, "ts": 1669342521.432225}]}, "version": 50}
{"obj": {"type": "LogFloats", "path": ["train", "recall_score"], "values": [{"value": 0.9459459459459459, "step": null, "ts": 1669342521.4352121}]}, "version": 51}
{"obj": {"type": "LogFloats", "path": ["train", "f1_score"], "values": [{"value": 0.9722222222222222, "step": null, "ts": 1669342521.435371}]}, "version": 52}
{"obj": {"type": "LogFloats", "path": ["train", "accuracy"], "values": [{"value": 0.9733333333333334, "step": null, "ts": 1669342521.438803}]}, "version": 53}
{"obj": {"type": "LogStrings", "path": ["monitoring", "stdout"], "values": [{"value": "Fold 6|                 Recall: 0.95 |-|                 F1: 0.97                 ACC: 0.97 ", "step": null, "ts": 1669342521.439157}]}, "version": 54}
{"obj": {"type": "LogStrings", "path": ["monitoring", "stdout"], "values": [{"value": " ", "step": null, "ts": 1669342521.4394581}]}, "version": 55}
{"obj": {"type": "LogStrings", "path": ["monitoring", "stdout"], "values": [{"value": "ROC: 0.98", "step": null, "ts": 1669342521.439575}]}, "version": 56}
{"obj": {"type": "LogStrings", "path": ["monitoring", "stdout"], "values": [{"value": "\n", "step": null, "ts": 1669342521.439708}]}, "version": 57}
{"obj": {"type": "LogFloats", "path": ["train", "roc_auc_score"], "values": [{"value": 0.976529160739687, "step": null, "ts": 1669342521.5130439}]}, "version": 58}
{"obj": {"type": "LogFloats", "path": ["train", "recall_score"], "values": [{"value": 0.918918918918919, "step": null, "ts": 1669342521.515671}]}, "version": 59}
{"obj": {"type": "LogFloats", "path": ["train", "f1_score"], "values": [{"value": 0.918918918918919, "step": null, "ts": 1669342521.515859}]}, "version": 60}
{"obj": {"type": "LogFloats", "path": ["train", "accuracy"], "values": [{"value": 0.92, "step": null, "ts": 1669342521.5159569}]}, "version": 61}
{"obj": {"type": "LogStrings", "path": ["monitoring", "stdout"], "values": [{"value": "Fold 7|                 Recall: 0.92 |-|                 F1: 0.92                 ACC: 0.92 ", "step": null, "ts": 1669342521.5161211}]}, "version": 62}
{"obj": {"type": "LogStrings", "path": ["monitoring", "stdout"], "values": [{"value": " ", "step": null, "ts": 1669342521.5162308}]}, "version": 63}
{"obj": {"type": "LogStrings", "path": ["monitoring", "stdout"], "values": [{"value": "ROC: 0.98", "step": null, "ts": 1669342521.516317}]}, "version": 64}
{"obj": {"type": "LogStrings", "path": ["monitoring", "stdout"], "values": [{"value": "\n", "step": null, "ts": 1669342521.516412}]}, "version": 65}
{"obj": {"type": "LogFloats", "path": ["train", "roc_auc_score"], "values": [{"value": 0.992176386913229, "step": null, "ts": 1669342521.5563068}]}, "version": 66}
{"obj": {"type": "LogFloats", "path": ["train", "recall_score"], "values": [{"value": 0.918918918918919, "step": null, "ts": 1669342521.560502}]}, "version": 67}
{"obj": {"type": "LogFloats", "path": ["train", "f1_score"], "values": [{"value": 0.9577464788732395, "step": null, "ts": 1669342521.560652}]}, "version": 68}
{"obj": {"type": "LogFloats", "path": ["train", "accuracy"], "values": [{"value": 0.96, "step": null, "ts": 1669342521.560757}]}, "version": 69}
{"obj": {"type": "LogStrings", "path": ["monitoring", "stdout"], "values": [{"value": "Fold 8|                 Recall: 0.92 |-|                 F1: 0.96                 ACC: 0.96 ", "step": null, "ts": 1669342521.562151}]}, "version": 70}
{"obj": {"type": "LogStrings", "path": ["monitoring", "stdout"], "values": [{"value": " ", "step": null, "ts": 1669342521.562308}]}, "version": 71}
{"obj": {"type": "LogStrings", "path": ["monitoring", "stdout"], "values": [{"value": "ROC: 0.99", "step": null, "ts": 1669342521.562422}]}, "version": 72}
{"obj": {"type": "LogStrings", "path": ["monitoring", "stdout"], "values": [{"value": "\n", "step": null, "ts": 1669342521.563488}]}, "version": 73}
{"obj": {"type": "LogFloats", "path": ["train", "roc_auc_score"], "values": [{"value": 0.94950213371266, "step": null, "ts": 1669342521.6390169}]}, "version": 74}
{"obj": {"type": "LogFloats", "path": ["train", "recall_score"], "values": [{"value": 0.8378378378378378, "step": null, "ts": 1669342521.641838}]}, "version": 75}
{"obj": {"type": "LogFloats", "path": ["train", "f1_score"], "values": [{"value": 0.8985507246376812, "step": null, "ts": 1669342521.6421928}]}, "version": 76}
{"obj": {"type": "LogFloats", "path": ["train", "accuracy"], "values": [{"value": 0.9066666666666666, "step": null, "ts": 1669342521.642333}]}, "version": 77}
{"obj": {"type": "LogStrings", "path": ["monitoring", "stdout"], "values": [{"value": "Fold 9|                 Recall: 0.84 |-|                 F1: 0.9                 ACC: 0.91 ", "step": null, "ts": 1669342521.6425228}]}, "version": 78}
{"obj": {"type": "LogStrings", "path": ["monitoring", "stdout"], "values": [{"value": " ", "step": null, "ts": 1669342521.642643}]}, "version": 79}
{"obj": {"type": "LogStrings", "path": ["monitoring", "stdout"], "values": [{"value": "ROC: 0.95", "step": null, "ts": 1669342521.6428008}]}, "version": 80}
{"obj": {"type": "LogStrings", "path": ["monitoring", "stdout"], "values": [{"value": "\n", "step": null, "ts": 1669342521.64346}]}, "version": 81}
{"obj": {"type": "LogFloats", "path": ["train", "roc_auc_score"], "values": [{"value": 0.9764957264957265, "step": null, "ts": 1669342521.7137449}]}, "version": 82}
{"obj": {"type": "LogFloats", "path": ["train", "recall_score"], "values": [{"value": 0.8611111111111112, "step": null, "ts": 1669342521.717097}]}, "version": 83}
{"obj": {"type": "LogFloats", "path": ["train", "f1_score"], "values": [{"value": 0.911764705882353, "step": null, "ts": 1669342521.7173781}]}, "version": 84}
{"obj": {"type": "LogFloats", "path": ["train", "accuracy"], "values": [{"value": 0.92, "step": null, "ts": 1669342521.717525}]}, "version": 85}
{"obj": {"type": "LogStrings", "path": ["monitoring", "stdout"], "values": [{"value": "Fold 10|                 Recall: 0.86 |-|                 F1: 0.91                 ACC: 0.92 ", "step": null, "ts": 1669342521.7185438}]}, "version": 86}
{"obj": {"type": "LogStrings", "path": ["monitoring", "stdout"], "values": [{"value": " ", "step": null, "ts": 1669342521.718751}]}, "version": 87}
{"obj": {"type": "LogStrings", "path": ["monitoring", "stdout"], "values": [{"value": "ROC: 0.98", "step": null, "ts": 1669342521.7188852}]}, "version": 88}
{"obj": {"type": "LogStrings", "path": ["monitoring", "stdout"], "values": [{"value": "\n", "step": null, "ts": 1669342521.7189918}]}, "version": 89}
{"obj": {"type": "LogFloats", "path": ["train", "roc_auc_score"], "values": [{"value": 0.9608819345661451, "step": null, "ts": 1669342521.770963}]}, "version": 90}
{"obj": {"type": "LogFloats", "path": ["train", "recall_score"], "values": [{"value": 0.8378378378378378, "step": null, "ts": 1669342521.773611}]}, "version": 91}
{"obj": {"type": "LogFloats", "path": ["train", "f1_score"], "values": [{"value": 0.911764705882353, "step": null, "ts": 1669342521.773775}]}, "version": 92}
{"obj": {"type": "LogFloats", "path": ["train", "accuracy"], "values": [{"value": 0.92, "step": null, "ts": 1669342521.773889}]}, "version": 93}
{"obj": {"type": "LogStrings", "path": ["monitoring", "stdout"], "values": [{"value": "Fold 11|                 Recall: 0.84 |-|                 F1: 0.91                 ACC: 0.92 ", "step": null, "ts": 1669342521.7740731}]}, "version": 94}
{"obj": {"type": "LogStrings", "path": ["monitoring", "stdout"], "values": [{"value": " ", "step": null, "ts": 1669342521.7743201}]}, "version": 95}
{"obj": {"type": "LogStrings", "path": ["monitoring", "stdout"], "values": [{"value": "ROC: 0.96", "step": null, "ts": 1669342521.774573}]}, "version": 96}
{"obj": {"type": "LogStrings", "path": ["monitoring", "stdout"], "values": [{"value": "\n", "step": null, "ts": 1669342521.7747872}]}, "version": 97}
{"obj": {"type": "LogFloats", "path": ["train", "roc_auc_score"], "values": [{"value": 0.9907539118065434, "step": null, "ts": 1669342521.7883022}]}, "version": 98}
{"obj": {"type": "LogFloats", "path": ["train", "recall_score"], "values": [{"value": 0.972972972972973, "step": null, "ts": 1669342521.790793}]}, "version": 99}
{"obj": {"type": "LogFloats", "path": ["train", "f1_score"], "values": [{"value": 0.923076923076923, "step": null, "ts": 1669342521.790967}]}, "version": 100}
{"obj": {"type": "LogFloats", "path": ["train", "accuracy"], "values": [{"value": 0.92, "step": null, "ts": 1669342521.791117}]}, "version": 101}
{"obj": {"type": "LogStrings", "path": ["monitoring", "stdout"], "values": [{"value": "Fold 12|                 Recall: 0.97 |-|                 F1: 0.92                 ACC: 0.92 ", "step": null, "ts": 1669342521.791287}]}, "version": 102}
{"obj": {"type": "LogStrings", "path": ["monitoring", "stdout"], "values": [{"value": " ", "step": null, "ts": 1669342521.7913978}]}, "version": 103}
{"obj": {"type": "LogStrings", "path": ["monitoring", "stdout"], "values": [{"value": "ROC: 0.99", "step": null, "ts": 1669342521.791504}]}, "version": 104}
{"obj": {"type": "LogStrings", "path": ["monitoring", "stdout"], "values": [{"value": "\n", "step": null, "ts": 1669342521.7946408}]}, "version": 105}
{"obj": {"type": "LogFloats", "path": ["train", "roc_auc_score"], "values": [{"value": 0.9829302987197723, "step": null, "ts": 1669342521.833956}]}, "version": 106}
{"obj": {"type": "LogFloats", "path": ["train", "recall_score"], "values": [{"value": 0.8648648648648649, "step": null, "ts": 1669342521.837983}]}, "version": 107}
{"obj": {"type": "LogFloats", "path": ["train", "f1_score"], "values": [{"value": 0.927536231884058, "step": null, "ts": 1669342521.838142}]}, "version": 108}
{"obj": {"type": "LogFloats", "path": ["train", "accuracy"], "values": [{"value": 0.9333333333333333, "step": null, "ts": 1669342521.838463}]}, "version": 109}
{"obj": {"type": "LogStrings", "path": ["monitoring", "stdout"], "values": [{"value": "Fold 13|                 Recall: 0.86 |-|                 F1: 0.93                 ACC: 0.93 ", "step": null, "ts": 1669342521.838878}]}, "version": 110}
{"obj": {"type": "LogStrings", "path": ["monitoring", "stdout"], "values": [{"value": " ", "step": null, "ts": 1669342521.839083}]}, "version": 111}
{"obj": {"type": "LogStrings", "path": ["monitoring", "stdout"], "values": [{"value": "ROC: 0.98", "step": null, "ts": 1669342521.8392031}]}, "version": 112}
{"obj": {"type": "LogStrings", "path": ["monitoring", "stdout"], "values": [{"value": "\n", "step": null, "ts": 1669342521.8393412}]}, "version": 113}
{"obj": {"type": "LogFloats", "path": ["train", "roc_auc_score"], "values": [{"value": 0.9679943100995733, "step": null, "ts": 1669342521.887893}]}, "version": 114}
{"obj": {"type": "LogFloats", "path": ["train", "recall_score"], "values": [{"value": 0.9459459459459459, "step": null, "ts": 1669342521.894169}]}, "version": 115}
{"obj": {"type": "LogFloats", "path": ["train", "f1_score"], "values": [{"value": 0.9589041095890412, "step": null, "ts": 1669342521.8945842}]}, "version": 116}
{"obj": {"type": "LogFloats", "path": ["train", "accuracy"], "values": [{"value": 0.96, "step": null, "ts": 1669342521.894818}]}, "version": 117}
{"obj": {"type": "LogStrings", "path": ["monitoring", "stdout"], "values": [{"value": "Fold 14|                 Recall: 0.95 |-|                 F1: 0.96                 ACC: 0.96 ", "step": null, "ts": 1669342521.895296}]}, "version": 118}
{"obj": {"type": "LogStrings", "path": ["monitoring", "stdout"], "values": [{"value": " ", "step": null, "ts": 1669342521.895555}]}, "version": 119}
{"obj": {"type": "LogStrings", "path": ["monitoring", "stdout"], "values": [{"value": "ROC: 0.97", "step": null, "ts": 1669342521.895672}]}, "version": 120}
{"obj": {"type": "LogStrings", "path": ["monitoring", "stdout"], "values": [{"value": "\n", "step": null, "ts": 1669342521.8957891}]}, "version": 121}
{"obj": {"type": "LogFloats", "path": ["train", "roc_auc_score"], "values": [{"value": 0.9559032716927455, "step": null, "ts": 1669342521.949984}]}, "version": 122}
{"obj": {"type": "LogFloats", "path": ["train", "recall_score"], "values": [{"value": 0.918918918918919, "step": null, "ts": 1669342521.952926}]}, "version": 123}
{"obj": {"type": "LogFloats", "path": ["train", "f1_score"], "values": [{"value": 0.9444444444444445, "step": null, "ts": 1669342521.953092}]}, "version": 124}
{"obj": {"type": "LogFloats", "path": ["train", "accuracy"], "values": [{"value": 0.9466666666666667, "step": null, "ts": 1669342521.953183}]}, "version": 125}
{"obj": {"type": "LogStrings", "path": ["monitoring", "stdout"], "values": [{"value": "Fold 15|                 Recall: 0.92 |-|                 F1: 0.94                 ACC: 0.95 ", "step": null, "ts": 1669342521.9533298}]}, "version": 126}
{"obj": {"type": "LogStrings", "path": ["monitoring", "stdout"], "values": [{"value": " ", "step": null, "ts": 1669342521.953426}]}, "version": 127}
{"obj": {"type": "LogStrings", "path": ["monitoring", "stdout"], "values": [{"value": "ROC: 0.96", "step": null, "ts": 1669342521.953907}]}, "version": 128}
{"obj": {"type": "LogStrings", "path": ["monitoring", "stdout"], "values": [{"value": "\n", "step": null, "ts": 1669342521.954041}]}, "version": 129}
{"obj": {"type": "LogFloats", "path": ["train", "roc_auc_score"], "values": [{"value": 0.972972972972973, "step": null, "ts": 1669342521.986775}]}, "version": 130}
{"obj": {"type": "LogFloats", "path": ["train", "recall_score"], "values": [{"value": 0.8378378378378378, "step": null, "ts": 1669342521.990706}]}, "version": 131}
{"obj": {"type": "LogFloats", "path": ["train", "f1_score"], "values": [{"value": 0.8985507246376812, "step": null, "ts": 1669342521.990977}]}, "version": 132}
{"obj": {"type": "LogFloats", "path": ["train", "accuracy"], "values": [{"value": 0.9066666666666666, "step": null, "ts": 1669342521.9911501}]}, "version": 133}
{"obj": {"type": "LogStrings", "path": ["monitoring", "stdout"], "values": [{"value": "Fold 16|                 Recall: 0.84 |-|                 F1: 0.9                 ACC: 0.91 ", "step": null, "ts": 1669342521.991437}]}, "version": 134}
{"obj": {"type": "LogStrings", "path": ["monitoring", "stdout"], "values": [{"value": " ", "step": null, "ts": 1669342521.991551}]}, "version": 135}
{"obj": {"type": "LogStrings", "path": ["monitoring", "stdout"], "values": [{"value": "ROC: 0.97", "step": null, "ts": 1669342521.9916391}]}, "version": 136}
{"obj": {"type": "LogStrings", "path": ["monitoring", "stdout"], "values": [{"value": "\n", "step": null, "ts": 1669342521.993124}]}, "version": 137}
{"obj": {"type": "LogFloats", "path": ["train", "roc_auc_score"], "values": [{"value": 0.9786628733997156, "step": null, "ts": 1669342522.009932}]}, "version": 138}
{"obj": {"type": "LogFloats", "path": ["train", "recall_score"], "values": [{"value": 0.8648648648648649, "step": null, "ts": 1669342522.01227}]}, "version": 139}
{"obj": {"type": "LogFloats", "path": ["train", "f1_score"], "values": [{"value": 0.9142857142857143, "step": null, "ts": 1669342522.012876}]}, "version": 140}
{"obj": {"type": "LogFloats", "path": ["train", "accuracy"], "values": [{"value": 0.92, "step": null, "ts": 1669342522.013223}]}, "version": 141}
{"obj": {"type": "LogStrings", "path": ["monitoring", "stdout"], "values": [{"value": "Fold 17|                 Recall: 0.86 |-|                 F1: 0.91                 ACC: 0.92 ", "step": null, "ts": 1669342522.013601}]}, "version": 142}
{"obj": {"type": "LogStrings", "path": ["monitoring", "stdout"], "values": [{"value": " ", "step": null, "ts": 1669342522.013705}]}, "version": 143}
{"obj": {"type": "LogStrings", "path": ["monitoring", "stdout"], "values": [{"value": "ROC: 0.98", "step": null, "ts": 1669342522.0137868}]}, "version": 144}
{"obj": {"type": "LogStrings", "path": ["monitoring", "stdout"], "values": [{"value": "\n", "step": null, "ts": 1669342522.013901}]}, "version": 145}
{"obj": {"type": "LogFloats", "path": ["train", "roc_auc_score"], "values": [{"value": 0.9416785206258891, "step": null, "ts": 1669342522.0289128}]}, "version": 146}
{"obj": {"type": "LogFloats", "path": ["train", "recall_score"], "values": [{"value": 0.8918918918918919, "step": null, "ts": 1669342522.031861}]}, "version": 147}
{"obj": {"type": "LogFloats", "path": ["train", "f1_score"], "values": [{"value": 0.9166666666666667, "step": null, "ts": 1669342522.032018}]}, "version": 148}
{"obj": {"type": "LogFloats", "path": ["train", "accuracy"], "values": [{"value": 0.92, "step": null, "ts": 1669342522.032304}]}, "version": 149}
{"obj": {"type": "LogStrings", "path": ["monitoring", "stdout"], "values": [{"value": "Fold 18|                 Recall: 0.89 |-|                 F1: 0.92                 ACC: 0.92 ", "step": null, "ts": 1669342522.032552}]}, "version": 150}
{"obj": {"type": "LogStrings", "path": ["monitoring", "stdout"], "values": [{"value": " ", "step": null, "ts": 1669342522.03266}]}, "version": 151}
{"obj": {"type": "LogStrings", "path": ["monitoring", "stdout"], "values": [{"value": "ROC: 0.94", "step": null, "ts": 1669342522.032738}]}, "version": 152}
{"obj": {"type": "LogStrings", "path": ["monitoring", "stdout"], "values": [{"value": "\n", "step": null, "ts": 1669342522.0328279}]}, "version": 153}
{"obj": {"type": "LogFloats", "path": ["train", "roc_auc_score"], "values": [{"value": 0.992176386913229, "step": null, "ts": 1669342522.064575}]}, "version": 154}
{"obj": {"type": "LogFloats", "path": ["train", "recall_score"], "values": [{"value": 0.918918918918919, "step": null, "ts": 1669342522.06912}]}, "version": 155}
{"obj": {"type": "LogFloats", "path": ["train", "f1_score"], "values": [{"value": 0.9444444444444445, "step": null, "ts": 1669342522.069312}]}, "version": 156}
{"obj": {"type": "LogFloats", "path": ["train", "accuracy"], "values": [{"value": 0.9466666666666667, "step": null, "ts": 1669342522.069497}]}, "version": 157}
{"obj": {"type": "LogStrings", "path": ["monitoring", "stdout"], "values": [{"value": "Fold 19|                 Recall: 0.92 |-|                 F1: 0.94                 ACC: 0.95 ", "step": null, "ts": 1669342522.0697138}]}, "version": 158}
{"obj": {"type": "LogStrings", "path": ["monitoring", "stdout"], "values": [{"value": " ", "step": null, "ts": 1669342522.069846}]}, "version": 159}
{"obj": {"type": "LogStrings", "path": ["monitoring", "stdout"], "values": [{"value": "ROC: 0.99", "step": null, "ts": 1669342522.069932}]}, "version": 160}
{"obj": {"type": "LogStrings", "path": ["monitoring", "stdout"], "values": [{"value": "\n", "step": null, "ts": 1669342522.07118}]}, "version": 161}
{"obj": {"type": "LogFloats", "path": ["train", "roc_auc_score"], "values": [{"value": 0.9622507122507123, "step": null, "ts": 1669342522.133842}]}, "version": 162}
{"obj": {"type": "LogFloats", "path": ["train", "recall_score"], "values": [{"value": 0.8055555555555556, "step": null, "ts": 1669342522.136814}]}, "version": 163}
{"obj": {"type": "LogFloats", "path": ["train", "f1_score"], "values": [{"value": 0.8923076923076924, "step": null, "ts": 1669342522.136978}]}, "version": 164}
{"obj": {"type": "LogFloats", "path": ["train", "accuracy"], "values": [{"value": 0.9066666666666666, "step": null, "ts": 1669342522.137901}]}, "version": 165}
{"obj": {"type": "LogStrings", "path": ["monitoring", "stdout"], "values": [{"value": "Fold 20|                 Recall: 0.81 |-|                 F1: 0.89                 ACC: 0.91 ", "step": null, "ts": 1669342522.1380942}]}, "version": 166}
{"obj": {"type": "LogStrings", "path": ["monitoring", "stdout"], "values": [{"value": " ", "step": null, "ts": 1669342522.1382022}]}, "version": 167}
{"obj": {"type": "LogStrings", "path": ["monitoring", "stdout"], "values": [{"value": "ROC: 0.96", "step": null, "ts": 1669342522.138288}]}, "version": 168}
{"obj": {"type": "LogStrings", "path": ["monitoring", "stdout"], "values": [{"value": "\n", "step": null, "ts": 1669342522.1383839}]}, "version": 169}
{"obj": {"type": "UploadFile", "path": ["train", "conf_matrix"], "ext": "png", "file_path": "/Users/cosmoremit/Documents/AcNice/credit-card-fraud-detection/resources/plots/train_conf_matrix.png", "clean_after_upload": false}, "version": 170}
{"obj": {"type": "LogFloats", "path": ["train", "roc_auc"], "values": [{"value": 0.9778218779563124, "step": null, "ts": 1669342522.383681}]}, "version": 171}
{"obj": {"type": "LogFloats", "path": ["train", "recall_score"], "values": [{"value": 0.8888888888888888, "step": null, "ts": 1669342522.38627}]}, "version": 172}
{"obj": {"type": "LogFloats", "path": ["train", "f1_score"], "values": [{"value": 0.9344729344729344, "step": null, "ts": 1669342522.3864331}]}, "version": 173}
{"obj": {"type": "LogFloats", "path": ["train", "accuracy"], "values": [{"value": 0.9386666666666666, "step": null, "ts": 1669342522.386548}]}, "version": 174}
{"obj": {"type": "UploadFile", "path": ["train", "conf_matrix"], "ext": "png", "file_path": "/Users/cosmoremit/Documents/AcNice/credit-card-fraud-detection/resources/plots/conf_mat/log_model_train_conf_matrix.png", "clean_after_upload": false}, "version": 175}
{"obj": {"type": "UploadFile", "path": ["train", "roc_curv"], "ext": "png", "file_path": "/Users/cosmoremit/Documents/AcNice/credit-card-fraud-detection/resources/plots/roc/log_model_train_conf_matrix.png", "clean_after_upload": false}, "version": 176}
{"obj": {"type": "LogFloats", "path": ["eval", "roc_auc"], "values": [{"value": 0.9806030343768004, "step": null, "ts": 1669342522.71028}]}, "version": 177}
{"obj": {"type": "LogFloats", "path": ["eval", "recall_score"], "values": [{"value": 0.9105691056910569, "step": null, "ts": 1669342522.713632}]}, "version": 178}
{"obj": {"type": "LogFloats", "path": ["eval", "f1_score"], "values": [{"value": 0.9451476793248944, "step": null, "ts": 1669342522.713809}]}, "version": 179}
{"obj": {"type": "LogFloats", "path": ["eval", "accuracy"], "values": [{"value": 0.948, "step": null, "ts": 1669342522.713909}]}, "version": 180}
{"obj": {"type": "UploadFile", "path": ["eval", "conf_matrix"], "ext": "png", "file_path": "/Users/cosmoremit/Documents/AcNice/credit-card-fraud-detection/resources/plots/conf_mat/log_model_eval_conf_matrix.png", "clean_after_upload": false}, "version": 181}
{"obj": {"type": "UploadFile", "path": ["eval", "roc_curv"], "ext": "png", "file_path": "/Users/cosmoremit/Documents/AcNice/credit-card-fraud-detection/resources/plots/roc/log_model_eval_conf_matrix.png", "clean_after_upload": false}, "version": 182}
{"obj": {"type": "AssignFloat", "path": ["model_params", "C"], "value": 1.0}, "version": 183}
{"obj": {"type": "AssignString", "path": ["model_params", "class_weight"], "value": "None"}, "version": 184}
{"obj": {"type": "AssignBool", "path": ["model_params", "dual"], "value": false}, "version": 185}
{"obj": {"type": "AssignBool", "path": ["model_params", "fit_intercept"], "value": true}, "version": 186}
{"obj": {"type": "AssignInt", "path": ["model_params", "intercept_scaling"], "value": 1}, "version": 187}
{"obj": {"type": "AssignString", "path": ["model_params", "l1_ratio"], "value": "None"}, "version": 188}
{"obj": {"type": "AssignInt", "path": ["model_params", "max_iter"], "value": 100}, "version": 189}
{"obj": {"type": "AssignString", "path": ["model_params", "multi_class"], "value": "auto"}, "version": 190}
{"obj": {"type": "AssignString", "path": ["model_params", "n_jobs"], "value": "None"}, "version": 191}
{"obj": {"type": "AssignString", "path": ["model_params", "penalty"], "value": "l2"}, "version": 192}
{"obj": {"type": "AssignString", "path": ["model_params", "random_state"], "value": "None"}, "version": 193}
{"obj": {"type": "AssignString", "path": ["model_params", "solver"], "value": "lbfgs"}, "version": 194}
{"obj": {"type": "AssignFloat", "path": ["model_params", "tol"], "value": 0.0001}, "version": 195}
{"obj": {"type": "AssignInt", "path": ["model_params", "verbose"], "value": 0}, "version": 196}
{"obj": {"type": "AssignBool", "path": ["model_params", "warm_start"], "value": false}, "version": 197}
{"obj": {"type": "UploadFile", "path": ["models"], "ext": "pkl", "file_path": "/Users/cosmoremit/Documents/AcNice/credit-card-fraud-detection/models/logistic_reg.pkl", "clean_after_upload": false}, "version": 198}
{"obj": {"type": "AssignBool", "path": ["scaled"], "value": false}, "version": 199}
{"obj": {"type": "TrackFilesToArtifact", "path": ["train_dataset", "X_train"], "entries": [["data/features/X_train.csv", null]], "project_id": "810b60a5-0827-4211-a78d-b06e83b834ad"}, "version": 200}
{"obj": {"type": "TrackFilesToArtifact", "path": ["train_dataset", "y_train"], "entries": [["data/features/y_train.csv", null]], "project_id": "810b60a5-0827-4211-a78d-b06e83b834ad"}, "version": 201}
{"obj": {"type": "TrackFilesToArtifact", "path": ["train_dataset", "y_train"], "entries": [["notebooks/analysis.ipynb", null]], "project_id": "810b60a5-0827-4211-a78d-b06e83b834ad"}, "version": 202}
{"obj": {"type": "LogStrings", "path": ["monitoring", "stdout"], "values": [{"value": "Shutting down background jobs, please wait a moment...\n", "step": null, "ts": 1669342523.254572}]}, "version": 203}
