{"obj": {"type": "AssignString", "path": ["sys", "name"], "value": "Untitled"}, "version": 1}
{"obj": {"type": "AssignString", "path": ["sys", "description"], "value": ""}, "version": 2}
{"obj": {"type": "AssignString", "path": ["sys", "hostname"], "value": "CosmoRemits-MacBook-Pro.local"}, "version": 3}
{"obj": {"type": "AddStrings", "path": ["sys", "tags"], "values": ["Final Estimator"]}, "version": 4}
{"obj": {"type": "AssignBool", "path": ["sys", "failed"], "value": false}, "version": 5}
{"obj": {"type": "ClearStringLog", "path": ["monitoring", "stdout"]}, "version": 6}
{"obj": {"type": "ClearStringLog", "path": ["monitoring", "stderr"]}, "version": 7}
{"obj": {"type": "AssignString", "path": ["source_code", "entrypoint"], "value": "/Users/cosmoremit/Documents/AcNice/credit-card-fraud-detection/src/estimator_training/voting.py"}, "version": 8}
{"obj": {"type": "UploadFileSet", "path": ["source_code", "files"], "file_globs": ["/Users/cosmoremit/Documents/AcNice/credit-card-fraud-detection/model.py, featurize.py, train.py, env.toml"], "reset": "False"}, "version": 9}
{"obj": {"type": "LogFloats", "path": ["train", "avg_roc_auc_score"], "values": [{"value": 0.9891172140067856, "step": null, "ts": 1669341137.4853}]}, "version": 10}
{"obj": {"type": "TrackFilesToArtifact", "path": ["model_predictions"], "entries": [["data/prepared/average_predictions_per_model.csv", null]], "project_id": "810b60a5-0827-4211-a78d-b06e83b834ad"}, "version": 11}
{"obj": {"type": "LogFloats", "path": ["train", "recall_score"], "values": [{"value": 0.918918918918919, "step": null, "ts": 1669341138.049536}]}, "version": 12}
{"obj": {"type": "LogFloats", "path": ["train", "f1_score"], "values": [{"value": 0.9444444444444445, "step": null, "ts": 1669341138.0497239}]}, "version": 13}
{"obj": {"type": "LogFloats", "path": ["train", "accuracy"], "values": [{"value": 0.9466666666666667, "step": null, "ts": 1669341138.0498261}]}, "version": 14}
{"obj": {"type": "LogStrings", "path": ["monitoring", "stdout"], "values": [{"value": "Fold 1|                 Recall: 0.92 |-|                 F1: 0.94                 ACC: 0.95 ", "step": null, "ts": 1669341138.0499809}]}, "version": 15}
{"obj": {"type": "LogStrings", "path": ["monitoring", "stdout"], "values": [{"value": " ", "step": null, "ts": 1669341138.050089}]}, "version": 16}
{"obj": {"type": "LogStrings", "path": ["monitoring", "stdout"], "values": [{"value": "", "step": null, "ts": 1669341138.050169}]}, "version": 17}
{"obj": {"type": "LogStrings", "path": ["monitoring", "stdout"], "values": [{"value": "\n", "step": null, "ts": 1669341138.050265}]}, "version": 18}
{"obj": {"type": "LogFloats", "path": ["train", "recall_score"], "values": [{"value": 0.8378378378378378, "step": null, "ts": 1669341138.6213892}]}, "version": 19}
{"obj": {"type": "LogFloats", "path": ["train", "f1_score"], "values": [{"value": 0.911764705882353, "step": null, "ts": 1669341138.62155}]}, "version": 20}
{"obj": {"type": "LogFloats", "path": ["train", "accuracy"], "values": [{"value": 0.92, "step": null, "ts": 1669341138.621632}]}, "version": 21}
{"obj": {"type": "LogStrings", "path": ["monitoring", "stdout"], "values": [{"value": "Fold 2|                 Recall: 0.84 |-|                 F1: 0.91                 ACC: 0.92 ", "step": null, "ts": 1669341138.621758}]}, "version": 22}
{"obj": {"type": "LogStrings", "path": ["monitoring", "stdout"], "values": [{"value": " ", "step": null, "ts": 1669341138.621846}]}, "version": 23}
{"obj": {"type": "LogStrings", "path": ["monitoring", "stdout"], "values": [{"value": "", "step": null, "ts": 1669341138.621919}]}, "version": 24}
{"obj": {"type": "LogStrings", "path": ["monitoring", "stdout"], "values": [{"value": "\n", "step": null, "ts": 1669341138.622002}]}, "version": 25}
{"obj": {"type": "LogFloats", "path": ["train", "recall_score"], "values": [{"value": 0.8378378378378378, "step": null, "ts": 1669341139.118402}]}, "version": 26}
{"obj": {"type": "LogFloats", "path": ["train", "f1_score"], "values": [{"value": 0.911764705882353, "step": null, "ts": 1669341139.118578}]}, "version": 27}
{"obj": {"type": "LogFloats", "path": ["train", "accuracy"], "values": [{"value": 0.92, "step": null, "ts": 1669341139.1186619}]}, "version": 28}
{"obj": {"type": "LogStrings", "path": ["monitoring", "stdout"], "values": [{"value": "Fold 3|                 Recall: 0.84 |-|                 F1: 0.91                 ACC: 0.92 ", "step": null, "ts": 1669341139.118847}]}, "version": 29}
{"obj": {"type": "LogStrings", "path": ["monitoring", "stdout"], "values": [{"value": " ", "step": null, "ts": 1669341139.118968}]}, "version": 30}
{"obj": {"type": "LogStrings", "path": ["monitoring", "stdout"], "values": [{"value": "", "step": null, "ts": 1669341139.119057}]}, "version": 31}
{"obj": {"type": "LogStrings", "path": ["monitoring", "stdout"], "values": [{"value": "\n", "step": null, "ts": 1669341139.1191611}]}, "version": 32}
{"obj": {"type": "LogFloats", "path": ["train", "recall_score"], "values": [{"value": 0.918918918918919, "step": null, "ts": 1669341139.624982}]}, "version": 33}
{"obj": {"type": "LogFloats", "path": ["train", "f1_score"], "values": [{"value": 0.9577464788732395, "step": null, "ts": 1669341139.625165}]}, "version": 34}
{"obj": {"type": "LogFloats", "path": ["train", "accuracy"], "values": [{"value": 0.96, "step": null, "ts": 1669341139.6252532}]}, "version": 35}
{"obj": {"type": "LogStrings", "path": ["monitoring", "stdout"], "values": [{"value": "Fold 4|                 Recall: 0.92 |-|                 F1: 0.96                 ACC: 0.96 ", "step": null, "ts": 1669341139.6257238}]}, "version": 36}
{"obj": {"type": "LogStrings", "path": ["monitoring", "stdout"], "values": [{"value": " ", "step": null, "ts": 1669341139.6258292}]}, "version": 37}
{"obj": {"type": "LogStrings", "path": ["monitoring", "stdout"], "values": [{"value": "", "step": null, "ts": 1669341139.625908}]}, "version": 38}
{"obj": {"type": "LogStrings", "path": ["monitoring", "stdout"], "values": [{"value": "\n", "step": null, "ts": 1669341139.625996}]}, "version": 39}
{"obj": {"type": "LogFloats", "path": ["train", "recall_score"], "values": [{"value": 0.8378378378378378, "step": null, "ts": 1669341140.1390662}]}, "version": 40}
{"obj": {"type": "LogFloats", "path": ["train", "f1_score"], "values": [{"value": 0.911764705882353, "step": null, "ts": 1669341140.1392431}]}, "version": 41}
{"obj": {"type": "LogFloats", "path": ["train", "accuracy"], "values": [{"value": 0.92, "step": null, "ts": 1669341140.139328}]}, "version": 42}
{"obj": {"type": "LogStrings", "path": ["monitoring", "stdout"], "values": [{"value": "Fold 5|                 Recall: 0.84 |-|                 F1: 0.91                 ACC: 0.92 ", "step": null, "ts": 1669341140.139461}]}, "version": 43}
{"obj": {"type": "LogStrings", "path": ["monitoring", "stdout"], "values": [{"value": " ", "step": null, "ts": 1669341140.1395562}]}, "version": 44}
{"obj": {"type": "LogStrings", "path": ["monitoring", "stdout"], "values": [{"value": "", "step": null, "ts": 1669341140.1396348}]}, "version": 45}
{"obj": {"type": "LogStrings", "path": ["monitoring", "stdout"], "values": [{"value": "\n", "step": null, "ts": 1669341140.139725}]}, "version": 46}
{"obj": {"type": "LogFloats", "path": ["train", "recall_score"], "values": [{"value": 0.9459459459459459, "step": null, "ts": 1669341140.660169}]}, "version": 47}
{"obj": {"type": "LogFloats", "path": ["train", "f1_score"], "values": [{"value": 0.9722222222222222, "step": null, "ts": 1669341140.6603599}]}, "version": 48}
{"obj": {"type": "LogFloats", "path": ["train", "accuracy"], "values": [{"value": 0.9733333333333334, "step": null, "ts": 1669341140.66048}]}, "version": 49}
{"obj": {"type": "LogStrings", "path": ["monitoring", "stdout"], "values": [{"value": "Fold 6|                 Recall: 0.95 |-|                 F1: 0.97                 ACC: 0.97 ", "step": null, "ts": 1669341140.660697}]}, "version": 50}
{"obj": {"type": "LogStrings", "path": ["monitoring", "stdout"], "values": [{"value": " ", "step": null, "ts": 1669341140.660823}]}, "version": 51}
{"obj": {"type": "LogStrings", "path": ["monitoring", "stdout"], "values": [{"value": "", "step": null, "ts": 1669341140.660932}]}, "version": 52}
{"obj": {"type": "LogStrings", "path": ["monitoring", "stdout"], "values": [{"value": "\n", "step": null, "ts": 1669341140.661029}]}, "version": 53}
{"obj": {"type": "LogFloats", "path": ["train", "recall_score"], "values": [{"value": 0.918918918918919, "step": null, "ts": 1669341141.1876092}]}, "version": 54}
{"obj": {"type": "LogFloats", "path": ["train", "f1_score"], "values": [{"value": 0.9577464788732395, "step": null, "ts": 1669341141.187794}]}, "version": 55}
{"obj": {"type": "LogFloats", "path": ["train", "accuracy"], "values": [{"value": 0.96, "step": null, "ts": 1669341141.187895}]}, "version": 56}
{"obj": {"type": "LogStrings", "path": ["monitoring", "stdout"], "values": [{"value": "Fold 7|                 Recall: 0.92 |-|                 F1: 0.96                 ACC: 0.96 ", "step": null, "ts": 1669341141.18804}]}, "version": 57}
{"obj": {"type": "LogStrings", "path": ["monitoring", "stdout"], "values": [{"value": " ", "step": null, "ts": 1669341141.188142}]}, "version": 58}
{"obj": {"type": "LogStrings", "path": ["monitoring", "stdout"], "values": [{"value": "", "step": null, "ts": 1669341141.188225}]}, "version": 59}
{"obj": {"type": "LogStrings", "path": ["monitoring", "stdout"], "values": [{"value": "\n", "step": null, "ts": 1669341141.1883829}]}, "version": 60}
{"obj": {"type": "LogFloats", "path": ["train", "recall_score"], "values": [{"value": 0.918918918918919, "step": null, "ts": 1669341141.7692318}]}, "version": 61}
{"obj": {"type": "LogFloats", "path": ["train", "f1_score"], "values": [{"value": 0.8947368421052632, "step": null, "ts": 1669341141.769504}]}, "version": 62}
{"obj": {"type": "LogFloats", "path": ["train", "accuracy"], "values": [{"value": 0.8933333333333333, "step": null, "ts": 1669341141.769612}]}, "version": 63}
{"obj": {"type": "LogStrings", "path": ["monitoring", "stdout"], "values": [{"value": "Fold 8|                 Recall: 0.92 |-|                 F1: 0.89                 ACC: 0.89 ", "step": null, "ts": 1669341141.769941}]}, "version": 64}
{"obj": {"type": "LogStrings", "path": ["monitoring", "stdout"], "values": [{"value": " ", "step": null, "ts": 1669341141.7700748}]}, "version": 65}
{"obj": {"type": "LogStrings", "path": ["monitoring", "stdout"], "values": [{"value": "", "step": null, "ts": 1669341141.7701702}]}, "version": 66}
{"obj": {"type": "LogStrings", "path": ["monitoring", "stdout"], "values": [{"value": "\n", "step": null, "ts": 1669341141.770313}]}, "version": 67}
{"obj": {"type": "LogFloats", "path": ["train", "recall_score"], "values": [{"value": 0.8918918918918919, "step": null, "ts": 1669341142.29774}]}, "version": 68}
{"obj": {"type": "LogFloats", "path": ["train", "f1_score"], "values": [{"value": 0.9295774647887325, "step": null, "ts": 1669341142.29792}]}, "version": 69}
{"obj": {"type": "LogFloats", "path": ["train", "accuracy"], "values": [{"value": 0.9333333333333333, "step": null, "ts": 1669341142.298005}]}, "version": 70}
{"obj": {"type": "LogStrings", "path": ["monitoring", "stdout"], "values": [{"value": "Fold 9|                 Recall: 0.89 |-|                 F1: 0.93                 ACC: 0.93 ", "step": null, "ts": 1669341142.2981389}]}, "version": 71}
{"obj": {"type": "LogStrings", "path": ["monitoring", "stdout"], "values": [{"value": " ", "step": null, "ts": 1669341142.298233}]}, "version": 72}
{"obj": {"type": "LogStrings", "path": ["monitoring", "stdout"], "values": [{"value": "", "step": null, "ts": 1669341142.298312}]}, "version": 73}
{"obj": {"type": "LogStrings", "path": ["monitoring", "stdout"], "values": [{"value": "\n", "step": null, "ts": 1669341142.298403}]}, "version": 74}
{"obj": {"type": "LogFloats", "path": ["train", "recall_score"], "values": [{"value": 0.8333333333333334, "step": null, "ts": 1669341142.832009}]}, "version": 75}
{"obj": {"type": "LogFloats", "path": ["train", "f1_score"], "values": [{"value": 0.9090909090909091, "step": null, "ts": 1669341142.8322072}]}, "version": 76}
{"obj": {"type": "LogFloats", "path": ["train", "accuracy"], "values": [{"value": 0.92, "step": null, "ts": 1669341142.832314}]}, "version": 77}
{"obj": {"type": "LogStrings", "path": ["monitoring", "stdout"], "values": [{"value": "Fold 10|                 Recall: 0.83 |-|                 F1: 0.91                 ACC: 0.92 ", "step": null, "ts": 1669341142.832474}]}, "version": 78}
{"obj": {"type": "LogStrings", "path": ["monitoring", "stdout"], "values": [{"value": " ", "step": null, "ts": 1669341142.832597}]}, "version": 79}
{"obj": {"type": "LogStrings", "path": ["monitoring", "stdout"], "values": [{"value": "", "step": null, "ts": 1669341142.832681}]}, "version": 80}
{"obj": {"type": "LogStrings", "path": ["monitoring", "stdout"], "values": [{"value": "\n", "step": null, "ts": 1669341142.8327801}]}, "version": 81}
{"obj": {"type": "LogFloats", "path": ["train", "recall_score"], "values": [{"value": 0.8648648648648649, "step": null, "ts": 1669341143.32406}]}, "version": 82}
{"obj": {"type": "LogFloats", "path": ["train", "f1_score"], "values": [{"value": 0.927536231884058, "step": null, "ts": 1669341143.3242502}]}, "version": 83}
{"obj": {"type": "LogFloats", "path": ["train", "accuracy"], "values": [{"value": 0.9333333333333333, "step": null, "ts": 1669341143.324341}]}, "version": 84}
{"obj": {"type": "LogStrings", "path": ["monitoring", "stdout"], "values": [{"value": "Fold 11|                 Recall: 0.86 |-|                 F1: 0.93                 ACC: 0.93 ", "step": null, "ts": 1669341143.324476}]}, "version": 85}
{"obj": {"type": "LogStrings", "path": ["monitoring", "stdout"], "values": [{"value": " ", "step": null, "ts": 1669341143.324571}]}, "version": 86}
{"obj": {"type": "LogStrings", "path": ["monitoring", "stdout"], "values": [{"value": "", "step": null, "ts": 1669341143.32465}]}, "version": 87}
{"obj": {"type": "LogStrings", "path": ["monitoring", "stdout"], "values": [{"value": "\n", "step": null, "ts": 1669341143.3247411}]}, "version": 88}
{"obj": {"type": "LogFloats", "path": ["train", "recall_score"], "values": [{"value": 0.972972972972973, "step": null, "ts": 1669341143.8366778}]}, "version": 89}
{"obj": {"type": "LogFloats", "path": ["train", "f1_score"], "values": [{"value": 0.9863013698630138, "step": null, "ts": 1669341143.836871}]}, "version": 90}
{"obj": {"type": "LogFloats", "path": ["train", "accuracy"], "values": [{"value": 0.9866666666666667, "step": null, "ts": 1669341143.836961}]}, "version": 91}
{"obj": {"type": "LogStrings", "path": ["monitoring", "stdout"], "values": [{"value": "Fold 12|                 Recall: 0.97 |-|                 F1: 0.99                 ACC: 0.99 ", "step": null, "ts": 1669341143.837101}]}, "version": 92}
{"obj": {"type": "LogStrings", "path": ["monitoring", "stdout"], "values": [{"value": " ", "step": null, "ts": 1669341143.837198}]}, "version": 93}
{"obj": {"type": "LogStrings", "path": ["monitoring", "stdout"], "values": [{"value": "", "step": null, "ts": 1669341143.837279}]}, "version": 94}
{"obj": {"type": "LogStrings", "path": ["monitoring", "stdout"], "values": [{"value": "\n", "step": null, "ts": 1669341143.837386}]}, "version": 95}
{"obj": {"type": "LogFloats", "path": ["train", "recall_score"], "values": [{"value": 0.8648648648648649, "step": null, "ts": 1669341144.3265212}]}, "version": 96}
{"obj": {"type": "LogFloats", "path": ["train", "f1_score"], "values": [{"value": 0.927536231884058, "step": null, "ts": 1669341144.326689}]}, "version": 97}
{"obj": {"type": "LogFloats", "path": ["train", "accuracy"], "values": [{"value": 0.9333333333333333, "step": null, "ts": 1669341144.326776}]}, "version": 98}
{"obj": {"type": "LogStrings", "path": ["monitoring", "stdout"], "values": [{"value": "Fold 13|                 Recall: 0.86 |-|                 F1: 0.93                 ACC: 0.93 ", "step": null, "ts": 1669341144.326923}]}, "version": 99}
{"obj": {"type": "LogStrings", "path": ["monitoring", "stdout"], "values": [{"value": " ", "step": null, "ts": 1669341144.327019}]}, "version": 100}
{"obj": {"type": "LogStrings", "path": ["monitoring", "stdout"], "values": [{"value": "", "step": null, "ts": 1669341144.3271208}]}, "version": 101}
{"obj": {"type": "LogStrings", "path": ["monitoring", "stdout"], "values": [{"value": "\n", "step": null, "ts": 1669341144.327301}]}, "version": 102}
{"obj": {"type": "LogFloats", "path": ["train", "recall_score"], "values": [{"value": 0.9459459459459459, "step": null, "ts": 1669341144.8236}]}, "version": 103}
{"obj": {"type": "LogFloats", "path": ["train", "f1_score"], "values": [{"value": 0.9722222222222222, "step": null, "ts": 1669341144.823786}]}, "version": 104}
{"obj": {"type": "LogFloats", "path": ["train", "accuracy"], "values": [{"value": 0.9733333333333334, "step": null, "ts": 1669341144.823874}]}, "version": 105}
{"obj": {"type": "LogStrings", "path": ["monitoring", "stdout"], "values": [{"value": "Fold 14|                 Recall: 0.95 |-|                 F1: 0.97                 ACC: 0.97 ", "step": null, "ts": 1669341144.824003}]}, "version": 106}
{"obj": {"type": "LogStrings", "path": ["monitoring", "stdout"], "values": [{"value": " ", "step": null, "ts": 1669341144.824094}]}, "version": 107}
{"obj": {"type": "LogStrings", "path": ["monitoring", "stdout"], "values": [{"value": "", "step": null, "ts": 1669341144.8241699}]}, "version": 108}
{"obj": {"type": "LogStrings", "path": ["monitoring", "stdout"], "values": [{"value": "\n", "step": null, "ts": 1669341144.824256}]}, "version": 109}
{"obj": {"type": "LogFloats", "path": ["train", "recall_score"], "values": [{"value": 0.918918918918919, "step": null, "ts": 1669341145.455489}]}, "version": 110}
{"obj": {"type": "LogFloats", "path": ["train", "f1_score"], "values": [{"value": 0.9577464788732395, "step": null, "ts": 1669341145.455693}]}, "version": 111}
{"obj": {"type": "LogFloats", "path": ["train", "accuracy"], "values": [{"value": 0.96, "step": null, "ts": 1669341145.455797}]}, "version": 112}
{"obj": {"type": "LogStrings", "path": ["monitoring", "stdout"], "values": [{"value": "Fold 15|                 Recall: 0.92 |-|                 F1: 0.96                 ACC: 0.96 ", "step": null, "ts": 1669341145.4559438}]}, "version": 113}
{"obj": {"type": "LogStrings", "path": ["monitoring", "stdout"], "values": [{"value": " ", "step": null, "ts": 1669341145.456044}]}, "version": 114}
{"obj": {"type": "LogStrings", "path": ["monitoring", "stdout"], "values": [{"value": "", "step": null, "ts": 1669341145.456127}]}, "version": 115}
{"obj": {"type": "LogStrings", "path": ["monitoring", "stdout"], "values": [{"value": "\n", "step": null, "ts": 1669341145.4562209}]}, "version": 116}
{"obj": {"type": "LogFloats", "path": ["train", "recall_score"], "values": [{"value": 0.8648648648648649, "step": null, "ts": 1669341146.1335528}]}, "version": 117}
{"obj": {"type": "LogFloats", "path": ["train", "f1_score"], "values": [{"value": 0.9142857142857143, "step": null, "ts": 1669341146.1337569}]}, "version": 118}
{"obj": {"type": "LogFloats", "path": ["train", "accuracy"], "values": [{"value": 0.92, "step": null, "ts": 1669341146.133875}]}, "version": 119}
{"obj": {"type": "LogStrings", "path": ["monitoring", "stdout"], "values": [{"value": "Fold 16|                 Recall: 0.86 |-|                 F1: 0.91                 ACC: 0.92 ", "step": null, "ts": 1669341146.134026}]}, "version": 120}
{"obj": {"type": "LogStrings", "path": ["monitoring", "stdout"], "values": [{"value": " ", "step": null, "ts": 1669341146.13413}]}, "version": 121}
{"obj": {"type": "LogStrings", "path": ["monitoring", "stdout"], "values": [{"value": "", "step": null, "ts": 1669341146.1342158}]}, "version": 122}
{"obj": {"type": "LogStrings", "path": ["monitoring", "stdout"], "values": [{"value": "\n", "step": null, "ts": 1669341146.134311}]}, "version": 123}
{"obj": {"type": "LogFloats", "path": ["train", "recall_score"], "values": [{"value": 0.8648648648648649, "step": null, "ts": 1669341146.6950002}]}, "version": 124}
{"obj": {"type": "LogFloats", "path": ["train", "f1_score"], "values": [{"value": 0.9142857142857143, "step": null, "ts": 1669341146.695248}]}, "version": 125}
{"obj": {"type": "LogFloats", "path": ["train", "accuracy"], "values": [{"value": 0.92, "step": null, "ts": 1669341146.695335}]}, "version": 126}
{"obj": {"type": "LogStrings", "path": ["monitoring", "stdout"], "values": [{"value": "Fold 17|                 Recall: 0.86 |-|                 F1: 0.91                 ACC: 0.92 ", "step": null, "ts": 1669341146.69547}]}, "version": 127}
{"obj": {"type": "LogStrings", "path": ["monitoring", "stdout"], "values": [{"value": " ", "step": null, "ts": 1669341146.695564}]}, "version": 128}
{"obj": {"type": "LogStrings", "path": ["monitoring", "stdout"], "values": [{"value": "", "step": null, "ts": 1669341146.695643}]}, "version": 129}
{"obj": {"type": "LogStrings", "path": ["monitoring", "stdout"], "values": [{"value": "\n", "step": null, "ts": 1669341146.695743}]}, "version": 130}
{"obj": {"type": "LogFloats", "path": ["train", "recall_score"], "values": [{"value": 0.8918918918918919, "step": null, "ts": 1669341147.184844}]}, "version": 131}
{"obj": {"type": "LogFloats", "path": ["train", "f1_score"], "values": [{"value": 0.9295774647887325, "step": null, "ts": 1669341147.185036}]}, "version": 132}
{"obj": {"type": "LogFloats", "path": ["train", "accuracy"], "values": [{"value": 0.9333333333333333, "step": null, "ts": 1669341147.1851368}]}, "version": 133}
{"obj": {"type": "LogStrings", "path": ["monitoring", "stdout"], "values": [{"value": "Fold 18|                 Recall: 0.89 |-|                 F1: 0.93                 ACC: 0.93 ", "step": null, "ts": 1669341147.185278}]}, "version": 134}
{"obj": {"type": "LogStrings", "path": ["monitoring", "stdout"], "values": [{"value": " ", "step": null, "ts": 1669341147.185376}]}, "version": 135}
{"obj": {"type": "LogStrings", "path": ["monitoring", "stdout"], "values": [{"value": "", "step": null, "ts": 1669341147.185468}]}, "version": 136}
{"obj": {"type": "LogStrings", "path": ["monitoring", "stdout"], "values": [{"value": "\n", "step": null, "ts": 1669341147.1855721}]}, "version": 137}
{"obj": {"type": "LogFloats", "path": ["train", "recall_score"], "values": [{"value": 0.8918918918918919, "step": null, "ts": 1669341147.751816}]}, "version": 138}
{"obj": {"type": "LogFloats", "path": ["train", "f1_score"], "values": [{"value": 0.9428571428571428, "step": null, "ts": 1669341147.7520142}]}, "version": 139}
{"obj": {"type": "LogFloats", "path": ["train", "accuracy"], "values": [{"value": 0.9466666666666667, "step": null, "ts": 1669341147.7529302}]}, "version": 140}
{"obj": {"type": "LogStrings", "path": ["monitoring", "stdout"], "values": [{"value": "Fold 19|                 Recall: 0.89 |-|                 F1: 0.94                 ACC: 0.95 ", "step": null, "ts": 1669341147.753176}]}, "version": 141}
{"obj": {"type": "LogStrings", "path": ["monitoring", "stdout"], "values": [{"value": " ", "step": null, "ts": 1669341147.753314}]}, "version": 142}
{"obj": {"type": "LogStrings", "path": ["monitoring", "stdout"], "values": [{"value": "", "step": null, "ts": 1669341147.7534342}]}, "version": 143}
{"obj": {"type": "LogStrings", "path": ["monitoring", "stdout"], "values": [{"value": "\n", "step": null, "ts": 1669341147.753539}]}, "version": 144}
{"obj": {"type": "LogFloats", "path": ["train", "recall_score"], "values": [{"value": 0.8055555555555556, "step": null, "ts": 1669341148.2644842}]}, "version": 145}
{"obj": {"type": "LogFloats", "path": ["train", "f1_score"], "values": [{"value": 0.8787878787878789, "step": null, "ts": 1669341148.2646642}]}, "version": 146}
{"obj": {"type": "LogFloats", "path": ["train", "accuracy"], "values": [{"value": 0.8933333333333333, "step": null, "ts": 1669341148.2647521}]}, "version": 147}
{"obj": {"type": "LogStrings", "path": ["monitoring", "stdout"], "values": [{"value": "Fold 20|                 Recall: 0.81 |-|                 F1: 0.88                 ACC: 0.89 ", "step": null, "ts": 1669341148.264884}]}, "version": 148}
{"obj": {"type": "LogStrings", "path": ["monitoring", "stdout"], "values": [{"value": " ", "step": null, "ts": 1669341148.2649758}]}, "version": 149}
{"obj": {"type": "LogStrings", "path": ["monitoring", "stdout"], "values": [{"value": "", "step": null, "ts": 1669341148.265054}]}, "version": 150}
{"obj": {"type": "LogStrings", "path": ["monitoring", "stdout"], "values": [{"value": "\n", "step": null, "ts": 1669341148.265146}]}, "version": 151}
{"obj": {"type": "UploadFile", "path": ["train", "conf_matrix"], "ext": "png", "file_path": "/Users/cosmoremit/Documents/AcNice/credit-card-fraud-detection/resources/plots/train_conf_matrix.png", "clean_after_upload": false}, "version": 152}
{"obj": {"type": "LogFloats", "path": ["train", "recall_score"], "values": [{"value": 0.9024390243902439, "step": null, "ts": 1669341148.765661}]}, "version": 153}
{"obj": {"type": "LogFloats", "path": ["train", "f1_score"], "values": [{"value": 0.9446808510638298, "step": null, "ts": 1669341148.7658932}]}, "version": 154}
{"obj": {"type": "LogFloats", "path": ["train", "accuracy"], "values": [{"value": 0.948, "step": null, "ts": 1669341148.766091}]}, "version": 155}
{"obj": {"type": "UploadFile", "path": ["train", "conf_matrix"], "ext": "png", "file_path": "/Users/cosmoremit/Documents/AcNice/credit-card-fraud-detection/resources/plots/final_model_train_conf_matrix.png", "clean_after_upload": false}, "version": 156}
{"obj": {"type": "LogFloats", "path": ["eval", "recall_score"], "values": [{"value": 0.9105691056910569, "step": null, "ts": 1669341149.032939}]}, "version": 157}
{"obj": {"type": "LogFloats", "path": ["eval", "f1_score"], "values": [{"value": 0.9531914893617021, "step": null, "ts": 1669341149.0331929}]}, "version": 158}
{"obj": {"type": "LogFloats", "path": ["eval", "accuracy"], "values": [{"value": 0.956, "step": null, "ts": 1669341149.033313}]}, "version": 159}
{"obj": {"type": "UploadFile", "path": ["eval", "conf_matrix"], "ext": "png", "file_path": "/Users/cosmoremit/Documents/AcNice/credit-card-fraud-detection/resources/plots/final_model_eval_conf_matrix.png", "clean_after_upload": false}, "version": 160}
{"obj": {"type": "AssignString", "path": ["model_params", "estimators"], "value": "[('adaboost', AdaBoostClassifier()), ('rf_model', RandomForestClassifier(max_depth=10, max_features=3, max_samples=0.8,\n                       min_samples_leaf=4, min_samples_split=3,\n                       n_estimators=200)), ('knn', KNeighborsClassifier(n_neighbors=10)), ('lgr', LogisticRegression())]"}, "version": 161}
{"obj": {"type": "AssignBool", "path": ["model_params", "flatten_transform"], "value": true}, "version": 162}
{"obj": {"type": "AssignString", "path": ["model_params", "n_jobs"], "value": "None"}, "version": 163}
{"obj": {"type": "AssignBool", "path": ["model_params", "verbose"], "value": false}, "version": 164}
{"obj": {"type": "AssignString", "path": ["model_params", "voting"], "value": "hard"}, "version": 165}
{"obj": {"type": "AssignString", "path": ["model_params", "weights"], "value": "None"}, "version": 166}
{"obj": {"type": "AssignString", "path": ["model_params", "adaboost"], "value": "AdaBoostClassifier()"}, "version": 167}
{"obj": {"type": "AssignString", "path": ["model_params", "rf_model"], "value": "RandomForestClassifier(max_depth=10, max_features=3, max_samples=0.8,\n                       min_samples_leaf=4, min_samples_split=3,\n                       n_estimators=200)"}, "version": 168}
{"obj": {"type": "AssignString", "path": ["model_params", "knn"], "value": "KNeighborsClassifier(n_neighbors=10)"}, "version": 169}
{"obj": {"type": "AssignString", "path": ["model_params", "lgr"], "value": "LogisticRegression()"}, "version": 170}
{"obj": {"type": "AssignString", "path": ["model_params", "adaboost__algorithm"], "value": "SAMME.R"}, "version": 171}
{"obj": {"type": "AssignString", "path": ["model_params", "adaboost__base_estimator"], "value": "None"}, "version": 172}
{"obj": {"type": "AssignFloat", "path": ["model_params", "adaboost__learning_rate"], "value": 1.0}, "version": 173}
{"obj": {"type": "AssignInt", "path": ["model_params", "adaboost__n_estimators"], "value": 50}, "version": 174}
{"obj": {"type": "AssignString", "path": ["model_params", "adaboost__random_state"], "value": "None"}, "version": 175}
{"obj": {"type": "AssignBool", "path": ["model_params", "rf_model__bootstrap"], "value": true}, "version": 176}
{"obj": {"type": "AssignFloat", "path": ["model_params", "rf_model__ccp_alpha"], "value": 0.0}, "version": 177}
{"obj": {"type": "AssignString", "path": ["model_params", "rf_model__class_weight"], "value": "None"}, "version": 178}
{"obj": {"type": "AssignString", "path": ["model_params", "rf_model__criterion"], "value": "gini"}, "version": 179}
{"obj": {"type": "AssignInt", "path": ["model_params", "rf_model__max_depth"], "value": 10}, "version": 180}
{"obj": {"type": "AssignInt", "path": ["model_params", "rf_model__max_features"], "value": 3}, "version": 181}
{"obj": {"type": "AssignString", "path": ["model_params", "rf_model__max_leaf_nodes"], "value": "None"}, "version": 182}
{"obj": {"type": "AssignFloat", "path": ["model_params", "rf_model__max_samples"], "value": 0.8}, "version": 183}
{"obj": {"type": "AssignFloat", "path": ["model_params", "rf_model__min_impurity_decrease"], "value": 0.0}, "version": 184}
{"obj": {"type": "AssignInt", "path": ["model_params", "rf_model__min_samples_leaf"], "value": 4}, "version": 185}
{"obj": {"type": "AssignInt", "path": ["model_params", "rf_model__min_samples_split"], "value": 3}, "version": 186}
{"obj": {"type": "AssignFloat", "path": ["model_params", "rf_model__min_weight_fraction_leaf"], "value": 0.0}, "version": 187}
{"obj": {"type": "AssignInt", "path": ["model_params", "rf_model__n_estimators"], "value": 200}, "version": 188}
{"obj": {"type": "AssignString", "path": ["model_params", "rf_model__n_jobs"], "value": "None"}, "version": 189}
{"obj": {"type": "AssignBool", "path": ["model_params", "rf_model__oob_score"], "value": false}, "version": 190}
{"obj": {"type": "AssignString", "path": ["model_params", "rf_model__random_state"], "value": "None"}, "version": 191}
{"obj": {"type": "AssignInt", "path": ["model_params", "rf_model__verbose"], "value": 0}, "version": 192}
{"obj": {"type": "AssignBool", "path": ["model_params", "rf_model__warm_start"], "value": false}, "version": 193}
{"obj": {"type": "AssignString", "path": ["model_params", "knn__algorithm"], "value": "auto"}, "version": 194}
{"obj": {"type": "AssignInt", "path": ["model_params", "knn__leaf_size"], "value": 30}, "version": 195}
{"obj": {"type": "AssignString", "path": ["model_params", "knn__metric"], "value": "minkowski"}, "version": 196}
{"obj": {"type": "AssignString", "path": ["model_params", "knn__metric_params"], "value": "None"}, "version": 197}
{"obj": {"type": "AssignString", "path": ["model_params", "knn__n_jobs"], "value": "None"}, "version": 198}
{"obj": {"type": "AssignInt", "path": ["model_params", "knn__n_neighbors"], "value": 10}, "version": 199}
{"obj": {"type": "AssignInt", "path": ["model_params", "knn__p"], "value": 2}, "version": 200}
{"obj": {"type": "AssignString", "path": ["model_params", "knn__weights"], "value": "uniform"}, "version": 201}
{"obj": {"type": "AssignFloat", "path": ["model_params", "lgr__C"], "value": 1.0}, "version": 202}
{"obj": {"type": "AssignString", "path": ["model_params", "lgr__class_weight"], "value": "None"}, "version": 203}
{"obj": {"type": "AssignBool", "path": ["model_params", "lgr__dual"], "value": false}, "version": 204}
{"obj": {"type": "AssignBool", "path": ["model_params", "lgr__fit_intercept"], "value": true}, "version": 205}
{"obj": {"type": "AssignInt", "path": ["model_params", "lgr__intercept_scaling"], "value": 1}, "version": 206}
{"obj": {"type": "AssignString", "path": ["model_params", "lgr__l1_ratio"], "value": "None"}, "version": 207}
{"obj": {"type": "AssignInt", "path": ["model_params", "lgr__max_iter"], "value": 100}, "version": 208}
{"obj": {"type": "AssignString", "path": ["model_params", "lgr__multi_class"], "value": "auto"}, "version": 209}
{"obj": {"type": "AssignString", "path": ["model_params", "lgr__n_jobs"], "value": "None"}, "version": 210}
{"obj": {"type": "AssignString", "path": ["model_params", "lgr__penalty"], "value": "l2"}, "version": 211}
{"obj": {"type": "AssignString", "path": ["model_params", "lgr__random_state"], "value": "None"}, "version": 212}
{"obj": {"type": "AssignString", "path": ["model_params", "lgr__solver"], "value": "lbfgs"}, "version": 213}
{"obj": {"type": "AssignFloat", "path": ["model_params", "lgr__tol"], "value": 0.0001}, "version": 214}
{"obj": {"type": "AssignInt", "path": ["model_params", "lgr__verbose"], "value": 0}, "version": 215}
{"obj": {"type": "AssignBool", "path": ["model_params", "lgr__warm_start"], "value": false}, "version": 216}
{"obj": {"type": "UploadFile", "path": ["models"], "ext": "pkl", "file_path": "/Users/cosmoremit/Documents/AcNice/credit-card-fraud-detection/models/final.pkl", "clean_after_upload": false}, "version": 217}
{"obj": {"type": "AssignBool", "path": ["scaled"], "value": false}, "version": 218}
{"obj": {"type": "TrackFilesToArtifact", "path": ["train_dataset", "X_train"], "entries": [["data/features/X_train.csv", null]], "project_id": "810b60a5-0827-4211-a78d-b06e83b834ad"}, "version": 219}
{"obj": {"type": "TrackFilesToArtifact", "path": ["train_dataset", "y_train"], "entries": [["data/features/y_train.csv", null]], "project_id": "810b60a5-0827-4211-a78d-b06e83b834ad"}, "version": 220}
{"obj": {"type": "TrackFilesToArtifact", "path": ["train_dataset", "y_train"], "entries": [["notebooks/analysis.ipynb", null]], "project_id": "810b60a5-0827-4211-a78d-b06e83b834ad"}, "version": 221}
{"obj": {"type": "LogStrings", "path": ["monitoring", "stdout"], "values": [{"value": "Shutting down background jobs, please wait a moment...\n", "step": null, "ts": 1669341149.319712}]}, "version": 222}
