{"obj": {"type": "AssignString", "path": ["sys", "name"], "value": "Untitled"}, "version": 1}
{"obj": {"type": "AssignString", "path": ["sys", "description"], "value": ""}, "version": 2}
{"obj": {"type": "AssignString", "path": ["sys", "hostname"], "value": "CosmoRemits-MacBook-Pro.local"}, "version": 3}
{"obj": {"type": "AddStrings", "path": ["sys", "tags"], "values": ["KNN"]}, "version": 4}
{"obj": {"type": "AssignBool", "path": ["sys", "failed"], "value": false}, "version": 5}
{"obj": {"type": "ClearStringLog", "path": ["monitoring", "stdout"]}, "version": 6}
{"obj": {"type": "ClearStringLog", "path": ["monitoring", "stderr"]}, "version": 7}
{"obj": {"type": "AssignString", "path": ["source_code", "entrypoint"], "value": "/Users/cosmoremit/Documents/AcNice/credit-card-fraud-detection/src/estimator_training/knn.py"}, "version": 8}
{"obj": {"type": "UploadFileSet", "path": ["source_code", "files"], "file_globs": ["/Users/cosmoremit/Documents/AcNice/credit-card-fraud-detection/model.py, featurize.py, train.py, env.toml"], "reset": "False"}, "version": 9}
{"obj": {"type": "LogFloats", "path": ["train", "roc_auc_score"], "values": [{"value": 0.990398293029872, "step": null, "ts": 1669341046.833838}]}, "version": 10}
{"obj": {"type": "LogFloats", "path": ["train", "recall_score"], "values": [{"value": 0.918918918918919, "step": null, "ts": 1669341046.837193}]}, "version": 11}
{"obj": {"type": "LogFloats", "path": ["train", "f1_score"], "values": [{"value": 0.9444444444444445, "step": null, "ts": 1669341046.837335}]}, "version": 12}
{"obj": {"type": "LogFloats", "path": ["train", "accuracy"], "values": [{"value": 0.9466666666666667, "step": null, "ts": 1669341046.837436}]}, "version": 13}
{"obj": {"type": "LogStrings", "path": ["monitoring", "stdout"], "values": [{"value": "Fold 1|                 Recall: 0.92 |-|                 F1: 0.94                 ACC: 0.95 ", "step": null, "ts": 1669341046.838538}]}, "version": 14}
{"obj": {"type": "LogStrings", "path": ["monitoring", "stdout"], "values": [{"value": " ", "step": null, "ts": 1669341046.838793}]}, "version": 15}
{"obj": {"type": "LogStrings", "path": ["monitoring", "stdout"], "values": [{"value": "ROC: 0.99", "step": null, "ts": 1669341046.8388941}]}, "version": 16}
{"obj": {"type": "LogStrings", "path": ["monitoring", "stdout"], "values": [{"value": "\n", "step": null, "ts": 1669341046.8389912}]}, "version": 17}
{"obj": {"type": "LogFloats", "path": ["train", "roc_auc_score"], "values": [{"value": 0.9900426742532007, "step": null, "ts": 1669341046.846852}]}, "version": 18}
{"obj": {"type": "LogFloats", "path": ["train", "recall_score"], "values": [{"value": 0.8108108108108109, "step": null, "ts": 1669341046.848939}]}, "version": 19}
{"obj": {"type": "LogFloats", "path": ["train", "f1_score"], "values": [{"value": 0.8955223880597014, "step": null, "ts": 1669341046.849061}]}, "version": 20}
{"obj": {"type": "LogFloats", "path": ["train", "accuracy"], "values": [{"value": 0.9066666666666666, "step": null, "ts": 1669341046.849141}]}, "version": 21}
{"obj": {"type": "LogStrings", "path": ["monitoring", "stdout"], "values": [{"value": "Fold 2|                 Recall: 0.81 |-|                 F1: 0.9                 ACC: 0.91 ", "step": null, "ts": 1669341046.849349}]}, "version": 22}
{"obj": {"type": "LogStrings", "path": ["monitoring", "stdout"], "values": [{"value": " ", "step": null, "ts": 1669341046.849463}]}, "version": 23}
{"obj": {"type": "LogStrings", "path": ["monitoring", "stdout"], "values": [{"value": "ROC: 0.99", "step": null, "ts": 1669341046.849611}]}, "version": 24}
{"obj": {"type": "LogStrings", "path": ["monitoring", "stdout"], "values": [{"value": "\n", "step": null, "ts": 1669341046.84972}]}, "version": 25}
{"obj": {"type": "LogFloats", "path": ["train", "roc_auc_score"], "values": [{"value": 0.9601706970128023, "step": null, "ts": 1669341046.862941}]}, "version": 26}
{"obj": {"type": "LogFloats", "path": ["train", "recall_score"], "values": [{"value": 0.8378378378378378, "step": null, "ts": 1669341046.866163}]}, "version": 27}
{"obj": {"type": "LogFloats", "path": ["train", "f1_score"], "values": [{"value": 0.911764705882353, "step": null, "ts": 1669341046.866373}]}, "version": 28}
{"obj": {"type": "LogFloats", "path": ["train", "accuracy"], "values": [{"value": 0.92, "step": null, "ts": 1669341046.869086}]}, "version": 29}
{"obj": {"type": "LogStrings", "path": ["monitoring", "stdout"], "values": [{"value": "Fold 3|                 Recall: 0.84 |-|                 F1: 0.91                 ACC: 0.92 ", "step": null, "ts": 1669341046.869256}]}, "version": 30}
{"obj": {"type": "LogStrings", "path": ["monitoring", "stdout"], "values": [{"value": " ", "step": null, "ts": 1669341046.869403}]}, "version": 31}
{"obj": {"type": "LogStrings", "path": ["monitoring", "stdout"], "values": [{"value": "ROC: 0.96", "step": null, "ts": 1669341046.869775}]}, "version": 32}
{"obj": {"type": "LogStrings", "path": ["monitoring", "stdout"], "values": [{"value": "\n", "step": null, "ts": 1669341046.869938}]}, "version": 33}
{"obj": {"type": "LogFloats", "path": ["train", "roc_auc_score"], "values": [{"value": 0.97475106685633, "step": null, "ts": 1669341046.9468591}]}, "version": 34}
{"obj": {"type": "LogFloats", "path": ["train", "recall_score"], "values": [{"value": 0.918918918918919, "step": null, "ts": 1669341046.951668}]}, "version": 35}
{"obj": {"type": "LogFloats", "path": ["train", "f1_score"], "values": [{"value": 0.9577464788732395, "step": null, "ts": 1669341046.9518132}]}, "version": 36}
{"obj": {"type": "LogFloats", "path": ["train", "accuracy"], "values": [{"value": 0.96, "step": null, "ts": 1669341046.9519072}]}, "version": 37}
{"obj": {"type": "LogStrings", "path": ["monitoring", "stdout"], "values": [{"value": "Fold 4|                 Recall: 0.92 |-|                 F1: 0.96                 ACC: 0.96 ", "step": null, "ts": 1669341046.952069}]}, "version": 38}
{"obj": {"type": "LogStrings", "path": ["monitoring", "stdout"], "values": [{"value": " ", "step": null, "ts": 1669341046.952171}]}, "version": 39}
{"obj": {"type": "LogStrings", "path": ["monitoring", "stdout"], "values": [{"value": "ROC: 0.97", "step": null, "ts": 1669341046.95225}]}, "version": 40}
{"obj": {"type": "LogStrings", "path": ["monitoring", "stdout"], "values": [{"value": "\n", "step": null, "ts": 1669341046.9523351}]}, "version": 41}
{"obj": {"type": "LogFloats", "path": ["train", "roc_auc_score"], "values": [{"value": 0.9484352773826457, "step": null, "ts": 1669341046.9621382}]}, "version": 42}
{"obj": {"type": "LogFloats", "path": ["train", "recall_score"], "values": [{"value": 0.7837837837837838, "step": null, "ts": 1669341046.964105}]}, "version": 43}
{"obj": {"type": "LogFloats", "path": ["train", "f1_score"], "values": [{"value": 0.8787878787878788, "step": null, "ts": 1669341046.9642398}]}, "version": 44}
{"obj": {"type": "LogFloats", "path": ["train", "accuracy"], "values": [{"value": 0.8933333333333333, "step": null, "ts": 1669341046.964328}]}, "version": 45}
{"obj": {"type": "LogStrings", "path": ["monitoring", "stdout"], "values": [{"value": "Fold 5|                 Recall: 0.78 |-|                 F1: 0.88                 ACC: 0.89 ", "step": null, "ts": 1669341046.964459}]}, "version": 46}
{"obj": {"type": "LogStrings", "path": ["monitoring", "stdout"], "values": [{"value": " ", "step": null, "ts": 1669341046.9645472}]}, "version": 47}
{"obj": {"type": "LogStrings", "path": ["monitoring", "stdout"], "values": [{"value": "ROC: 0.95", "step": null, "ts": 1669341046.965238}]}, "version": 48}
{"obj": {"type": "LogStrings", "path": ["monitoring", "stdout"], "values": [{"value": "\n", "step": null, "ts": 1669341046.9653592}]}, "version": 49}
{"obj": {"type": "LogFloats", "path": ["train", "roc_auc_score"], "values": [{"value": 0.9815078236130867, "step": null, "ts": 1669341046.978389}]}, "version": 50}
{"obj": {"type": "LogFloats", "path": ["train", "recall_score"], "values": [{"value": 0.918918918918919, "step": null, "ts": 1669341046.981131}]}, "version": 51}
{"obj": {"type": "LogFloats", "path": ["train", "f1_score"], "values": [{"value": 0.9577464788732395, "step": null, "ts": 1669341046.9812438}]}, "version": 52}
{"obj": {"type": "LogFloats", "path": ["train", "accuracy"], "values": [{"value": 0.96, "step": null, "ts": 1669341046.981484}]}, "version": 53}
{"obj": {"type": "LogStrings", "path": ["monitoring", "stdout"], "values": [{"value": "Fold 6|                 Recall: 0.92 |-|                 F1: 0.96                 ACC: 0.96 ", "step": null, "ts": 1669341046.981644}]}, "version": 54}
{"obj": {"type": "LogStrings", "path": ["monitoring", "stdout"], "values": [{"value": " ", "step": null, "ts": 1669341046.981778}]}, "version": 55}
{"obj": {"type": "LogStrings", "path": ["monitoring", "stdout"], "values": [{"value": "ROC: 0.98", "step": null, "ts": 1669341046.981864}]}, "version": 56}
{"obj": {"type": "LogStrings", "path": ["monitoring", "stdout"], "values": [{"value": "\n", "step": null, "ts": 1669341046.981998}]}, "version": 57}
{"obj": {"type": "LogFloats", "path": ["train", "roc_auc_score"], "values": [{"value": 0.9946657183499289, "step": null, "ts": 1669341046.993729}]}, "version": 58}
{"obj": {"type": "LogFloats", "path": ["train", "recall_score"], "values": [{"value": 0.918918918918919, "step": null, "ts": 1669341046.995751}]}, "version": 59}
{"obj": {"type": "LogFloats", "path": ["train", "f1_score"], "values": [{"value": 0.9577464788732395, "step": null, "ts": 1669341046.995907}]}, "version": 60}
{"obj": {"type": "LogFloats", "path": ["train", "accuracy"], "values": [{"value": 0.96, "step": null, "ts": 1669341046.995988}]}, "version": 61}
{"obj": {"type": "LogStrings", "path": ["monitoring", "stdout"], "values": [{"value": "Fold 7|                 Recall: 0.92 |-|                 F1: 0.96                 ACC: 0.96 ", "step": null, "ts": 1669341046.996116}]}, "version": 62}
{"obj": {"type": "LogStrings", "path": ["monitoring", "stdout"], "values": [{"value": " ", "step": null, "ts": 1669341046.996205}]}, "version": 63}
{"obj": {"type": "LogStrings", "path": ["monitoring", "stdout"], "values": [{"value": "ROC: 0.99", "step": null, "ts": 1669341046.9962811}]}, "version": 64}
{"obj": {"type": "LogStrings", "path": ["monitoring", "stdout"], "values": [{"value": "\n", "step": null, "ts": 1669341046.996368}]}, "version": 65}
{"obj": {"type": "LogFloats", "path": ["train", "roc_auc_score"], "values": [{"value": 0.9694167852062587, "step": null, "ts": 1669341047.004184}]}, "version": 66}
{"obj": {"type": "LogFloats", "path": ["train", "recall_score"], "values": [{"value": 0.918918918918919, "step": null, "ts": 1669341047.0104918}]}, "version": 67}
{"obj": {"type": "LogFloats", "path": ["train", "f1_score"], "values": [{"value": 0.918918918918919, "step": null, "ts": 1669341047.010616}]}, "version": 68}
{"obj": {"type": "LogFloats", "path": ["train", "accuracy"], "values": [{"value": 0.92, "step": null, "ts": 1669341047.010696}]}, "version": 69}
{"obj": {"type": "LogStrings", "path": ["monitoring", "stdout"], "values": [{"value": "Fold 8|                 Recall: 0.92 |-|                 F1: 0.92                 ACC: 0.92 ", "step": null, "ts": 1669341047.010824}]}, "version": 70}
{"obj": {"type": "LogStrings", "path": ["monitoring", "stdout"], "values": [{"value": " ", "step": null, "ts": 1669341047.010912}]}, "version": 71}
{"obj": {"type": "LogStrings", "path": ["monitoring", "stdout"], "values": [{"value": "ROC: 0.97", "step": null, "ts": 1669341047.010988}]}, "version": 72}
{"obj": {"type": "LogStrings", "path": ["monitoring", "stdout"], "values": [{"value": "\n", "step": null, "ts": 1669341047.011073}]}, "version": 73}
{"obj": {"type": "LogFloats", "path": ["train", "roc_auc_score"], "values": [{"value": 0.9647937411095306, "step": null, "ts": 1669341047.0208619}]}, "version": 74}
{"obj": {"type": "LogFloats", "path": ["train", "recall_score"], "values": [{"value": 0.8378378378378378, "step": null, "ts": 1669341047.027683}]}, "version": 75}
{"obj": {"type": "LogFloats", "path": ["train", "f1_score"], "values": [{"value": 0.8985507246376812, "step": null, "ts": 1669341047.02782}]}, "version": 76}
{"obj": {"type": "LogFloats", "path": ["train", "accuracy"], "values": [{"value": 0.9066666666666666, "step": null, "ts": 1669341047.0279171}]}, "version": 77}
{"obj": {"type": "LogStrings", "path": ["monitoring", "stdout"], "values": [{"value": "Fold 9|                 Recall: 0.84 |-|                 F1: 0.9                 ACC: 0.91 ", "step": null, "ts": 1669341047.02806}]}, "version": 78}
{"obj": {"type": "LogStrings", "path": ["monitoring", "stdout"], "values": [{"value": " ", "step": null, "ts": 1669341047.02816}]}, "version": 79}
{"obj": {"type": "LogStrings", "path": ["monitoring", "stdout"], "values": [{"value": "ROC: 0.96", "step": null, "ts": 1669341047.028246}]}, "version": 80}
{"obj": {"type": "LogStrings", "path": ["monitoring", "stdout"], "values": [{"value": "\n", "step": null, "ts": 1669341047.028985}]}, "version": 81}
{"obj": {"type": "LogFloats", "path": ["train", "roc_auc_score"], "values": [{"value": 0.9693732193732195, "step": null, "ts": 1669341047.038134}]}, "version": 82}
{"obj": {"type": "LogFloats", "path": ["train", "recall_score"], "values": [{"value": 0.8055555555555556, "step": null, "ts": 1669341047.041027}]}, "version": 83}
{"obj": {"type": "LogFloats", "path": ["train", "f1_score"], "values": [{"value": 0.8923076923076924, "step": null, "ts": 1669341047.041149}]}, "version": 84}
{"obj": {"type": "LogFloats", "path": ["train", "accuracy"], "values": [{"value": 0.9066666666666666, "step": null, "ts": 1669341047.041229}]}, "version": 85}
{"obj": {"type": "LogStrings", "path": ["monitoring", "stdout"], "values": [{"value": "Fold 10|                 Recall: 0.81 |-|                 F1: 0.89                 ACC: 0.91 ", "step": null, "ts": 1669341047.0413618}]}, "version": 86}
{"obj": {"type": "LogStrings", "path": ["monitoring", "stdout"], "values": [{"value": " ", "step": null, "ts": 1669341047.0414531}]}, "version": 87}
{"obj": {"type": "LogStrings", "path": ["monitoring", "stdout"], "values": [{"value": "ROC: 0.97", "step": null, "ts": 1669341047.0415318}]}, "version": 88}
{"obj": {"type": "LogStrings", "path": ["monitoring", "stdout"], "values": [{"value": "\n", "step": null, "ts": 1669341047.041627}]}, "version": 89}
{"obj": {"type": "LogFloats", "path": ["train", "roc_auc_score"], "values": [{"value": 0.9473684210526316, "step": null, "ts": 1669341047.053309}]}, "version": 90}
{"obj": {"type": "LogFloats", "path": ["train", "recall_score"], "values": [{"value": 0.8378378378378378, "step": null, "ts": 1669341047.0589728}]}, "version": 91}
{"obj": {"type": "LogFloats", "path": ["train", "f1_score"], "values": [{"value": 0.911764705882353, "step": null, "ts": 1669341047.059169}]}, "version": 92}
{"obj": {"type": "LogFloats", "path": ["train", "accuracy"], "values": [{"value": 0.92, "step": null, "ts": 1669341047.0592692}]}, "version": 93}
{"obj": {"type": "LogStrings", "path": ["monitoring", "stdout"], "values": [{"value": "Fold 11|                 Recall: 0.84 |-|                 F1: 0.91                 ACC: 0.92 ", "step": null, "ts": 1669341047.061673}]}, "version": 94}
{"obj": {"type": "LogStrings", "path": ["monitoring", "stdout"], "values": [{"value": " ", "step": null, "ts": 1669341047.0769558}]}, "version": 95}
{"obj": {"type": "LogStrings", "path": ["monitoring", "stdout"], "values": [{"value": "ROC: 0.95", "step": null, "ts": 1669341047.077079}]}, "version": 96}
{"obj": {"type": "LogStrings", "path": ["monitoring", "stdout"], "values": [{"value": "\n", "step": null, "ts": 1669341047.077183}]}, "version": 97}
{"obj": {"type": "LogFloats", "path": ["train", "roc_auc_score"], "values": [{"value": 0.9992887624466573, "step": null, "ts": 1669341047.0967948}]}, "version": 98}
{"obj": {"type": "LogFloats", "path": ["train", "recall_score"], "values": [{"value": 0.9459459459459459, "step": null, "ts": 1669341047.1023319}]}, "version": 99}
{"obj": {"type": "LogFloats", "path": ["train", "f1_score"], "values": [{"value": 0.9722222222222222, "step": null, "ts": 1669341047.102473}]}, "version": 100}
{"obj": {"type": "LogFloats", "path": ["train", "accuracy"], "values": [{"value": 0.9733333333333334, "step": null, "ts": 1669341047.102595}]}, "version": 101}
{"obj": {"type": "LogStrings", "path": ["monitoring", "stdout"], "values": [{"value": "Fold 12|                 Recall: 0.95 |-|                 F1: 0.97                 ACC: 0.97 ", "step": null, "ts": 1669341047.1027389}]}, "version": 102}
{"obj": {"type": "LogStrings", "path": ["monitoring", "stdout"], "values": [{"value": " ", "step": null, "ts": 1669341047.102853}]}, "version": 103}
{"obj": {"type": "LogStrings", "path": ["monitoring", "stdout"], "values": [{"value": "ROC: 1.0", "step": null, "ts": 1669341047.103004}]}, "version": 104}
{"obj": {"type": "LogStrings", "path": ["monitoring", "stdout"], "values": [{"value": "\n", "step": null, "ts": 1669341047.103114}]}, "version": 105}
{"obj": {"type": "LogFloats", "path": ["train", "roc_auc_score"], "values": [{"value": 0.9672830725462305, "step": null, "ts": 1669341047.115408}]}, "version": 106}
{"obj": {"type": "LogFloats", "path": ["train", "recall_score"], "values": [{"value": 0.8648648648648649, "step": null, "ts": 1669341047.130284}]}, "version": 107}
{"obj": {"type": "LogFloats", "path": ["train", "f1_score"], "values": [{"value": 0.927536231884058, "step": null, "ts": 1669341047.1304379}]}, "version": 108}
{"obj": {"type": "LogFloats", "path": ["train", "accuracy"], "values": [{"value": 0.9333333333333333, "step": null, "ts": 1669341047.130563}]}, "version": 109}
{"obj": {"type": "LogStrings", "path": ["monitoring", "stdout"], "values": [{"value": "Fold 13|                 Recall: 0.86 |-|                 F1: 0.93                 ACC: 0.93 ", "step": null, "ts": 1669341047.130711}]}, "version": 110}
{"obj": {"type": "LogStrings", "path": ["monitoring", "stdout"], "values": [{"value": " ", "step": null, "ts": 1669341047.1308029}]}, "version": 111}
{"obj": {"type": "LogStrings", "path": ["monitoring", "stdout"], "values": [{"value": "ROC: 0.97", "step": null, "ts": 1669341047.1311202}]}, "version": 112}
{"obj": {"type": "LogStrings", "path": ["monitoring", "stdout"], "values": [{"value": "\n", "step": null, "ts": 1669341047.1312761}]}, "version": 113}
{"obj": {"type": "LogFloats", "path": ["train", "roc_auc_score"], "values": [{"value": 0.9608819345661451, "step": null, "ts": 1669341047.145725}]}, "version": 114}
{"obj": {"type": "LogFloats", "path": ["train", "recall_score"], "values": [{"value": 0.9459459459459459, "step": null, "ts": 1669341047.1492102}]}, "version": 115}
{"obj": {"type": "LogFloats", "path": ["train", "f1_score"], "values": [{"value": 0.9722222222222222, "step": null, "ts": 1669341047.149473}]}, "version": 116}
{"obj": {"type": "LogFloats", "path": ["train", "accuracy"], "values": [{"value": 0.9733333333333334, "step": null, "ts": 1669341047.149735}]}, "version": 117}
{"obj": {"type": "LogStrings", "path": ["monitoring", "stdout"], "values": [{"value": "Fold 14|                 Recall: 0.95 |-|                 F1: 0.97                 ACC: 0.97 ", "step": null, "ts": 1669341047.149898}]}, "version": 118}
{"obj": {"type": "LogStrings", "path": ["monitoring", "stdout"], "values": [{"value": " ", "step": null, "ts": 1669341047.149993}]}, "version": 119}
{"obj": {"type": "LogStrings", "path": ["monitoring", "stdout"], "values": [{"value": "ROC: 0.96", "step": null, "ts": 1669341047.150074}]}, "version": 120}
{"obj": {"type": "LogStrings", "path": ["monitoring", "stdout"], "values": [{"value": "\n", "step": null, "ts": 1669341047.150184}]}, "version": 121}
{"obj": {"type": "LogFloats", "path": ["train", "roc_auc_score"], "values": [{"value": 0.9779516358463728, "step": null, "ts": 1669341047.1749918}]}, "version": 122}
{"obj": {"type": "LogFloats", "path": ["train", "recall_score"], "values": [{"value": 0.8918918918918919, "step": null, "ts": 1669341047.1797109}]}, "version": 123}
{"obj": {"type": "LogFloats", "path": ["train", "f1_score"], "values": [{"value": 0.9428571428571428, "step": null, "ts": 1669341047.1798458}]}, "version": 124}
{"obj": {"type": "LogFloats", "path": ["train", "accuracy"], "values": [{"value": 0.9466666666666667, "step": null, "ts": 1669341047.179928}]}, "version": 125}
{"obj": {"type": "LogStrings", "path": ["monitoring", "stdout"], "values": [{"value": "Fold 15|                 Recall: 0.89 |-|                 F1: 0.94                 ACC: 0.95 ", "step": null, "ts": 1669341047.18006}]}, "version": 126}
{"obj": {"type": "LogStrings", "path": ["monitoring", "stdout"], "values": [{"value": " ", "step": null, "ts": 1669341047.180151}]}, "version": 127}
{"obj": {"type": "LogStrings", "path": ["monitoring", "stdout"], "values": [{"value": "ROC: 0.98", "step": null, "ts": 1669341047.180227}]}, "version": 128}
{"obj": {"type": "LogStrings", "path": ["monitoring", "stdout"], "values": [{"value": "\n", "step": null, "ts": 1669341047.180316}]}, "version": 129}
{"obj": {"type": "LogFloats", "path": ["train", "roc_auc_score"], "values": [{"value": 0.9889758179231863, "step": null, "ts": 1669341047.206801}]}, "version": 130}
{"obj": {"type": "LogFloats", "path": ["train", "recall_score"], "values": [{"value": 0.8378378378378378, "step": null, "ts": 1669341047.2128482}]}, "version": 131}
{"obj": {"type": "LogFloats", "path": ["train", "f1_score"], "values": [{"value": 0.8985507246376812, "step": null, "ts": 1669341047.212978}]}, "version": 132}
{"obj": {"type": "LogFloats", "path": ["train", "accuracy"], "values": [{"value": 0.9066666666666666, "step": null, "ts": 1669341047.2130592}]}, "version": 133}
{"obj": {"type": "LogStrings", "path": ["monitoring", "stdout"], "values": [{"value": "Fold 16|                 Recall: 0.84 |-|                 F1: 0.9                 ACC: 0.91 ", "step": null, "ts": 1669341047.213194}]}, "version": 134}
{"obj": {"type": "LogStrings", "path": ["monitoring", "stdout"], "values": [{"value": " ", "step": null, "ts": 1669341047.2132952}]}, "version": 135}
{"obj": {"type": "LogStrings", "path": ["monitoring", "stdout"], "values": [{"value": "ROC: 0.99", "step": null, "ts": 1669341047.2134569}]}, "version": 136}
{"obj": {"type": "LogStrings", "path": ["monitoring", "stdout"], "values": [{"value": "\n", "step": null, "ts": 1669341047.213633}]}, "version": 137}
{"obj": {"type": "LogFloats", "path": ["train", "roc_auc_score"], "values": [{"value": 0.968705547652916, "step": null, "ts": 1669341047.2468}]}, "version": 138}
{"obj": {"type": "LogFloats", "path": ["train", "recall_score"], "values": [{"value": 0.8378378378378378, "step": null, "ts": 1669341047.249019}]}, "version": 139}
{"obj": {"type": "LogFloats", "path": ["train", "f1_score"], "values": [{"value": 0.8985507246376812, "step": null, "ts": 1669341047.249145}]}, "version": 140}
{"obj": {"type": "LogFloats", "path": ["train", "accuracy"], "values": [{"value": 0.9066666666666666, "step": null, "ts": 1669341047.249226}]}, "version": 141}
{"obj": {"type": "LogStrings", "path": ["monitoring", "stdout"], "values": [{"value": "Fold 17|                 Recall: 0.84 |-|                 F1: 0.9                 ACC: 0.91 ", "step": null, "ts": 1669341047.2493582}]}, "version": 142}
{"obj": {"type": "LogStrings", "path": ["monitoring", "stdout"], "values": [{"value": " ", "step": null, "ts": 1669341047.249451}]}, "version": 143}
{"obj": {"type": "LogStrings", "path": ["monitoring", "stdout"], "values": [{"value": "ROC: 0.97", "step": null, "ts": 1669341047.2495291}]}, "version": 144}
{"obj": {"type": "LogStrings", "path": ["monitoring", "stdout"], "values": [{"value": "\n", "step": null, "ts": 1669341047.249616}]}, "version": 145}
{"obj": {"type": "LogFloats", "path": ["train", "roc_auc_score"], "values": [{"value": 0.9857752489331437, "step": null, "ts": 1669341047.260803}]}, "version": 146}
{"obj": {"type": "LogFloats", "path": ["train", "recall_score"], "values": [{"value": 0.8648648648648649, "step": null, "ts": 1669341047.2628531}]}, "version": 147}
{"obj": {"type": "LogFloats", "path": ["train", "f1_score"], "values": [{"value": 0.9142857142857143, "step": null, "ts": 1669341047.262979}]}, "version": 148}
{"obj": {"type": "LogFloats", "path": ["train", "accuracy"], "values": [{"value": 0.92, "step": null, "ts": 1669341047.263073}]}, "version": 149}
{"obj": {"type": "LogStrings", "path": ["monitoring", "stdout"], "values": [{"value": "Fold 18|                 Recall: 0.86 |-|                 F1: 0.91                 ACC: 0.92 ", "step": null, "ts": 1669341047.263215}]}, "version": 150}
{"obj": {"type": "LogStrings", "path": ["monitoring", "stdout"], "values": [{"value": " ", "step": null, "ts": 1669341047.2633128}]}, "version": 151}
{"obj": {"type": "LogStrings", "path": ["monitoring", "stdout"], "values": [{"value": "ROC: 0.99", "step": null, "ts": 1669341047.263395}]}, "version": 152}
{"obj": {"type": "LogStrings", "path": ["monitoring", "stdout"], "values": [{"value": "\n", "step": null, "ts": 1669341047.263482}]}, "version": 153}
{"obj": {"type": "LogFloats", "path": ["train", "roc_auc_score"], "values": [{"value": 0.9946657183499289, "step": null, "ts": 1669341047.2752352}]}, "version": 154}
{"obj": {"type": "LogFloats", "path": ["train", "recall_score"], "values": [{"value": 0.8918918918918919, "step": null, "ts": 1669341047.277281}]}, "version": 155}
{"obj": {"type": "LogFloats", "path": ["train", "f1_score"], "values": [{"value": 0.9428571428571428, "step": null, "ts": 1669341047.277399}]}, "version": 156}
{"obj": {"type": "LogFloats", "path": ["train", "accuracy"], "values": [{"value": 0.9466666666666667, "step": null, "ts": 1669341047.277524}]}, "version": 157}
{"obj": {"type": "LogStrings", "path": ["monitoring", "stdout"], "values": [{"value": "Fold 19|                 Recall: 0.89 |-|                 F1: 0.94                 ACC: 0.95 ", "step": null, "ts": 1669341047.2776582}]}, "version": 158}
{"obj": {"type": "LogStrings", "path": ["monitoring", "stdout"], "values": [{"value": " ", "step": null, "ts": 1669341047.277747}]}, "version": 159}
{"obj": {"type": "LogStrings", "path": ["monitoring", "stdout"], "values": [{"value": "ROC: 0.99", "step": null, "ts": 1669341047.277826}]}, "version": 160}
{"obj": {"type": "LogStrings", "path": ["monitoring", "stdout"], "values": [{"value": "\n", "step": null, "ts": 1669341047.27791}]}, "version": 161}
{"obj": {"type": "LogFloats", "path": ["train", "roc_auc_score"], "values": [{"value": 0.9604700854700855, "step": null, "ts": 1669341047.2941902}]}, "version": 162}
{"obj": {"type": "LogFloats", "path": ["train", "recall_score"], "values": [{"value": 0.8055555555555556, "step": null, "ts": 1669341047.2962828}]}, "version": 163}
{"obj": {"type": "LogFloats", "path": ["train", "f1_score"], "values": [{"value": 0.8787878787878789, "step": null, "ts": 1669341047.296413}]}, "version": 164}
{"obj": {"type": "LogFloats", "path": ["train", "accuracy"], "values": [{"value": 0.8933333333333333, "step": null, "ts": 1669341047.29651}]}, "version": 165}
{"obj": {"type": "LogStrings", "path": ["monitoring", "stdout"], "values": [{"value": "Fold 20|                 Recall: 0.81 |-|                 F1: 0.88                 ACC: 0.89 ", "step": null, "ts": 1669341047.2966888}]}, "version": 166}
{"obj": {"type": "LogStrings", "path": ["monitoring", "stdout"], "values": [{"value": " ", "step": null, "ts": 1669341047.296798}]}, "version": 167}
{"obj": {"type": "LogStrings", "path": ["monitoring", "stdout"], "values": [{"value": "ROC: 0.96", "step": null, "ts": 1669341047.296885}]}, "version": 168}
{"obj": {"type": "LogStrings", "path": ["monitoring", "stdout"], "values": [{"value": "\n", "step": null, "ts": 1669341047.2969768}]}, "version": 169}
{"obj": {"type": "UploadFile", "path": ["train", "conf_matrix"], "ext": "png", "file_path": "/Users/cosmoremit/Documents/AcNice/credit-card-fraud-detection/resources/plots/train_conf_matrix.png", "clean_after_upload": false}, "version": 170}
{"obj": {"type": "LogFloats", "path": ["train", "roc_auc"], "values": [{"value": 0.9868232934297847, "step": null, "ts": 1669341047.5763268}]}, "version": 171}
{"obj": {"type": "LogFloats", "path": ["train", "recall_score"], "values": [{"value": 0.8834688346883469, "step": null, "ts": 1669341047.578822}]}, "version": 172}
{"obj": {"type": "LogFloats", "path": ["train", "f1_score"], "values": [{"value": 0.9327610872675252, "step": null, "ts": 1669341047.578937}]}, "version": 173}
{"obj": {"type": "LogFloats", "path": ["train", "accuracy"], "values": [{"value": 0.9373333333333334, "step": null, "ts": 1669341047.579016}]}, "version": 174}
{"obj": {"type": "UploadFile", "path": ["train", "conf_matrix"], "ext": "png", "file_path": "/Users/cosmoremit/Documents/AcNice/credit-card-fraud-detection/resources/plots/knn_train_conf_matrix.png", "clean_after_upload": false}, "version": 175}
{"obj": {"type": "LogFloats", "path": ["eval", "roc_auc"], "values": [{"value": 0.9731771333461366, "step": null, "ts": 1669341047.7413042}]}, "version": 176}
{"obj": {"type": "LogFloats", "path": ["eval", "recall_score"], "values": [{"value": 0.8943089430894309, "step": null, "ts": 1669341047.743628}]}, "version": 177}
{"obj": {"type": "LogFloats", "path": ["eval", "f1_score"], "values": [{"value": 0.944206008583691, "step": null, "ts": 1669341047.743756}]}, "version": 178}
{"obj": {"type": "LogFloats", "path": ["eval", "accuracy"], "values": [{"value": 0.948, "step": null, "ts": 1669341047.7438521}]}, "version": 179}
{"obj": {"type": "UploadFile", "path": ["eval", "conf_matrix"], "ext": "png", "file_path": "/Users/cosmoremit/Documents/AcNice/credit-card-fraud-detection/resources/plots/knn_eval_conf_matrix.png", "clean_after_upload": false}, "version": 180}
{"obj": {"type": "AssignString", "path": ["model_params", "algorithm"], "value": "auto"}, "version": 181}
{"obj": {"type": "AssignInt", "path": ["model_params", "leaf_size"], "value": 30}, "version": 182}
{"obj": {"type": "AssignString", "path": ["model_params", "metric"], "value": "minkowski"}, "version": 183}
{"obj": {"type": "AssignString", "path": ["model_params", "metric_params"], "value": "None"}, "version": 184}
{"obj": {"type": "AssignString", "path": ["model_params", "n_jobs"], "value": "None"}, "version": 185}
{"obj": {"type": "AssignInt", "path": ["model_params", "n_neighbors"], "value": 10}, "version": 186}
{"obj": {"type": "AssignInt", "path": ["model_params", "p"], "value": 2}, "version": 187}
{"obj": {"type": "AssignString", "path": ["model_params", "weights"], "value": "uniform"}, "version": 188}
{"obj": {"type": "UploadFile", "path": ["models"], "ext": "pkl", "file_path": "/Users/cosmoremit/Documents/AcNice/credit-card-fraud-detection/models/knn.pkl", "clean_after_upload": false}, "version": 189}
{"obj": {"type": "AssignBool", "path": ["scaled"], "value": false}, "version": 190}
{"obj": {"type": "TrackFilesToArtifact", "path": ["train_dataset", "X_train"], "entries": [["data/features/X_train.csv", null]], "project_id": "810b60a5-0827-4211-a78d-b06e83b834ad"}, "version": 191}
{"obj": {"type": "TrackFilesToArtifact", "path": ["train_dataset", "y_train"], "entries": [["data/features/y_train.csv", null]], "project_id": "810b60a5-0827-4211-a78d-b06e83b834ad"}, "version": 192}
{"obj": {"type": "TrackFilesToArtifact", "path": ["train_dataset", "y_train"], "entries": [["notebooks/analysis.ipynb", null]], "project_id": "810b60a5-0827-4211-a78d-b06e83b834ad"}, "version": 193}
{"obj": {"type": "LogStrings", "path": ["monitoring", "stdout"], "values": [{"value": "Shutting down background jobs, please wait a moment...\n", "step": null, "ts": 1669341047.894094}]}, "version": 194}
