{"obj": {"type": "AssignString", "path": ["sys", "name"], "value": "Untitled"}, "version": 1}
{"obj": {"type": "AssignString", "path": ["sys", "description"], "value": ""}, "version": 2}
{"obj": {"type": "AssignString", "path": ["sys", "hostname"], "value": "CosmoRemits-MacBook-Pro.local"}, "version": 3}
{"obj": {"type": "AddStrings", "path": ["sys", "tags"], "values": ["CCFD (Scaled)"]}, "version": 4}
{"obj": {"type": "AssignBool", "path": ["sys", "failed"], "value": false}, "version": 5}
{"obj": {"type": "ClearStringLog", "path": ["monitoring", "stdout"]}, "version": 6}
{"obj": {"type": "ClearStringLog", "path": ["monitoring", "stderr"]}, "version": 7}
{"obj": {"type": "AssignString", "path": ["source_code", "entrypoint"], "value": "/Users/cosmoremit/Documents/AcNice/credit-card-fraud-detection/src/train.py"}, "version": 8}
{"obj": {"type": "UploadFileSet", "path": ["source_code", "files"], "file_globs": ["/Users/cosmoremit/Documents/AcNice/credit-card-fraud-detection/model.py, featurize.py, train.py"], "reset": "False"}, "version": 9}
{"obj": {"type": "LogFloats", "path": ["train", "recall_score"], "values": [{"value": 0.875, "step": null, "ts": 1668986581.526746}]}, "version": 10}
{"obj": {"type": "LogFloats", "path": ["train", "f1_score"], "values": [{"value": 0.9333333333333333, "step": null, "ts": 1668986581.526977}]}, "version": 11}
{"obj": {"type": "LogFloats", "path": ["train", "accuracy"], "values": [{"value": 0.9375, "step": null, "ts": 1668986581.527074}]}, "version": 12}
{"obj": {"type": "LogStrings", "path": ["monitoring", "stdout"], "values": [{"value": "Fold 1| Recall: 0.875 |-| F1: 0.9333333333333333 ACC: 0.9375", "step": null, "ts": 1668986581.527401}]}, "version": 13}
{"obj": {"type": "LogStrings", "path": ["monitoring", "stdout"], "values": [{"value": "\n", "step": null, "ts": 1668986581.5278862}]}, "version": 14}
{"obj": {"type": "LogFloats", "path": ["train", "recall_score"], "values": [{"value": 0.875, "step": null, "ts": 1668986581.5617979}]}, "version": 15}
{"obj": {"type": "LogFloats", "path": ["train", "f1_score"], "values": [{"value": 0.9333333333333333, "step": null, "ts": 1668986581.561955}]}, "version": 16}
{"obj": {"type": "LogFloats", "path": ["train", "accuracy"], "values": [{"value": 0.9375, "step": null, "ts": 1668986581.5620391}]}, "version": 17}
{"obj": {"type": "LogStrings", "path": ["monitoring", "stdout"], "values": [{"value": "Fold 2| Recall: 0.875 |-| F1: 0.9333333333333333 ACC: 0.9375", "step": null, "ts": 1668986581.562135}]}, "version": 18}
{"obj": {"type": "LogStrings", "path": ["monitoring", "stdout"], "values": [{"value": "\n", "step": null, "ts": 1668986581.562242}]}, "version": 19}
{"obj": {"type": "LogFloats", "path": ["train", "recall_score"], "values": [{"value": 0.75, "step": null, "ts": 1668986581.574917}]}, "version": 20}
{"obj": {"type": "LogFloats", "path": ["train", "f1_score"], "values": [{"value": 0.7999999999999999, "step": null, "ts": 1668986581.57506}]}, "version": 21}
{"obj": {"type": "LogFloats", "path": ["train", "accuracy"], "values": [{"value": 0.8125, "step": null, "ts": 1668986581.575171}]}, "version": 22}
{"obj": {"type": "LogStrings", "path": ["monitoring", "stdout"], "values": [{"value": "Fold 3| Recall: 0.75 |-| F1: 0.7999999999999999 ACC: 0.8125", "step": null, "ts": 1668986581.575327}]}, "version": 23}
{"obj": {"type": "LogStrings", "path": ["monitoring", "stdout"], "values": [{"value": "\n", "step": null, "ts": 1668986581.575514}]}, "version": 24}
{"obj": {"type": "LogFloats", "path": ["train", "recall_score"], "values": [{"value": 0.875, "step": null, "ts": 1668986581.588303}]}, "version": 25}
{"obj": {"type": "LogFloats", "path": ["train", "f1_score"], "values": [{"value": 0.9333333333333333, "step": null, "ts": 1668986581.588442}]}, "version": 26}
{"obj": {"type": "LogFloats", "path": ["train", "accuracy"], "values": [{"value": 0.9375, "step": null, "ts": 1668986581.5885272}]}, "version": 27}
{"obj": {"type": "LogStrings", "path": ["monitoring", "stdout"], "values": [{"value": "Fold 4| Recall: 0.875 |-| F1: 0.9333333333333333 ACC: 0.9375", "step": null, "ts": 1668986581.588619}]}, "version": 28}
{"obj": {"type": "LogStrings", "path": ["monitoring", "stdout"], "values": [{"value": "\n", "step": null, "ts": 1668986581.58872}]}, "version": 29}
{"obj": {"type": "LogFloats", "path": ["train", "recall_score"], "values": [{"value": 0.875, "step": null, "ts": 1668986581.6553888}]}, "version": 30}
{"obj": {"type": "LogFloats", "path": ["train", "f1_score"], "values": [{"value": 0.9333333333333333, "step": null, "ts": 1668986581.6555488}]}, "version": 31}
{"obj": {"type": "LogFloats", "path": ["train", "accuracy"], "values": [{"value": 0.9375, "step": null, "ts": 1668986581.6556318}]}, "version": 32}
{"obj": {"type": "LogStrings", "path": ["monitoring", "stdout"], "values": [{"value": "Fold 5| Recall: 0.875 |-| F1: 0.9333333333333333 ACC: 0.9375", "step": null, "ts": 1668986581.6557262}]}, "version": 33}
{"obj": {"type": "LogStrings", "path": ["monitoring", "stdout"], "values": [{"value": "\n", "step": null, "ts": 1668986581.655824}]}, "version": 34}
{"obj": {"type": "LogFloats", "path": ["train", "recall_score"], "values": [{"value": 0.875, "step": null, "ts": 1668986581.6942148}]}, "version": 35}
{"obj": {"type": "LogFloats", "path": ["train", "f1_score"], "values": [{"value": 0.9333333333333333, "step": null, "ts": 1668986581.6943822}]}, "version": 36}
{"obj": {"type": "LogFloats", "path": ["train", "accuracy"], "values": [{"value": 0.9375, "step": null, "ts": 1668986581.69447}]}, "version": 37}
{"obj": {"type": "LogStrings", "path": ["monitoring", "stdout"], "values": [{"value": "Fold 6| Recall: 0.875 |-| F1: 0.9333333333333333 ACC: 0.9375", "step": null, "ts": 1668986581.694568}]}, "version": 38}
{"obj": {"type": "LogStrings", "path": ["monitoring", "stdout"], "values": [{"value": "\n", "step": null, "ts": 1668986581.69468}]}, "version": 39}
{"obj": {"type": "LogFloats", "path": ["train", "recall_score"], "values": [{"value": 0.875, "step": null, "ts": 1668986581.721277}]}, "version": 40}
{"obj": {"type": "LogFloats", "path": ["train", "f1_score"], "values": [{"value": 0.875, "step": null, "ts": 1668986581.7214122}]}, "version": 41}
{"obj": {"type": "LogFloats", "path": ["train", "accuracy"], "values": [{"value": 0.875, "step": null, "ts": 1668986581.7214909}]}, "version": 42}
{"obj": {"type": "LogStrings", "path": ["monitoring", "stdout"], "values": [{"value": "Fold 7| Recall: 0.875 |-| F1: 0.875 ACC: 0.875", "step": null, "ts": 1668986581.72158}]}, "version": 43}
{"obj": {"type": "LogStrings", "path": ["monitoring", "stdout"], "values": [{"value": "\n", "step": null, "ts": 1668986581.721677}]}, "version": 44}
{"obj": {"type": "LogFloats", "path": ["train", "recall_score"], "values": [{"value": 0.875, "step": null, "ts": 1668986581.7452722}]}, "version": 45}
{"obj": {"type": "LogFloats", "path": ["train", "f1_score"], "values": [{"value": 0.823529411764706, "step": null, "ts": 1668986581.74543}]}, "version": 46}
{"obj": {"type": "LogFloats", "path": ["train", "accuracy"], "values": [{"value": 0.8125, "step": null, "ts": 1668986581.7455082}]}, "version": 47}
{"obj": {"type": "LogStrings", "path": ["monitoring", "stdout"], "values": [{"value": "Fold 8| Recall: 0.875 |-| F1: 0.823529411764706 ACC: 0.8125", "step": null, "ts": 1668986581.7456}]}, "version": 48}
{"obj": {"type": "LogStrings", "path": ["monitoring", "stdout"], "values": [{"value": "\n", "step": null, "ts": 1668986581.745694}]}, "version": 49}
{"obj": {"type": "LogFloats", "path": ["train", "recall_score"], "values": [{"value": 0.625, "step": null, "ts": 1668986581.9341471}]}, "version": 50}
{"obj": {"type": "LogFloats", "path": ["train", "f1_score"], "values": [{"value": 0.7692307692307693, "step": null, "ts": 1668986581.9343328}]}, "version": 51}
{"obj": {"type": "LogFloats", "path": ["train", "accuracy"], "values": [{"value": 0.8125, "step": null, "ts": 1668986581.93444}]}, "version": 52}
{"obj": {"type": "LogStrings", "path": ["monitoring", "stdout"], "values": [{"value": "Fold 9| Recall: 0.625 |-| F1: 0.7692307692307693 ACC: 0.8125", "step": null, "ts": 1668986581.934547}]}, "version": 53}
{"obj": {"type": "LogStrings", "path": ["monitoring", "stdout"], "values": [{"value": "\n", "step": null, "ts": 1668986581.934666}]}, "version": 54}
{"obj": {"type": "LogFloats", "path": ["train", "recall_score"], "values": [{"value": 1.0, "step": null, "ts": 1668986582.123734}]}, "version": 55}
{"obj": {"type": "LogFloats", "path": ["train", "f1_score"], "values": [{"value": 1.0, "step": null, "ts": 1668986582.123894}]}, "version": 56}
{"obj": {"type": "LogFloats", "path": ["train", "accuracy"], "values": [{"value": 1.0, "step": null, "ts": 1668986582.1239738}]}, "version": 57}
{"obj": {"type": "LogStrings", "path": ["monitoring", "stdout"], "values": [{"value": "Fold 10| Recall: 1.0 |-| F1: 1.0 ACC: 1.0", "step": null, "ts": 1668986582.124064}]}, "version": 58}
{"obj": {"type": "LogStrings", "path": ["monitoring", "stdout"], "values": [{"value": "\n", "step": null, "ts": 1668986582.124219}]}, "version": 59}
{"obj": {"type": "LogFloats", "path": ["train", "recall_score"], "values": [{"value": 1.0, "step": null, "ts": 1668986582.359193}]}, "version": 60}
{"obj": {"type": "LogFloats", "path": ["train", "f1_score"], "values": [{"value": 1.0, "step": null, "ts": 1668986582.359468}]}, "version": 61}
{"obj": {"type": "LogFloats", "path": ["train", "accuracy"], "values": [{"value": 1.0, "step": null, "ts": 1668986582.3595881}]}, "version": 62}
{"obj": {"type": "LogStrings", "path": ["monitoring", "stdout"], "values": [{"value": "Fold 11| Recall: 1.0 |-| F1: 1.0 ACC: 1.0", "step": null, "ts": 1668986582.359804}]}, "version": 63}
{"obj": {"type": "LogStrings", "path": ["monitoring", "stdout"], "values": [{"value": "\n", "step": null, "ts": 1668986582.360003}]}, "version": 64}
{"obj": {"type": "LogFloats", "path": ["train", "recall_score"], "values": [{"value": 0.75, "step": null, "ts": 1668986582.418962}]}, "version": 65}
{"obj": {"type": "LogFloats", "path": ["train", "f1_score"], "values": [{"value": 0.8571428571428571, "step": null, "ts": 1668986582.419134}]}, "version": 66}
{"obj": {"type": "LogFloats", "path": ["train", "accuracy"], "values": [{"value": 0.875, "step": null, "ts": 1668986582.419234}]}, "version": 67}
{"obj": {"type": "LogStrings", "path": ["monitoring", "stdout"], "values": [{"value": "Fold 12| Recall: 0.75 |-| F1: 0.8571428571428571 ACC: 0.875", "step": null, "ts": 1668986582.4193301}]}, "version": 68}
{"obj": {"type": "LogStrings", "path": ["monitoring", "stdout"], "values": [{"value": "\n", "step": null, "ts": 1668986582.419431}]}, "version": 69}
{"obj": {"type": "LogFloats", "path": ["train", "recall_score"], "values": [{"value": 1.0, "step": null, "ts": 1668986582.596308}]}, "version": 70}
{"obj": {"type": "LogFloats", "path": ["train", "f1_score"], "values": [{"value": 1.0, "step": null, "ts": 1668986582.596478}]}, "version": 71}
{"obj": {"type": "LogFloats", "path": ["train", "accuracy"], "values": [{"value": 1.0, "step": null, "ts": 1668986582.596562}]}, "version": 72}
{"obj": {"type": "LogStrings", "path": ["monitoring", "stdout"], "values": [{"value": "Fold 13| Recall: 1.0 |-| F1: 1.0 ACC: 1.0", "step": null, "ts": 1668986582.5966568}]}, "version": 73}
{"obj": {"type": "LogStrings", "path": ["monitoring", "stdout"], "values": [{"value": "\n", "step": null, "ts": 1668986582.596756}]}, "version": 74}
{"obj": {"type": "LogFloats", "path": ["train", "recall_score"], "values": [{"value": 0.875, "step": null, "ts": 1668986583.058227}]}, "version": 75}
{"obj": {"type": "LogFloats", "path": ["train", "f1_score"], "values": [{"value": 0.9333333333333333, "step": null, "ts": 1668986583.0584052}]}, "version": 76}
{"obj": {"type": "LogFloats", "path": ["train", "accuracy"], "values": [{"value": 0.9375, "step": null, "ts": 1668986583.058503}]}, "version": 77}
{"obj": {"type": "LogStrings", "path": ["monitoring", "stdout"], "values": [{"value": "Fold 14| Recall: 0.875 |-| F1: 0.9333333333333333 ACC: 0.9375", "step": null, "ts": 1668986583.058607}]}, "version": 78}
{"obj": {"type": "LogStrings", "path": ["monitoring", "stdout"], "values": [{"value": "\n", "step": null, "ts": 1668986583.058832}]}, "version": 79}
{"obj": {"type": "LogFloats", "path": ["train", "recall_score"], "values": [{"value": 0.875, "step": null, "ts": 1668986583.371041}]}, "version": 80}
{"obj": {"type": "LogFloats", "path": ["train", "f1_score"], "values": [{"value": 0.9333333333333333, "step": null, "ts": 1668986583.371218}]}, "version": 81}
{"obj": {"type": "LogFloats", "path": ["train", "accuracy"], "values": [{"value": 0.9375, "step": null, "ts": 1668986583.3713028}]}, "version": 82}
{"obj": {"type": "LogStrings", "path": ["monitoring", "stdout"], "values": [{"value": "Fold 15| Recall: 0.875 |-| F1: 0.9333333333333333 ACC: 0.9375", "step": null, "ts": 1668986583.371395}]}, "version": 83}
{"obj": {"type": "LogStrings", "path": ["monitoring", "stdout"], "values": [{"value": "\n", "step": null, "ts": 1668986583.3714921}]}, "version": 84}
{"obj": {"type": "LogFloats", "path": ["train", "recall_score"], "values": [{"value": 1.0, "step": null, "ts": 1668986583.5248032}]}, "version": 85}
{"obj": {"type": "LogFloats", "path": ["train", "f1_score"], "values": [{"value": 0.9411764705882353, "step": null, "ts": 1668986583.524976}]}, "version": 86}
{"obj": {"type": "LogFloats", "path": ["train", "accuracy"], "values": [{"value": 0.9375, "step": null, "ts": 1668986583.5250611}]}, "version": 87}
{"obj": {"type": "LogStrings", "path": ["monitoring", "stdout"], "values": [{"value": "Fold 16| Recall: 1.0 |-| F1: 0.9411764705882353 ACC: 0.9375", "step": null, "ts": 1668986583.525163}]}, "version": 88}
{"obj": {"type": "LogStrings", "path": ["monitoring", "stdout"], "values": [{"value": "\n", "step": null, "ts": 1668986583.5252638}]}, "version": 89}
{"obj": {"type": "LogFloats", "path": ["train", "recall_score"], "values": [{"value": 0.875, "step": null, "ts": 1668986583.642276}]}, "version": 90}
{"obj": {"type": "LogFloats", "path": ["train", "f1_score"], "values": [{"value": 0.9333333333333333, "step": null, "ts": 1668986583.642443}]}, "version": 91}
{"obj": {"type": "LogFloats", "path": ["train", "accuracy"], "values": [{"value": 0.9375, "step": null, "ts": 1668986583.6425269}]}, "version": 92}
{"obj": {"type": "LogStrings", "path": ["monitoring", "stdout"], "values": [{"value": "Fold 17| Recall: 0.875 |-| F1: 0.9333333333333333 ACC: 0.9375", "step": null, "ts": 1668986583.642625}]}, "version": 93}
{"obj": {"type": "LogStrings", "path": ["monitoring", "stdout"], "values": [{"value": "\n", "step": null, "ts": 1668986583.642724}]}, "version": 94}
{"obj": {"type": "LogFloats", "path": ["train", "recall_score"], "values": [{"value": 0.875, "step": null, "ts": 1668986583.824332}]}, "version": 95}
{"obj": {"type": "LogFloats", "path": ["train", "f1_score"], "values": [{"value": 0.9333333333333333, "step": null, "ts": 1668986583.824505}]}, "version": 96}
{"obj": {"type": "LogFloats", "path": ["train", "accuracy"], "values": [{"value": 0.9375, "step": null, "ts": 1668986583.82459}]}, "version": 97}
{"obj": {"type": "LogStrings", "path": ["monitoring", "stdout"], "values": [{"value": "Fold 18| Recall: 0.875 |-| F1: 0.9333333333333333 ACC: 0.9375", "step": null, "ts": 1668986583.824687}]}, "version": 98}
{"obj": {"type": "LogStrings", "path": ["monitoring", "stdout"], "values": [{"value": "\n", "step": null, "ts": 1668986583.8247879}]}, "version": 99}
{"obj": {"type": "LogFloats", "path": ["train", "recall_score"], "values": [{"value": 1.0, "step": null, "ts": 1668986583.979668}]}, "version": 100}
{"obj": {"type": "LogFloats", "path": ["train", "f1_score"], "values": [{"value": 1.0, "step": null, "ts": 1668986583.979858}]}, "version": 101}
{"obj": {"type": "LogFloats", "path": ["train", "accuracy"], "values": [{"value": 1.0, "step": null, "ts": 1668986583.979944}]}, "version": 102}
{"obj": {"type": "LogStrings", "path": ["monitoring", "stdout"], "values": [{"value": "Fold 19| Recall: 1.0 |-| F1: 1.0 ACC: 1.0", "step": null, "ts": 1668986583.980038}]}, "version": 103}
{"obj": {"type": "LogStrings", "path": ["monitoring", "stdout"], "values": [{"value": "\n", "step": null, "ts": 1668986583.980149}]}, "version": 104}
{"obj": {"type": "LogFloats", "path": ["train", "recall_score"], "values": [{"value": 1.0, "step": null, "ts": 1668986584.170868}]}, "version": 105}
{"obj": {"type": "LogFloats", "path": ["train", "f1_score"], "values": [{"value": 1.0, "step": null, "ts": 1668986584.171081}]}, "version": 106}
{"obj": {"type": "LogFloats", "path": ["train", "accuracy"], "values": [{"value": 1.0, "step": null, "ts": 1668986584.171191}]}, "version": 107}
{"obj": {"type": "LogStrings", "path": ["monitoring", "stdout"], "values": [{"value": "Fold 20| Recall: 1.0 |-| F1: 1.0 ACC: 1.0", "step": null, "ts": 1668986584.1713028}]}, "version": 108}
{"obj": {"type": "LogStrings", "path": ["monitoring", "stdout"], "values": [{"value": "\n", "step": null, "ts": 1668986584.171416}]}, "version": 109}
{"obj": {"type": "LogFloats", "path": ["train", "recall_score"], "values": [{"value": 0.75, "step": null, "ts": 1668986584.381647}]}, "version": 110}
{"obj": {"type": "LogFloats", "path": ["train", "f1_score"], "values": [{"value": 0.7999999999999999, "step": null, "ts": 1668986584.381808}]}, "version": 111}
{"obj": {"type": "LogFloats", "path": ["train", "accuracy"], "values": [{"value": 0.8125, "step": null, "ts": 1668986584.381928}]}, "version": 112}
{"obj": {"type": "LogStrings", "path": ["monitoring", "stdout"], "values": [{"value": "Fold 21| Recall: 0.75 |-| F1: 0.7999999999999999 ACC: 0.8125", "step": null, "ts": 1668986584.382022}]}, "version": 113}
{"obj": {"type": "LogStrings", "path": ["monitoring", "stdout"], "values": [{"value": "\n", "step": null, "ts": 1668986584.382137}]}, "version": 114}
{"obj": {"type": "LogFloats", "path": ["train", "recall_score"], "values": [{"value": 1.0, "step": null, "ts": 1668986584.624248}]}, "version": 115}
{"obj": {"type": "LogFloats", "path": ["train", "f1_score"], "values": [{"value": 1.0, "step": null, "ts": 1668986584.624639}]}, "version": 116}
{"obj": {"type": "LogFloats", "path": ["train", "accuracy"], "values": [{"value": 1.0, "step": null, "ts": 1668986584.6247401}]}, "version": 117}
{"obj": {"type": "LogStrings", "path": ["monitoring", "stdout"], "values": [{"value": "Fold 22| Recall: 1.0 |-| F1: 1.0 ACC: 1.0", "step": null, "ts": 1668986584.62484}]}, "version": 118}
{"obj": {"type": "LogStrings", "path": ["monitoring", "stdout"], "values": [{"value": "\n", "step": null, "ts": 1668986584.6249468}]}, "version": 119}
{"obj": {"type": "LogFloats", "path": ["train", "recall_score"], "values": [{"value": 0.875, "step": null, "ts": 1668986584.823851}]}, "version": 120}
{"obj": {"type": "LogFloats", "path": ["train", "f1_score"], "values": [{"value": 0.9333333333333333, "step": null, "ts": 1668986584.8240361}]}, "version": 121}
{"obj": {"type": "LogFloats", "path": ["train", "accuracy"], "values": [{"value": 0.9375, "step": null, "ts": 1668986584.82414}]}, "version": 122}
{"obj": {"type": "LogStrings", "path": ["monitoring", "stdout"], "values": [{"value": "Fold 23| Recall: 0.875 |-| F1: 0.9333333333333333 ACC: 0.9375", "step": null, "ts": 1668986584.824246}]}, "version": 123}
{"obj": {"type": "LogStrings", "path": ["monitoring", "stdout"], "values": [{"value": "\n", "step": null, "ts": 1668986584.824353}]}, "version": 124}
{"obj": {"type": "LogFloats", "path": ["train", "recall_score"], "values": [{"value": 1.0, "step": null, "ts": 1668986585.013371}]}, "version": 125}
{"obj": {"type": "LogFloats", "path": ["train", "f1_score"], "values": [{"value": 1.0, "step": null, "ts": 1668986585.013557}]}, "version": 126}
{"obj": {"type": "LogFloats", "path": ["train", "accuracy"], "values": [{"value": 1.0, "step": null, "ts": 1668986585.013661}]}, "version": 127}
{"obj": {"type": "LogStrings", "path": ["monitoring", "stdout"], "values": [{"value": "Fold 24| Recall: 1.0 |-| F1: 1.0 ACC: 1.0", "step": null, "ts": 1668986585.013768}]}, "version": 128}
{"obj": {"type": "LogStrings", "path": ["monitoring", "stdout"], "values": [{"value": "\n", "step": null, "ts": 1668986585.013978}]}, "version": 129}
{"obj": {"type": "LogFloats", "path": ["train", "recall_score"], "values": [{"value": 0.875, "step": null, "ts": 1668986585.0953689}]}, "version": 130}
{"obj": {"type": "LogFloats", "path": ["train", "f1_score"], "values": [{"value": 0.875, "step": null, "ts": 1668986585.095575}]}, "version": 131}
{"obj": {"type": "LogFloats", "path": ["train", "accuracy"], "values": [{"value": 0.875, "step": null, "ts": 1668986585.09569}]}, "version": 132}
{"obj": {"type": "LogStrings", "path": ["monitoring", "stdout"], "values": [{"value": "Fold 25| Recall: 0.875 |-| F1: 0.875 ACC: 0.875", "step": null, "ts": 1668986585.095808}]}, "version": 133}
{"obj": {"type": "LogStrings", "path": ["monitoring", "stdout"], "values": [{"value": "\n", "step": null, "ts": 1668986585.095925}]}, "version": 134}
{"obj": {"type": "LogFloats", "path": ["train", "recall_score"], "values": [{"value": 0.75, "step": null, "ts": 1668986585.147703}]}, "version": 135}
{"obj": {"type": "LogFloats", "path": ["train", "f1_score"], "values": [{"value": 0.8571428571428571, "step": null, "ts": 1668986585.147876}]}, "version": 136}
{"obj": {"type": "LogFloats", "path": ["train", "accuracy"], "values": [{"value": 0.875, "step": null, "ts": 1668986585.1479611}]}, "version": 137}
{"obj": {"type": "LogStrings", "path": ["monitoring", "stdout"], "values": [{"value": "Fold 26| Recall: 0.75 |-| F1: 0.8571428571428571 ACC: 0.875", "step": null, "ts": 1668986585.148059}]}, "version": 138}
{"obj": {"type": "LogStrings", "path": ["monitoring", "stdout"], "values": [{"value": "\n", "step": null, "ts": 1668986585.1481578}]}, "version": 139}
{"obj": {"type": "LogFloats", "path": ["train", "recall_score"], "values": [{"value": 1.0, "step": null, "ts": 1668986585.193543}]}, "version": 140}
{"obj": {"type": "LogFloats", "path": ["train", "f1_score"], "values": [{"value": 1.0, "step": null, "ts": 1668986585.193716}]}, "version": 141}
{"obj": {"type": "LogFloats", "path": ["train", "accuracy"], "values": [{"value": 1.0, "step": null, "ts": 1668986585.1938}]}, "version": 142}
{"obj": {"type": "LogStrings", "path": ["monitoring", "stdout"], "values": [{"value": "Fold 27| Recall: 1.0 |-| F1: 1.0 ACC: 1.0", "step": null, "ts": 1668986585.1938958}]}, "version": 143}
{"obj": {"type": "LogStrings", "path": ["monitoring", "stdout"], "values": [{"value": "\n", "step": null, "ts": 1668986585.193995}]}, "version": 144}
{"obj": {"type": "LogFloats", "path": ["train", "recall_score"], "values": [{"value": 0.75, "step": null, "ts": 1668986585.231793}]}, "version": 145}
{"obj": {"type": "LogFloats", "path": ["train", "f1_score"], "values": [{"value": 0.8571428571428571, "step": null, "ts": 1668986585.232026}]}, "version": 146}
{"obj": {"type": "LogFloats", "path": ["train", "accuracy"], "values": [{"value": 0.875, "step": null, "ts": 1668986585.232165}]}, "version": 147}
{"obj": {"type": "LogStrings", "path": ["monitoring", "stdout"], "values": [{"value": "Fold 28| Recall: 0.75 |-| F1: 0.8571428571428571 ACC: 0.875", "step": null, "ts": 1668986585.23229}]}, "version": 148}
{"obj": {"type": "LogStrings", "path": ["monitoring", "stdout"], "values": [{"value": "\n", "step": null, "ts": 1668986585.232397}]}, "version": 149}
{"obj": {"type": "LogFloats", "path": ["train", "recall_score"], "values": [{"value": 1.0, "step": null, "ts": 1668986585.2645252}]}, "version": 150}
{"obj": {"type": "LogFloats", "path": ["train", "f1_score"], "values": [{"value": 0.888888888888889, "step": null, "ts": 1668986585.2646852}]}, "version": 151}
{"obj": {"type": "LogFloats", "path": ["train", "accuracy"], "values": [{"value": 0.875, "step": null, "ts": 1668986585.264767}]}, "version": 152}
{"obj": {"type": "LogStrings", "path": ["monitoring", "stdout"], "values": [{"value": "Fold 29| Recall: 1.0 |-| F1: 0.888888888888889 ACC: 0.875", "step": null, "ts": 1668986585.264856}]}, "version": 153}
{"obj": {"type": "LogStrings", "path": ["monitoring", "stdout"], "values": [{"value": "\n", "step": null, "ts": 1668986585.264951}]}, "version": 154}
{"obj": {"type": "LogFloats", "path": ["train", "recall_score"], "values": [{"value": 0.625, "step": null, "ts": 1668986585.3402529}]}, "version": 155}
{"obj": {"type": "LogFloats", "path": ["train", "f1_score"], "values": [{"value": 0.7142857142857143, "step": null, "ts": 1668986585.340443}]}, "version": 156}
{"obj": {"type": "LogFloats", "path": ["train", "accuracy"], "values": [{"value": 0.75, "step": null, "ts": 1668986585.340561}]}, "version": 157}
{"obj": {"type": "LogStrings", "path": ["monitoring", "stdout"], "values": [{"value": "Fold 30| Recall: 0.625 |-| F1: 0.7142857142857143 ACC: 0.75", "step": null, "ts": 1668986585.3406699}]}, "version": 158}
{"obj": {"type": "LogStrings", "path": ["monitoring", "stdout"], "values": [{"value": "\n", "step": null, "ts": 1668986585.340777}]}, "version": 159}
{"obj": {"type": "LogFloats", "path": ["train", "recall_score"], "values": [{"value": 1.0, "step": null, "ts": 1668986585.38577}]}, "version": 160}
{"obj": {"type": "LogFloats", "path": ["train", "f1_score"], "values": [{"value": 1.0, "step": null, "ts": 1668986585.3859499}]}, "version": 161}
{"obj": {"type": "LogFloats", "path": ["train", "accuracy"], "values": [{"value": 1.0, "step": null, "ts": 1668986585.3860538}]}, "version": 162}
{"obj": {"type": "LogStrings", "path": ["monitoring", "stdout"], "values": [{"value": "Fold 31| Recall: 1.0 |-| F1: 1.0 ACC: 1.0", "step": null, "ts": 1668986585.386285}]}, "version": 163}
{"obj": {"type": "LogStrings", "path": ["monitoring", "stdout"], "values": [{"value": "\n", "step": null, "ts": 1668986585.38959}]}, "version": 164}
{"obj": {"type": "LogFloats", "path": ["train", "recall_score"], "values": [{"value": 1.0, "step": null, "ts": 1668986585.436141}]}, "version": 165}
{"obj": {"type": "LogFloats", "path": ["train", "f1_score"], "values": [{"value": 1.0, "step": null, "ts": 1668986585.4363031}]}, "version": 166}
{"obj": {"type": "LogFloats", "path": ["train", "accuracy"], "values": [{"value": 1.0, "step": null, "ts": 1668986585.436387}]}, "version": 167}
{"obj": {"type": "LogStrings", "path": ["monitoring", "stdout"], "values": [{"value": "Fold 32| Recall: 1.0 |-| F1: 1.0 ACC: 1.0", "step": null, "ts": 1668986585.436479}]}, "version": 168}
{"obj": {"type": "LogStrings", "path": ["monitoring", "stdout"], "values": [{"value": "\n", "step": null, "ts": 1668986585.436577}]}, "version": 169}
{"obj": {"type": "LogFloats", "path": ["train", "recall_score"], "values": [{"value": 0.875, "step": null, "ts": 1668986585.533337}]}, "version": 170}
{"obj": {"type": "LogFloats", "path": ["train", "f1_score"], "values": [{"value": 0.875, "step": null, "ts": 1668986585.533514}]}, "version": 171}
{"obj": {"type": "LogFloats", "path": ["train", "accuracy"], "values": [{"value": 0.875, "step": null, "ts": 1668986585.533598}]}, "version": 172}
{"obj": {"type": "LogStrings", "path": ["monitoring", "stdout"], "values": [{"value": "Fold 33| Recall: 0.875 |-| F1: 0.875 ACC: 0.875", "step": null, "ts": 1668986585.533691}]}, "version": 173}
{"obj": {"type": "LogStrings", "path": ["monitoring", "stdout"], "values": [{"value": "\n", "step": null, "ts": 1668986585.533786}]}, "version": 174}
{"obj": {"type": "LogFloats", "path": ["train", "recall_score"], "values": [{"value": 1.0, "step": null, "ts": 1668986585.600393}]}, "version": 175}
{"obj": {"type": "LogFloats", "path": ["train", "f1_score"], "values": [{"value": 0.9411764705882353, "step": null, "ts": 1668986585.600568}]}, "version": 176}
{"obj": {"type": "LogFloats", "path": ["train", "accuracy"], "values": [{"value": 0.9375, "step": null, "ts": 1668986585.600652}]}, "version": 177}
{"obj": {"type": "LogStrings", "path": ["monitoring", "stdout"], "values": [{"value": "Fold 34| Recall: 1.0 |-| F1: 0.9411764705882353 ACC: 0.9375", "step": null, "ts": 1668986585.600747}]}, "version": 178}
{"obj": {"type": "LogStrings", "path": ["monitoring", "stdout"], "values": [{"value": "\n", "step": null, "ts": 1668986585.600848}]}, "version": 179}
{"obj": {"type": "LogFloats", "path": ["train", "recall_score"], "values": [{"value": 1.0, "step": null, "ts": 1668986585.647858}]}, "version": 180}
{"obj": {"type": "LogFloats", "path": ["train", "f1_score"], "values": [{"value": 1.0, "step": null, "ts": 1668986585.648036}]}, "version": 181}
{"obj": {"type": "LogFloats", "path": ["train", "accuracy"], "values": [{"value": 1.0, "step": null, "ts": 1668986585.6481369}]}, "version": 182}
{"obj": {"type": "LogStrings", "path": ["monitoring", "stdout"], "values": [{"value": "Fold 35| Recall: 1.0 |-| F1: 1.0 ACC: 1.0", "step": null, "ts": 1668986585.6482391}]}, "version": 183}
{"obj": {"type": "LogStrings", "path": ["monitoring", "stdout"], "values": [{"value": "\n", "step": null, "ts": 1668986585.648344}]}, "version": 184}
{"obj": {"type": "LogFloats", "path": ["train", "recall_score"], "values": [{"value": 0.375, "step": null, "ts": 1668986585.6924312}]}, "version": 185}
{"obj": {"type": "LogFloats", "path": ["train", "f1_score"], "values": [{"value": 0.5454545454545454, "step": null, "ts": 1668986585.6925912}]}, "version": 186}
{"obj": {"type": "LogFloats", "path": ["train", "accuracy"], "values": [{"value": 0.6875, "step": null, "ts": 1668986585.692672}]}, "version": 187}
{"obj": {"type": "LogStrings", "path": ["monitoring", "stdout"], "values": [{"value": "Fold 36| Recall: 0.375 |-| F1: 0.5454545454545454 ACC: 0.6875", "step": null, "ts": 1668986585.6927638}]}, "version": 188}
{"obj": {"type": "LogStrings", "path": ["monitoring", "stdout"], "values": [{"value": "\n", "step": null, "ts": 1668986585.6928582}]}, "version": 189}
{"obj": {"type": "LogFloats", "path": ["train", "recall_score"], "values": [{"value": 0.875, "step": null, "ts": 1668986585.7543292}]}, "version": 190}
{"obj": {"type": "LogFloats", "path": ["train", "f1_score"], "values": [{"value": 0.9333333333333333, "step": null, "ts": 1668986585.754497}]}, "version": 191}
{"obj": {"type": "LogFloats", "path": ["train", "accuracy"], "values": [{"value": 0.9375, "step": null, "ts": 1668986585.754582}]}, "version": 192}
{"obj": {"type": "LogStrings", "path": ["monitoring", "stdout"], "values": [{"value": "Fold 37| Recall: 0.875 |-| F1: 0.9333333333333333 ACC: 0.9375", "step": null, "ts": 1668986585.7546802}]}, "version": 193}
{"obj": {"type": "LogStrings", "path": ["monitoring", "stdout"], "values": [{"value": "\n", "step": null, "ts": 1668986585.754844}]}, "version": 194}
{"obj": {"type": "LogFloats", "path": ["train", "recall_score"], "values": [{"value": 0.5, "step": null, "ts": 1668986585.821325}]}, "version": 195}
{"obj": {"type": "LogFloats", "path": ["train", "f1_score"], "values": [{"value": 0.6666666666666666, "step": null, "ts": 1668986585.821492}]}, "version": 196}
{"obj": {"type": "LogFloats", "path": ["train", "accuracy"], "values": [{"value": 0.75, "step": null, "ts": 1668986585.821577}]}, "version": 197}
{"obj": {"type": "LogStrings", "path": ["monitoring", "stdout"], "values": [{"value": "Fold 38| Recall: 0.5 |-| F1: 0.6666666666666666 ACC: 0.75", "step": null, "ts": 1668986585.8216739}]}, "version": 198}
{"obj": {"type": "LogStrings", "path": ["monitoring", "stdout"], "values": [{"value": "\n", "step": null, "ts": 1668986585.8217752}]}, "version": 199}
{"obj": {"type": "LogFloats", "path": ["train", "recall_score"], "values": [{"value": 1.0, "step": null, "ts": 1668986585.905514}]}, "version": 200}
{"obj": {"type": "LogFloats", "path": ["train", "f1_score"], "values": [{"value": 1.0, "step": null, "ts": 1668986585.905695}]}, "version": 201}
{"obj": {"type": "LogFloats", "path": ["train", "accuracy"], "values": [{"value": 1.0, "step": null, "ts": 1668986585.905796}]}, "version": 202}
{"obj": {"type": "LogStrings", "path": ["monitoring", "stdout"], "values": [{"value": "Fold 39| Recall: 1.0 |-| F1: 1.0 ACC: 1.0", "step": null, "ts": 1668986585.9058912}]}, "version": 203}
{"obj": {"type": "LogStrings", "path": ["monitoring", "stdout"], "values": [{"value": "\n", "step": null, "ts": 1668986585.9059992}]}, "version": 204}
{"obj": {"type": "LogFloats", "path": ["train", "recall_score"], "values": [{"value": 0.875, "step": null, "ts": 1668986585.98943}]}, "version": 205}
{"obj": {"type": "LogFloats", "path": ["train", "f1_score"], "values": [{"value": 0.875, "step": null, "ts": 1668986585.98961}]}, "version": 206}
{"obj": {"type": "LogFloats", "path": ["train", "accuracy"], "values": [{"value": 0.875, "step": null, "ts": 1668986585.989711}]}, "version": 207}
{"obj": {"type": "LogStrings", "path": ["monitoring", "stdout"], "values": [{"value": "Fold 40| Recall: 0.875 |-| F1: 0.875 ACC: 0.875", "step": null, "ts": 1668986585.989816}]}, "version": 208}
{"obj": {"type": "LogStrings", "path": ["monitoring", "stdout"], "values": [{"value": "\n", "step": null, "ts": 1668986585.9899251}]}, "version": 209}
{"obj": {"type": "LogFloats", "path": ["train", "recall_score"], "values": [{"value": 0.75, "step": null, "ts": 1668986586.083894}]}, "version": 210}
{"obj": {"type": "LogFloats", "path": ["train", "f1_score"], "values": [{"value": 0.8571428571428571, "step": null, "ts": 1668986586.084091}]}, "version": 211}
{"obj": {"type": "LogFloats", "path": ["train", "accuracy"], "values": [{"value": 0.875, "step": null, "ts": 1668986586.084196}]}, "version": 212}
{"obj": {"type": "LogStrings", "path": ["monitoring", "stdout"], "values": [{"value": "Fold 41| Recall: 0.75 |-| F1: 0.8571428571428571 ACC: 0.875", "step": null, "ts": 1668986586.0843031}]}, "version": 213}
{"obj": {"type": "LogStrings", "path": ["monitoring", "stdout"], "values": [{"value": "\n", "step": null, "ts": 1668986586.0844579}]}, "version": 214}
{"obj": {"type": "LogFloats", "path": ["train", "recall_score"], "values": [{"value": 0.875, "step": null, "ts": 1668986586.1202402}]}, "version": 215}
{"obj": {"type": "LogFloats", "path": ["train", "f1_score"], "values": [{"value": 0.9333333333333333, "step": null, "ts": 1668986586.120428}]}, "version": 216}
{"obj": {"type": "LogFloats", "path": ["train", "accuracy"], "values": [{"value": 0.9375, "step": null, "ts": 1668986586.120537}]}, "version": 217}
{"obj": {"type": "LogStrings", "path": ["monitoring", "stdout"], "values": [{"value": "Fold 42| Recall: 0.875 |-| F1: 0.9333333333333333 ACC: 0.9375", "step": null, "ts": 1668986586.120648}]}, "version": 218}
{"obj": {"type": "LogStrings", "path": ["monitoring", "stdout"], "values": [{"value": "\n", "step": null, "ts": 1668986586.120758}]}, "version": 219}
{"obj": {"type": "LogFloats", "path": ["train", "recall_score"], "values": [{"value": 0.875, "step": null, "ts": 1668986586.142497}]}, "version": 220}
{"obj": {"type": "LogFloats", "path": ["train", "f1_score"], "values": [{"value": 0.875, "step": null, "ts": 1668986586.1426492}]}, "version": 221}
{"obj": {"type": "LogFloats", "path": ["train", "accuracy"], "values": [{"value": 0.875, "step": null, "ts": 1668986586.142747}]}, "version": 222}
{"obj": {"type": "LogStrings", "path": ["monitoring", "stdout"], "values": [{"value": "Fold 43| Recall: 0.875 |-| F1: 0.875 ACC: 0.875", "step": null, "ts": 1668986586.1428459}]}, "version": 223}
{"obj": {"type": "LogStrings", "path": ["monitoring", "stdout"], "values": [{"value": "\n", "step": null, "ts": 1668986586.142949}]}, "version": 224}
{"obj": {"type": "LogFloats", "path": ["train", "recall_score"], "values": [{"value": 1.0, "step": null, "ts": 1668986586.165181}]}, "version": 225}
{"obj": {"type": "LogFloats", "path": ["train", "f1_score"], "values": [{"value": 1.0, "step": null, "ts": 1668986586.16535}]}, "version": 226}
{"obj": {"type": "LogFloats", "path": ["train", "accuracy"], "values": [{"value": 1.0, "step": null, "ts": 1668986586.16545}]}, "version": 227}
{"obj": {"type": "LogStrings", "path": ["monitoring", "stdout"], "values": [{"value": "Fold 44| Recall: 1.0 |-| F1: 1.0 ACC: 1.0", "step": null, "ts": 1668986586.16556}]}, "version": 228}
{"obj": {"type": "LogStrings", "path": ["monitoring", "stdout"], "values": [{"value": "\n", "step": null, "ts": 1668986586.165666}]}, "version": 229}
{"obj": {"type": "LogFloats", "path": ["train", "recall_score"], "values": [{"value": 1.0, "step": null, "ts": 1668986586.188257}]}, "version": 230}
{"obj": {"type": "LogFloats", "path": ["train", "f1_score"], "values": [{"value": 0.9333333333333333, "step": null, "ts": 1668986586.188405}]}, "version": 231}
{"obj": {"type": "LogFloats", "path": ["train", "accuracy"], "values": [{"value": 0.9375, "step": null, "ts": 1668986586.188489}]}, "version": 232}
{"obj": {"type": "LogStrings", "path": ["monitoring", "stdout"], "values": [{"value": "Fold 45| Recall: 1.0 |-| F1: 0.9333333333333333 ACC: 0.9375", "step": null, "ts": 1668986586.1885881}]}, "version": 233}
{"obj": {"type": "LogStrings", "path": ["monitoring", "stdout"], "values": [{"value": "\n", "step": null, "ts": 1668986586.1886778}]}, "version": 234}
{"obj": {"type": "LogFloats", "path": ["train", "recall_score"], "values": [{"value": 1.0, "step": null, "ts": 1668986586.2033138}]}, "version": 235}
{"obj": {"type": "LogFloats", "path": ["train", "f1_score"], "values": [{"value": 1.0, "step": null, "ts": 1668986586.203457}]}, "version": 236}
{"obj": {"type": "LogFloats", "path": ["train", "accuracy"], "values": [{"value": 1.0, "step": null, "ts": 1668986586.203542}]}, "version": 237}
{"obj": {"type": "LogStrings", "path": ["monitoring", "stdout"], "values": [{"value": "Fold 46| Recall: 1.0 |-| F1: 1.0 ACC: 1.0", "step": null, "ts": 1668986586.2036421}]}, "version": 238}
{"obj": {"type": "LogStrings", "path": ["monitoring", "stdout"], "values": [{"value": "\n", "step": null, "ts": 1668986586.20374}]}, "version": 239}
{"obj": {"type": "LogFloats", "path": ["train", "recall_score"], "values": [{"value": 1.0, "step": null, "ts": 1668986586.231252}]}, "version": 240}
{"obj": {"type": "LogFloats", "path": ["train", "f1_score"], "values": [{"value": 1.0, "step": null, "ts": 1668986586.23141}]}, "version": 241}
{"obj": {"type": "LogFloats", "path": ["train", "accuracy"], "values": [{"value": 1.0, "step": null, "ts": 1668986586.2314932}]}, "version": 242}
{"obj": {"type": "LogStrings", "path": ["monitoring", "stdout"], "values": [{"value": "Fold 47| Recall: 1.0 |-| F1: 1.0 ACC: 1.0", "step": null, "ts": 1668986586.2315872}]}, "version": 243}
{"obj": {"type": "LogStrings", "path": ["monitoring", "stdout"], "values": [{"value": "\n", "step": null, "ts": 1668986586.2316868}]}, "version": 244}
{"obj": {"type": "LogFloats", "path": ["train", "recall_score"], "values": [{"value": 1.0, "step": null, "ts": 1668986586.274409}]}, "version": 245}
{"obj": {"type": "LogFloats", "path": ["train", "f1_score"], "values": [{"value": 0.9333333333333333, "step": null, "ts": 1668986586.274585}]}, "version": 246}
{"obj": {"type": "LogFloats", "path": ["train", "accuracy"], "values": [{"value": 0.9375, "step": null, "ts": 1668986586.2746859}]}, "version": 247}
{"obj": {"type": "LogStrings", "path": ["monitoring", "stdout"], "values": [{"value": "Fold 48| Recall: 1.0 |-| F1: 0.9333333333333333 ACC: 0.9375", "step": null, "ts": 1668986586.2747898}]}, "version": 248}
{"obj": {"type": "LogStrings", "path": ["monitoring", "stdout"], "values": [{"value": "\n", "step": null, "ts": 1668986586.2748952}]}, "version": 249}
{"obj": {"type": "LogFloats", "path": ["train", "recall_score"], "values": [{"value": 1.0, "step": null, "ts": 1668986586.3474188}]}, "version": 250}
{"obj": {"type": "LogFloats", "path": ["train", "f1_score"], "values": [{"value": 1.0, "step": null, "ts": 1668986586.347595}]}, "version": 251}
{"obj": {"type": "LogFloats", "path": ["train", "accuracy"], "values": [{"value": 1.0, "step": null, "ts": 1668986586.3476942}]}, "version": 252}
{"obj": {"type": "LogStrings", "path": ["monitoring", "stdout"], "values": [{"value": "Fold 49| Recall: 1.0 |-| F1: 1.0 ACC: 1.0", "step": null, "ts": 1668986586.347789}]}, "version": 253}
{"obj": {"type": "LogStrings", "path": ["monitoring", "stdout"], "values": [{"value": "\n", "step": null, "ts": 1668986586.3478909}]}, "version": 254}
{"obj": {"type": "LogFloats", "path": ["train", "recall_score"], "values": [{"value": 1.0, "step": null, "ts": 1668986586.380058}]}, "version": 255}
{"obj": {"type": "LogFloats", "path": ["train", "f1_score"], "values": [{"value": 1.0, "step": null, "ts": 1668986586.380235}]}, "version": 256}
{"obj": {"type": "LogFloats", "path": ["train", "accuracy"], "values": [{"value": 1.0, "step": null, "ts": 1668986586.380337}]}, "version": 257}
{"obj": {"type": "LogStrings", "path": ["monitoring", "stdout"], "values": [{"value": "Fold 50| Recall: 1.0 |-| F1: 1.0 ACC: 1.0", "step": null, "ts": 1668986586.3804421}]}, "version": 258}
{"obj": {"type": "LogStrings", "path": ["monitoring", "stdout"], "values": [{"value": "\n", "step": null, "ts": 1668986586.3805618}]}, "version": 259}
{"obj": {"type": "UploadFile", "path": ["train", "conf_matrix"], "ext": "png", "file_path": "/Users/cosmoremit/Documents/AcNice/credit-card-fraud-detection/resources/plots/train_conf_matrix.png", "clean_after_upload": false}, "version": 260}
{"obj": {"type": "LogFloats", "path": ["eval", "recall_score"], "values": [{"value": 0.8979591836734694, "step": null, "ts": 1668986586.602015}]}, "version": 261}
{"obj": {"type": "LogFloats", "path": ["eval", "f1_score"], "values": [{"value": 0.9263157894736843, "step": null, "ts": 1668986586.602189}]}, "version": 262}
{"obj": {"type": "LogFloats", "path": ["eval", "accuracy"], "values": [{"value": 0.93, "step": null, "ts": 1668986586.602298}]}, "version": 263}
{"obj": {"type": "UploadFile", "path": ["eval", "conf_matrix"], "ext": "png", "file_path": "/Users/cosmoremit/Documents/AcNice/credit-card-fraud-detection/resources/plots/eval_conf_matrix.png", "clean_after_upload": false}, "version": 264}
{"obj": {"type": "LogFloats", "path": ["train", "recall_score"], "values": [{"value": 0.8959390862944162, "step": null, "ts": 1668986586.75833}]}, "version": 265}
{"obj": {"type": "LogFloats", "path": ["train", "f1_score"], "values": [{"value": 0.9313984168865436, "step": null, "ts": 1668986586.758492}]}, "version": 266}
{"obj": {"type": "LogFloats", "path": ["train", "accuracy"], "values": [{"value": 0.935, "step": null, "ts": 1668986586.758592}]}, "version": 267}
{"obj": {"type": "UploadFile", "path": ["train", "conf_matrix"], "ext": "png", "file_path": "/Users/cosmoremit/Documents/AcNice/credit-card-fraud-detection/resources/plots/train_conf_matrix.png", "clean_after_upload": false}, "version": 268}
{"obj": {"type": "UploadFile", "path": ["models"], "ext": "pkl", "file_path": "/Users/cosmoremit/Documents/AcNice/credit-card-fraud-detection/models/model.pkl", "clean_after_upload": false}, "version": 269}
{"obj": {"type": "AssignBool", "path": ["scaled"], "value": false}, "version": 270}
{"obj": {"type": "TrackFilesToArtifact", "path": ["train_dataset", "X_train"], "entries": [["data/features/X_train.csv", null]], "project_id": "810b60a5-0827-4211-a78d-b06e83b834ad"}, "version": 271}
{"obj": {"type": "TrackFilesToArtifact", "path": ["train_dataset", "y_train"], "entries": [["data/features/y_train.csv", null]], "project_id": "810b60a5-0827-4211-a78d-b06e83b834ad"}, "version": 272}
{"obj": {"type": "TrackFilesToArtifact", "path": ["train_dataset", "y_train"], "entries": [["notebooks/analysis.ipynb", null]], "project_id": "810b60a5-0827-4211-a78d-b06e83b834ad"}, "version": 273}
{"obj": {"type": "LogStrings", "path": ["monitoring", "stdout"], "values": [{"value": "Shutting down background jobs, please wait a moment...\n", "step": null, "ts": 1668986587.031306}]}, "version": 274}
